#
# There is insufficient memory for the Java Runtime Environment to continue.
# Native memory allocation (malloc) failed to allocate 782256 bytes for Chunk::new
# Possible reasons:
#   The system is out of physical RAM or swap space
#   The process is running with CompressedOops enabled, and the Java Heap may be blocking the growth of the native heap
# Possible solutions:
#   Reduce memory load on the system
#   Increase physical memory or swap space
#   Check if swap backing store is full
#   Decrease Java heap size (-Xmx/-Xms)
#   Decrease number of Java threads
#   Decrease Java thread stack sizes (-Xss)
#   Set larger code cache with -XX:ReservedCodeCacheSize=
#   JVM is running with Unscaled Compressed Oops mode in which the Java heap is
#     placed in the first 4GB address space. The Java Heap base address is the
#     maximum limit for the native heap growth. Please use -XX:HeapBaseMinAddress
#     to set the Java Heap base and to place the Java Heap above 4GB virtual address.
# This output file may be truncated or incomplete.
#
#  Out of Memory Error (allocation.cpp:389), pid=5524, tid=0x0000000000003268
#
# JRE version: OpenJDK Runtime Environment (8.0_242-b01) (build 1.8.0_242-release-1644-b01)
# Java VM: OpenJDK 64-Bit Server VM (25.242-b01 mixed mode windows-amd64 compressed oops)
# Failed to write core dump. Minidumps are not enabled by default on client versions of Windows
#

---------------  T H R E A D  ---------------

Current thread (0x0000000019654800):  JavaThread "C2 CompilerThread1" daemon [_thread_in_native, id=12904, stack(0x000000001a020000,0x000000001a120000)]

Stack: [0x000000001a020000,0x000000001a120000]
[error occurred during error reporting (printing stack bounds), id 0xc0000005]

Native frames: (J=compiled Java code, j=interpreted, Vv=VM code, C=native code)


Current CompileTask:
C2:   2243 1603       4       java.net.URLClassLoader$1::run (5 bytes)


---------------  P R O C E S S  ---------------

Java Threads: ( => current thread )
  0x000000001a764800 JavaThread "Cache worker for journal cache (C:\Users\Nguyen Hoang Thanh A\.gradle\caches\journal-1)" [_thread_blocked, id=4116, stack(0x000000001e640000,0x000000001e740000)]
  0x000000001a762000 JavaThread "File lock request listener" [_thread_in_native, id=9124, stack(0x000000001e340000,0x000000001e440000)]
  0x000000001b513000 JavaThread "Cache worker for file hash cache (C:\Users\Nguyen Hoang Thanh A\.gradle\caches\6.9\fileHashes)" [_thread_blocked, id=1932, stack(0x000000001e240000,0x000000001e340000)]
  0x000000001a9f6000 JavaThread "Daemon client event forwarder" [_thread_blocked, id=16420, stack(0x000000001df40000,0x000000001e040000)]
  0x000000001a9f4800 JavaThread "Stdin handler" [_thread_blocked, id=1076, stack(0x000000001de40000,0x000000001df40000)]
  0x000000001b843000 JavaThread "Asynchronous log dispatcher for DefaultDaemonConnection: socket connection from /127.0.0.1:54779 to /127.0.0.1:54780" [_thread_blocked, id=972, stack(0x000000001dc40000,0x000000001dd40000)]
  0x000000001c110800 JavaThread "Daemon worker" [_thread_in_vm, id=864, stack(0x000000001db40000,0x000000001dc40000)]
  0x000000001b5ca800 JavaThread "Cancel handler" [_thread_blocked, id=9388, stack(0x000000001da40000,0x000000001db40000)]
  0x000000001be67800 JavaThread "Handler for socket connection from /127.0.0.1:54779 to /127.0.0.1:54780" [_thread_in_native, id=7520, stack(0x000000001d940000,0x000000001da40000)]
  0x000000001be66800 JavaThread "Daemon" [_thread_blocked, id=10056, stack(0x000000001d840000,0x000000001d940000)]
  0x000000001c03d800 JavaThread "Daemon periodic checks" [_thread_blocked, id=3832, stack(0x000000001d540000,0x000000001d640000)]
  0x000000001befc000 JavaThread "Incoming local TCP Connector on port 54779" [_thread_in_native, id=9508, stack(0x000000001d300000,0x000000001d400000)]
  0x000000001bfac800 JavaThread "Daemon health stats" [_thread_blocked, id=14832, stack(0x000000001cec0000,0x000000001cfc0000)]
  0x00000000196f3800 JavaThread "Service Thread" daemon [_thread_blocked, id=16852, stack(0x000000001a320000,0x000000001a420000)]
  0x0000000019669800 JavaThread "C1 CompilerThread3" daemon [_thread_blocked, id=4584, stack(0x000000001a220000,0x000000001a320000)]
  0x0000000019658000 JavaThread "C2 CompilerThread2" daemon [_thread_in_native, id=1096, stack(0x000000001a120000,0x000000001a220000)]
=>0x0000000019654800 JavaThread "C2 CompilerThread1" daemon [_thread_in_native, id=12904, stack(0x000000001a020000,0x000000001a120000)]
  0x0000000019652000 JavaThread "C2 CompilerThread0" daemon [_thread_blocked, id=7924, stack(0x0000000019f20000,0x000000001a020000)]
  0x0000000019650000 JavaThread "Attach Listener" daemon [_thread_blocked, id=11820, stack(0x0000000019e20000,0x0000000019f20000)]
  0x000000001964f000 JavaThread "Signal Dispatcher" daemon [_thread_blocked, id=15752, stack(0x0000000019d20000,0x0000000019e20000)]
  0x00000000027de800 JavaThread "Finalizer" daemon [_thread_blocked, id=13260, stack(0x0000000019b20000,0x0000000019c20000)]
  0x00000000027d5000 JavaThread "Reference Handler" daemon [_thread_blocked, id=8160, stack(0x0000000019a20000,0x0000000019b20000)]
  0x00000000026e2800 JavaThread "main" [_thread_blocked, id=13316, stack(0x00000000025e0000,0x00000000026e0000)]

Other Threads:
  0x0000000017848800 VMThread [stack: 0x0000000019520000,0x0000000019620000] [id=7116]
  0x00000000196f4800 WatcherThread [stack: 0x000000001a420000,0x000000001a520000] [id=17320]

VM state:not at safepoint (normal execution)

VM Mutex/Monitor currently owned by a thread: None

heap address: 0x0000000080000000, size: 2048 MB, Compressed Oops mode: 32-bit
Narrow klass base: 0x0000000000000000, Narrow klass shift: 3
Compressed class space size: 1073741824 Address: 0x0000000100000000

Heap:
 PSYoungGen      total 38400K, used 32570K [0x00000000d5580000, 0x00000000d8000000, 0x0000000100000000)
  eden space 33280K, 82% used [0x00000000d5580000,0x00000000d7056938,0x00000000d7600000)
  from space 5120K, 99% used [0x00000000d7b00000,0x00000000d7ff8020,0x00000000d8000000)
  to   space 5120K, 0% used [0x00000000d7600000,0x00000000d7600000,0x00000000d7b00000)
 ParOldGen       total 87552K, used 2743K [0x0000000080000000, 0x0000000085580000, 0x00000000d5580000)
  object space 87552K, 3% used [0x0000000080000000,0x00000000802adf90,0x0000000085580000)
 Metaspace       used 16630K, capacity 17234K, committed 17408K, reserved 1064960K
  class space    used 2319K, capacity 2503K, committed 2560K, reserved 1048576K

Card table byte_map: [0x0000000011ba0000,0x0000000011fb0000] byte_map_base: 0x00000000117a0000

Marking Bits: (ParMarkBitMap*) 0x0000000060e6f030
 Begin Bits: [0x0000000012a60000, 0x0000000014a60000)
 End Bits:   [0x0000000014a60000, 0x0000000016a60000)

Polling page: 0x0000000000970000

CodeCache: size=245760Kb used=5688Kb max_used=5688Kb free=240071Kb
 bounds [0x00000000027e0000, 0x0000000002d80000, 0x00000000117e0000]
 total_blobs=2035 nmethods=1624 adapters=324
 compilation: enabled

Compilation events (10 events):
Event: 2.235 Thread 0x0000000019669800 1624       3       java.lang.invoke.InvokerBytecodeGenerator::isStaticallyInvocable (169 bytes)
Event: 2.237 Thread 0x0000000019669800 nmethod 1624 0x0000000002d6e050 code [0x0000000002d6e4c0, 0x0000000002d71578]
Event: 2.237 Thread 0x0000000019669800 1623       3       java.lang.invoke.LambdaForm$NamedFunction::member (26 bytes)
Event: 2.237 Thread 0x0000000019669800 nmethod 1623 0x0000000002d68950 code [0x0000000002d68aa0, 0x0000000002d68c10]
Event: 2.237 Thread 0x0000000019669800 1625       3       java.lang.Class::isAnonymousClass (10 bytes)
Event: 2.237 Thread 0x0000000019669800 nmethod 1625 0x0000000002d683d0 code [0x0000000002d68540, 0x0000000002d687f8]
Event: 2.237 Thread 0x0000000019669800 1626       3       java.lang.Class::isLocalClass (20 bytes)
Event: 2.238 Thread 0x0000000019669800 nmethod 1626 0x0000000002d6d650 code [0x0000000002d6d820, 0x0000000002d6de58]
Event: 2.238 Thread 0x0000000019669800 1627       3       java.lang.Class::isLocalOrAnonymousClass (13 bytes)
Event: 2.238 Thread 0x0000000019669800 nmethod 1627 0x0000000002d6d050 code [0x0000000002d6d1e0, 0x0000000002d6d4f8]

GC Heap History (8 events):
Event: 0.627 GC heap before
{Heap before GC invocations=1 (full 0):
 PSYoungGen      total 38400K, used 33280K [0x00000000d5580000, 0x00000000d8000000, 0x0000000100000000)
  eden space 33280K, 100% used [0x00000000d5580000,0x00000000d7600000,0x00000000d7600000)
  from space 5120K, 0% used [0x00000000d7b00000,0x00000000d7b00000,0x00000000d8000000)
  to   space 5120K, 0% used [0x00000000d7600000,0x00000000d7600000,0x00000000d7b00000)
 ParOldGen       total 87552K, used 0K [0x0000000080000000, 0x0000000085580000, 0x00000000d5580000)
  object space 87552K, 0% used [0x0000000080000000,0x0000000080000000,0x0000000085580000)
 Metaspace       used 7227K, capacity 7454K, committed 7680K, reserved 1056768K
  class space    used 889K, capacity 973K, committed 1024K, reserved 1048576K
Event: 0.632 GC heap after
Heap after GC invocations=1 (full 0):
 PSYoungGen      total 38400K, used 4538K [0x00000000d5580000, 0x00000000d8000000, 0x0000000100000000)
  eden space 33280K, 0% used [0x00000000d5580000,0x00000000d5580000,0x00000000d7600000)
  from space 5120K, 88% used [0x00000000d7600000,0x00000000d7a6ea58,0x00000000d7b00000)
  to   space 5120K, 0% used [0x00000000d7b00000,0x00000000d7b00000,0x00000000d8000000)
 ParOldGen       total 87552K, used 16K [0x0000000080000000, 0x0000000085580000, 0x00000000d5580000)
  object space 87552K, 0% used [0x0000000080000000,0x0000000080004000,0x0000000085580000)
 Metaspace       used 7227K, capacity 7454K, committed 7680K, reserved 1056768K
  class space    used 889K, capacity 973K, committed 1024K, reserved 1048576K
}
Event: 0.898 GC heap before
{Heap before GC invocations=2 (full 0):
 PSYoungGen      total 38400K, used 37818K [0x00000000d5580000, 0x00000000d8000000, 0x0000000100000000)
  eden space 33280K, 100% used [0x00000000d5580000,0x00000000d7600000,0x00000000d7600000)
  from space 5120K, 88% used [0x00000000d7600000,0x00000000d7a6ea58,0x00000000d7b00000)
  to   space 5120K, 0% used [0x00000000d7b00000,0x00000000d7b00000,0x00000000d8000000)
 ParOldGen       total 87552K, used 16K [0x0000000080000000, 0x0000000085580000, 0x00000000d5580000)
  object space 87552K, 0% used [0x0000000080000000,0x0000000080004000,0x0000000085580000)
 Metaspace       used 7451K, capacity 7646K, committed 7936K, reserved 1056768K
  class space    used 900K, capacity 973K, committed 1024K, reserved 1048576K
Event: 0.901 GC heap after
Heap after GC invocations=2 (full 0):
 PSYoungGen      total 38400K, used 3777K [0x00000000d5580000, 0x00000000d8000000, 0x0000000100000000)
  eden space 33280K, 0% used [0x00000000d5580000,0x00000000d5580000,0x00000000d7600000)
  from space 5120K, 73% used [0x00000000d7b00000,0x00000000d7eb05e8,0x00000000d8000000)
  to   space 5120K, 0% used [0x00000000d7600000,0x00000000d7600000,0x00000000d7b00000)
 ParOldGen       total 87552K, used 24K [0x0000000080000000, 0x0000000085580000, 0x00000000d5580000)
  object space 87552K, 0% used [0x0000000080000000,0x0000000080006000,0x0000000085580000)
 Metaspace       used 7451K, capacity 7646K, committed 7936K, reserved 1056768K
  class space    used 900K, capacity 973K, committed 1024K, reserved 1048576K
}
Event: 1.089 GC heap before
{Heap before GC invocations=3 (full 0):
 PSYoungGen      total 38400K, used 37057K [0x00000000d5580000, 0x00000000d8000000, 0x0000000100000000)
  eden space 33280K, 100% used [0x00000000d5580000,0x00000000d7600000,0x00000000d7600000)
  from space 5120K, 73% used [0x00000000d7b00000,0x00000000d7eb05e8,0x00000000d8000000)
  to   space 5120K, 0% used [0x00000000d7600000,0x00000000d7600000,0x00000000d7b00000)
 ParOldGen       total 87552K, used 24K [0x0000000080000000, 0x0000000085580000, 0x00000000d5580000)
  object space 87552K, 0% used [0x0000000080000000,0x0000000080006000,0x0000000085580000)
 Metaspace       used 9890K, capacity 10220K, committed 10368K, reserved 1058816K
  class space    used 1300K, capacity 1408K, committed 1408K, reserved 1048576K
Event: 1.094 GC heap after
Heap after GC invocations=3 (full 0):
 PSYoungGen      total 38400K, used 5104K [0x00000000d5580000, 0x00000000d8000000, 0x0000000100000000)
  eden space 33280K, 0% used [0x00000000d5580000,0x00000000d5580000,0x00000000d7600000)
  from space 5120K, 99% used [0x00000000d7600000,0x00000000d7afc010,0x00000000d7b00000)
  to   space 5120K, 0% used [0x00000000d7b00000,0x00000000d7b00000,0x00000000d8000000)
 ParOldGen       total 87552K, used 287K [0x0000000080000000, 0x0000000085580000, 0x00000000d5580000)
  object space 87552K, 0% used [0x0000000080000000,0x0000000080047fe0,0x0000000085580000)
 Metaspace       used 9890K, capacity 10220K, committed 10368K, reserved 1058816K
  class space    used 1300K, capacity 1408K, committed 1408K, reserved 1048576K
}
Event: 2.033 GC heap before
{Heap before GC invocations=4 (full 0):
 PSYoungGen      total 38400K, used 38384K [0x00000000d5580000, 0x00000000d8000000, 0x0000000100000000)
  eden space 33280K, 100% used [0x00000000d5580000,0x00000000d7600000,0x00000000d7600000)
  from space 5120K, 99% used [0x00000000d7600000,0x00000000d7afc010,0x00000000d7b00000)
  to   space 5120K, 0% used [0x00000000d7b00000,0x00000000d7b00000,0x00000000d8000000)
 ParOldGen       total 87552K, used 287K [0x0000000080000000, 0x0000000085580000, 0x00000000d5580000)
  object space 87552K, 0% used [0x0000000080000000,0x0000000080047fe0,0x0000000085580000)
 Metaspace       used 14108K, capacity 14574K, committed 14592K, reserved 1062912K
  class space    used 1921K, capacity 2031K, committed 2048K, reserved 1048576K
Event: 2.039 GC heap after
Heap after GC invocations=4 (full 0):
 PSYoungGen      total 38400K, used 5088K [0x00000000d5580000, 0x00000000d8000000, 0x0000000100000000)
  eden space 33280K, 0% used [0x00000000d5580000,0x00000000d5580000,0x00000000d7600000)
  from space 5120K, 99% used [0x00000000d7b00000,0x00000000d7ff8020,0x00000000d8000000)
  to   space 5120K, 0% used [0x00000000d7600000,0x00000000d7600000,0x00000000d7b00000)
 ParOldGen       total 87552K, used 2743K [0x0000000080000000, 0x0000000085580000, 0x00000000d5580000)
  object space 87552K, 3% used [0x0000000080000000,0x00000000802adf90,0x0000000085580000)
 Metaspace       used 14108K, capacity 14574K, committed 14592K, reserved 1062912K
  class space    used 1921K, capacity 2031K, committed 2048K, reserved 1048576K
}

Deoptimization events (10 events):
Event: 1.892 Thread 0x000000001c110800 Uncommon trap: reason=bimorphic action=maybe_recompile pc=0x0000000002a78fbc method=java.util.HashMap.putVal(ILjava/lang/Object;Ljava/lang/Object;ZZ)Ljava/lang/Object; @ 253
Event: 2.077 Thread 0x000000001c110800 Uncommon trap: reason=class_check action=maybe_recompile pc=0x0000000002b30c44 method=java.util.regex.Matcher.match(II)Z @ 86
Event: 2.088 Thread 0x000000001c110800 Uncommon trap: reason=class_check action=maybe_recompile pc=0x0000000002b30c44 method=java.util.regex.Matcher.match(II)Z @ 86
Event: 2.088 Thread 0x000000001c110800 Uncommon trap: reason=class_check action=maybe_recompile pc=0x0000000002b30c44 method=java.util.regex.Matcher.match(II)Z @ 86
Event: 2.088 Thread 0x000000001c110800 Uncommon trap: reason=class_check action=maybe_recompile pc=0x0000000002991160 method=java.util.regex.Matcher.match(II)Z @ 86
Event: 2.140 Thread 0x000000001c110800 Uncommon trap: reason=unstable_if action=reinterpret pc=0x0000000002b33858 method=java.io.File.getName()Ljava/lang/String; @ 16
Event: 2.201 Thread 0x000000001c110800 Uncommon trap: reason=unstable_if action=reinterpret pc=0x0000000002d4633c method=jdk.internal.org.objectweb.asm.Type.getArgumentsAndReturnSizes(Ljava/lang/String;)I @ 88
Event: 2.207 Thread 0x000000001c110800 Uncommon trap: reason=unstable_if action=reinterpret pc=0x0000000002a702fc method=java.util.HashMap.getNode(ILjava/lang/Object;)Ljava/util/HashMap$Node; @ 129
Event: 2.207 Thread 0x000000001c110800 Uncommon trap: reason=bimorphic action=maybe_recompile pc=0x0000000002cc62d0 method=java.util.HashMap.putVal(ILjava/lang/Object;Ljava/lang/Object;ZZ)Ljava/lang/Object; @ 203
Event: 2.207 Thread 0x000000001c110800 Uncommon trap: reason=unstable_if action=reinterpret pc=0x0000000002a63850 method=java.util.HashMap.getNode(ILjava/lang/Object;)Ljava/util/HashMap$Node; @ 129

Classes redefined (0 events):
No events

Internal exceptions (10 events):
Event: 1.866 Thread 0x000000001be67800 Exception <a 'java/lang/NoSuchMethodError': <clinit>> (0x00000000d5be5408) thrown at [C:\src\AOSP-openjdk-git\hotspot\src\share\vm\prims\jni.cpp, line 1615]
Event: 1.873 Thread 0x000000001be67800 Exception <a 'java/lang/NoSuchMethodError': <clinit>> (0x00000000d5c59ab8) thrown at [C:\src\AOSP-openjdk-git\hotspot\src\share\vm\prims\jni.cpp, line 1615]
Event: 1.875 Thread 0x000000001be67800 Exception <a 'java/lang/NoSuchMethodError': <clinit>> (0x00000000d5c89b88) thrown at [C:\src\AOSP-openjdk-git\hotspot\src\share\vm\prims\jni.cpp, line 1615]
Event: 1.877 Thread 0x000000001be67800 Exception <a 'java/lang/NoSuchMethodError': <clinit>> (0x00000000d5cb8540) thrown at [C:\src\AOSP-openjdk-git\hotspot\src\share\vm\prims\jni.cpp, line 1615]
Event: 2.009 Thread 0x000000001c110800 Exception <a 'java/lang/NoSuchMethodError': java.lang.Object.lambda$static$0(Lorg/gradle/internal/state/ModelObject;)Ljava/lang/String;> (0x00000000d7095f80) thrown at [C:\src\AOSP-openjdk-git\hotspot\src\share\vm\interpreter\linkResolver.cpp, line 620]
Event: 2.071 Thread 0x000000001c110800 Exception <a 'java/lang/IncompatibleClassChangeError': Found class java.lang.Object, but interface was expected> (0x00000000d5c6e430) thrown at [C:\src\AOSP-openjdk-git\hotspot\src\share\vm\interpreter\linkResolver.cpp, line 653]
Event: 2.173 Thread 0x000000001c110800 Exception <a 'java/lang/NoSuchMethodError': java.lang.Object.lambda$and$0(Ljava/util/function/Predicate;Ljava/lang/Object;)Z> (0x00000000d66fa4c0) thrown at [C:\src\AOSP-openjdk-git\hotspot\src\share\vm\interpreter\linkResolver.cpp, line 620]
Event: 2.176 Thread 0x000000001c110800 Exception <a 'java/lang/IncompatibleClassChangeError': Found class java.lang.Object, but interface was expected> (0x00000000d670a850) thrown at [C:\src\AOSP-openjdk-git\hotspot\src\share\vm\interpreter\linkResolver.cpp, line 653]
Event: 2.177 Thread 0x000000001c110800 Exception <a 'java/lang/NoSuchMethodError': java.lang.Object.lambda$or$2(Ljava/util/function/Predicate;Ljava/lang/Object;)Z> (0x00000000d670f560) thrown at [C:\src\AOSP-openjdk-git\hotspot\src\share\vm\interpreter\linkResolver.cpp, line 620]
Event: 2.200 Thread 0x000000001c110800 Exception <a 'java/lang/NoSuchMethodError': java.lang.Object.lambda$comparing$77a9974f$1(Ljava/util/function/Function;Ljava/lang/Object;Ljava/lang/Object;)I> (0x00000000d6b3af98) thrown at [C:\src\AOSP-openjdk-git\hotspot\src\share\vm\interpreter\linkReso

Events (10 events):
Event: 2.240 loading class org/gradle/api/Project
Event: 2.240 loading class org/gradle/api/Project done
Event: 2.241 loading class org/gradle/api/internal/project/ProjectIdentifier
Event: 2.241 loading class org/gradle/api/internal/project/ProjectIdentifier done
Event: 2.241 loading class org/gradle/api/internal/file/HasScriptServices
Event: 2.241 loading class org/gradle/api/internal/file/HasScriptServices done
Event: 2.241 loading class org/gradle/api/internal/DomainObjectContext
Event: 2.241 loading class org/gradle/api/internal/DomainObjectContext done
Event: 2.241 loading class org/gradle/model/internal/registry/ModelRegistryScope
Event: 2.241 loading class org/gradle/model/internal/registry/ModelRegistryScope done


Dynamic libraries:
0x00007ff7012b0000 - 0x00007ff7012e1000 	C:\Program Files\Android\Android Studio\jre\bin\java.exe
0x00007ffbb3390000 - 0x00007ffbb3585000 	C:\WINDOWS\SYSTEM32\ntdll.dll
0x00007ffbac250000 - 0x00007ffbac265000 	C:\Program Files\Avast Software\Avast\aswhook.dll
0x00007ffbb1ce0000 - 0x00007ffbb1d9e000 	C:\WINDOWS\System32\KERNEL32.DLL
0x00007ffbb0fb0000 - 0x00007ffbb1279000 	C:\WINDOWS\System32\KERNELBASE.dll
0x00007ffbb1c30000 - 0x00007ffbb1cdc000 	C:\WINDOWS\System32\ADVAPI32.dll
0x00007ffbb1b20000 - 0x00007ffbb1bbe000 	C:\WINDOWS\System32\msvcrt.dll
0x00007ffbb1da0000 - 0x00007ffbb1e3b000 	C:\WINDOWS\System32\sechost.dll
0x00007ffbb24b0000 - 0x00007ffbb25da000 	C:\WINDOWS\System32\RPCRT4.dll
0x00007ffbb1e50000 - 0x00007ffbb1ff1000 	C:\WINDOWS\System32\USER32.dll
0x00007ffbb1310000 - 0x00007ffbb1332000 	C:\WINDOWS\System32\win32u.dll
0x00007ffbb2000000 - 0x00007ffbb202b000 	C:\WINDOWS\System32\GDI32.dll
0x00007ffbb0b60000 - 0x00007ffbb0c6b000 	C:\WINDOWS\System32\gdi32full.dll
0x00007ffbb1340000 - 0x00007ffbb13dd000 	C:\WINDOWS\System32\msvcp_win.dll
0x00007ffbb0dd0000 - 0x00007ffbb0ed0000 	C:\WINDOWS\System32\ucrtbase.dll
0x00007ffb9c790000 - 0x00007ffb9ca2a000 	C:\WINDOWS\WinSxS\amd64_microsoft.windows.common-controls_6595b64144ccf1df_6.0.19041.1110_none_60b5254171f9507e\COMCTL32.dll
0x00007ffbb1af0000 - 0x00007ffbb1b20000 	C:\WINDOWS\System32\IMM32.DLL
0x00000000604e0000 - 0x00000000605b2000 	C:\Program Files\Android\Android Studio\jre\jre\bin\msvcr100.dll
0x00000000606a0000 - 0x0000000060eeb000 	C:\Program Files\Android\Android Studio\jre\jre\bin\server\jvm.dll
0x00007ffbb1e40000 - 0x00007ffbb1e48000 	C:\WINDOWS\System32\PSAPI.DLL
0x00007ffb9b620000 - 0x00007ffb9b647000 	C:\WINDOWS\SYSTEM32\WINMM.dll
0x00007ffb9cc70000 - 0x00007ffb9cc79000 	C:\WINDOWS\SYSTEM32\WSOCK32.dll
0x00007ffbaf890000 - 0x00007ffbaf89a000 	C:\WINDOWS\SYSTEM32\VERSION.dll
0x00007ffbb27f0000 - 0x00007ffbb285b000 	C:\WINDOWS\System32\WS2_32.dll
0x00007ffbaddd0000 - 0x00007ffbadddf000 	C:\Program Files\Android\Android Studio\jre\jre\bin\verify.dll
0x00007ffbac000000 - 0x00007ffbac029000 	C:\Program Files\Android\Android Studio\jre\jre\bin\java.dll
0x00007ffbac0c0000 - 0x00007ffbac0d6000 	C:\Program Files\Android\Android Studio\jre\jre\bin\zip.dll
0x00007ffbb28e0000 - 0x00007ffbb301f000 	C:\WINDOWS\System32\SHELL32.dll
0x00007ffbae640000 - 0x00007ffbaedd0000 	C:\WINDOWS\SYSTEM32\windows.storage.dll
0x00007ffbb1790000 - 0x00007ffbb1ae5000 	C:\WINDOWS\System32\combase.dll
0x00007ffbb0430000 - 0x00007ffbb045c000 	C:\WINDOWS\SYSTEM32\Wldp.dll
0x00007ffbb25e0000 - 0x00007ffbb268d000 	C:\WINDOWS\System32\SHCORE.dll
0x00007ffbb1570000 - 0x00007ffbb15c5000 	C:\WINDOWS\System32\shlwapi.dll
0x00007ffbb09f0000 - 0x00007ffbb0a0f000 	C:\WINDOWS\SYSTEM32\profapi.dll
0x00007ffbac060000 - 0x00007ffbac07a000 	C:\Program Files\Android\Android Studio\jre\jre\bin\net.dll
0x00007ffbb0190000 - 0x00007ffbb01fa000 	C:\WINDOWS\system32\mswsock.dll
0x00007ffbabfe0000 - 0x00007ffbabff3000 	C:\Program Files\Android\Android Studio\jre\jre\bin\nio.dll
0x00007ffb9e580000 - 0x00007ffb9e5a7000 	C:\Users\Nguyen Hoang Thanh A\.gradle\native\49d0259a56938c7f99b2704e745ce422c4f750a7a20b539a32ccef96729676b1\windows-amd64\native-platform.dll
0x00007ffb78270000 - 0x00007ffb78406000 	C:\Users\Nguyen Hoang Thanh A\.gradle\native\12488b8bf47d2d4c9fbf2f6322a914ad602e24e48041cd04a747c6da556b65c4\windows-amd64\native-platform-file-events.dll
0x00007ffbac0f0000 - 0x00007ffbac0fd000 	C:\Program Files\Android\Android Studio\jre\jre\bin\management.dll
0x00007ffbb0390000 - 0x00007ffbb03a8000 	C:\WINDOWS\SYSTEM32\CRYPTSP.dll
0x00007ffbafb10000 - 0x00007ffbafb44000 	C:\WINDOWS\system32\rsaenh.dll
0x00007ffbb0f30000 - 0x00007ffbb0f57000 	C:\WINDOWS\System32\bcrypt.dll
0x00007ffbb09b0000 - 0x00007ffbb09de000 	C:\WINDOWS\SYSTEM32\USERENV.dll
0x00007ffbb1280000 - 0x00007ffbb1303000 	C:\WINDOWS\System32\bcryptprimitives.dll
0x00007ffbb0380000 - 0x00007ffbb038c000 	C:\WINDOWS\SYSTEM32\CRYPTBASE.dll
0x00007ffbafe80000 - 0x00007ffbafebb000 	C:\WINDOWS\SYSTEM32\IPHLPAPI.DLL
0x00007ffbb1bc0000 - 0x00007ffbb1bc8000 	C:\WINDOWS\System32\NSI.dll
0x00007ffba7780000 - 0x00007ffba7797000 	C:\WINDOWS\SYSTEM32\dhcpcsvc6.DLL
0x00007ffba7760000 - 0x00007ffba777d000 	C:\WINDOWS\SYSTEM32\dhcpcsvc.DLL
0x00007ffbafec0000 - 0x00007ffbaff8c000 	C:\WINDOWS\SYSTEM32\DNSAPI.dll

VM Arguments:
jvm_args: -Xmx2048m -Dfile.encoding=windows-1252 -Duser.country=US -Duser.language=en -Duser.variant 
java_command: org.gradle.launcher.daemon.bootstrap.GradleDaemon 6.9
java_class_path (initial): C:\Users\Nguyen Hoang Thanh A\.gradle\wrapper\dists\gradle-6.9-all\dooywd8nv05k16orzxge2b1bs\gradle-6.9\lib\gradle-launcher-6.9.jar
Launcher Type: SUN_STANDARD

Environment Variables:
PATH=E:\software\bin\;C:\Program Files (x86)\Common Files\Oracle\Java\javapath;C:\Program Files (x86)\Intel\Intel(R) Management Engine Components\iCLS\;C:\Program Files\Intel\Intel(R) Management Engine Components\iCLS\;C:\WINDOWS\system32;C:\WINDOWS;C:\WINDOWS\System32\Wbem;C:\WINDOWS\System32\WindowsPowerShell\v1.0\;C:\Program Files (x86)\Intel\Intel(R) Management Engine Components\DAL;C:\Program Files\Intel\Intel(R) Management Engine Components\DAL;C:\Program Files (x86)\Intel\Intel(R) Management Engine Components\IPT;C:\Program Files\Intel\Intel(R) Management Engine Components\IPT;C:\WINDOWS\System32\OpenSSH\;C:\Program Files\Microsoft SQL Server\130\Tools\Binn\;C:\Program Files\dotnet\;C:\Windows\system32;C:\Program Files\nodejs\;C:\Program Files\Docker\Docker\resources\bin;C:\ProgramData\DockerDesktop\version-bin;C:\Program Files\Git\cmd;C:\Program Files (x86)\dotnet\;C:\Ruby26-x64\bin;C:\Users\Nguyen Hoang Thanh A\AppData\Local\Programs\Python\Python38-32\Scripts\;C:\Users\Nguyen Hoang Thanh A\AppData\Local\Programs\Python\Python38-32\;C:\Users\Nguyen Hoang Thanh A\AppData\Local\Microsoft\WindowsApps;C:\Users\Nguyen Hoang Thanh A\AppData\Roaming\npm;C:\Users\Nguyen Hoang Thanh A\AppData\Local\GitHubDesktop\bin;C:\src\flutter\bin;
USERNAME=Nguyen Hoang Thanh A
OS=Windows_NT
PROCESSOR_IDENTIFIER=Intel64 Family 6 Model 142 Stepping 10, GenuineIntel



---------------  S Y S T E M  ---------------

OS: Windows 10.0 , 64 bit Build 19041 (10.0.19041.1202)

CPU:total 8 (initial active 8) (4 cores per cpu, 2 threads per core) family 6 model 142 stepping 10, cmov, cx8, fxsr, mmx, sse, sse2, sse3, ssse3, sse4.1, sse4.2, popcnt, avx, avx2, aes, clmul, erms, 3dnowpref, lzcnt, ht, tsc, tscinvbit, bmi1, bmi2, adx

Memory: 4k page, physical 8283864k(680620k free), swap 14427864k(5156k free)

vm_info: OpenJDK 64-Bit Server VM (25.242-b01) for windows-amd64 JRE (1.8.0_242-release-1644-b01), built by "builder" with MS VC++ 10.0 (VS2010)

time: Wed Oct 20 14:25:52 2021
timezone: SE Asia Standard Time
elapsed time: 2 seconds (0d 0h 0m 2s)

