#
# There is insufficient memory for the Java Runtime Environment to continue.
# Native memory allocation (mmap) failed to map 325058560 bytes for Failed to commit area from 0x0000000093600000 to 0x00000000a6c00000 of length 325058560.
# Possible reasons:
#   The system is out of physical RAM or swap space
#   The process is running with CompressedOops enabled, and the Java Heap may be blocking the growth of the native heap
# Possible solutions:
#   Reduce memory load on the system
#   Increase physical memory or swap space
#   Check if swap backing store is full
#   Decrease Java heap size (-Xmx/-Xms)
#   Decrease number of Java threads
#   Decrease Java thread stack sizes (-Xss)
#   Set larger code cache with -XX:ReservedCodeCacheSize=
#   JVM is running with Unscaled Compressed Oops mode in which the Java heap is
#     placed in the first 4GB address space. The Java Heap base address is the
#     maximum limit for the native heap growth. Please use -XX:HeapBaseMinAddress
#     to set the Java Heap base and to place the Java Heap above 4GB virtual address.
# This output file may be truncated or incomplete.
#
#  Out of Memory Error (./src/hotspot/os/windows/os_windows.cpp:3301), pid=23860, tid=21032
#
# JRE version: OpenJDK Runtime Environment (11.0.10) (build 11.0.10+0-b96-7249189)
# Java VM: OpenJDK 64-Bit Server VM (11.0.10+0-b96-7249189, mixed mode, tiered, compressed oops, g1 gc, windows-amd64)
# No core dump will be written. Minidumps are not enabled by default on client versions of Windows
#

---------------  S U M M A R Y ------------

Command Line: --add-opens=java.base/java.util=ALL-UNNAMED --add-opens=java.base/java.lang=ALL-UNNAMED --add-opens=java.base/java.lang.invoke=ALL-UNNAMED --add-opens=java.base/java.util=ALL-UNNAMED --add-opens=java.prefs/java.util.prefs=ALL-UNNAMED --add-opens=java.prefs/java.util.prefs=ALL-UNNAMED --add-opens=java.base/java.nio.charset=ALL-UNNAMED --add-opens=java.base/java.net=ALL-UNNAMED --add-opens=java.base/java.util.concurrent.atomic=ALL-UNNAMED -Xmx2048m -Dfile.encoding=UTF-8 -Duser.country=US -Duser.language=en -Duser.variant org.gradle.launcher.daemon.bootstrap.GradleDaemon 7.0.2

Host: Intel(R) Core(TM) i7-8550U CPU @ 1.80GHz, 8 cores, 7G,  Windows 10 , 64 bit Build 19041 (10.0.19041.1348)
Time: Wed Dec  1 09:27:59 2021 SE Asia Standard Time elapsed time: 18.599687 seconds (0d 0h 0m 18s)

---------------  T H R E A D  ---------------

Current thread (0x0000022b1fab6800):  VMThread "VM Thread" [stack: 0x0000006b1e100000,0x0000006b1e200000] [id=21032]

Stack: [0x0000006b1e100000,0x0000006b1e200000]
[error occurred during error reporting (printing stack bounds), id 0xc0000005, EXCEPTION_ACCESS_VIOLATION (0xc0000005) at pc=0x0000022b09130f2d]

Native frames: (J=compiled Java code, j=interpreted, Vv=VM code, C=native code)
V  [jvm.dll+0x5ecfaa]
V  [jvm.dll+0x722bd5]
V  [jvm.dll+0x72412d]
V  [jvm.dll+0x724745]
V  [jvm.dll+0x7246fb]
V  [jvm.dll+0x5ec348]
V  [jvm.dll+0x5ecad8]
C  [ntdll.dll+0xa20cf]
C  [ntdll.dll+0x51454]
C  [ntdll.dll+0xa0bfe]
C  0x0000022b09130f2d

VM_Operation (0x0000006b22bfb530): G1CollectForAllocation, mode: safepoint, requested by thread 0x0000022b282a7000


---------------  P R O C E S S  ---------------

Threads class SMR info:
_java_thread_list=0x0000022b2bd36900, length=75, elements={
0x0000022b05643800, 0x0000022b1fab8800, 0x0000022b1fac4000, 0x0000022b20436000,
0x0000022b20438000, 0x0000022b20439000, 0x0000022b2043e800, 0x0000022b1fad9000,
0x0000022b1fadd800, 0x0000022b20589000, 0x0000022b2260b000, 0x0000022b20676800,
0x0000022b237c1800, 0x0000022b22633000, 0x0000022b219e2000, 0x0000022b2283a800,
0x0000022b22949800, 0x0000022b22755800, 0x0000022b2263c000, 0x0000022b22a3d000,
0x0000022b22a3a800, 0x0000022b22a37000, 0x0000022b22cbb000, 0x0000022b22a3b800,
0x0000022b22a39800, 0x0000022b22a3c000, 0x0000022b22a3e000, 0x0000022b22a38000,
0x0000022b22a39000, 0x0000022b23d89000, 0x0000022b2306d800, 0x0000022b23d83000,
0x0000022b23d88000, 0x0000022b23d89800, 0x0000022b23d84000, 0x0000022b23d86800,
0x0000022b23d87800, 0x0000022b23d85000, 0x0000022b23d90800, 0x0000022b23d91000,
0x0000022b23d8d000, 0x0000022b23d8b800, 0x0000022b23d8e000, 0x0000022b23d8f800,
0x0000022b23d8e800, 0x0000022b23d92000, 0x0000022b23d8c000, 0x0000022b23fd6800,
0x0000022b23fd2800, 0x0000022b23fd7800, 0x0000022b23fd1800, 0x0000022b23fd9000,
0x0000022b23fd3000, 0x0000022b23fd9800, 0x0000022b23fd4000, 0x0000022b23fda800,
0x0000022b23fd5000, 0x0000022b23fde800, 0x0000022b23fdf800, 0x0000022b23fdc000,
0x0000022b23fe0800, 0x0000022b23fdb800, 0x0000022b23fdd000, 0x0000022b282a7000,
0x0000022b282a5800, 0x0000022b282a8800, 0x0000022b282ac000, 0x0000022b282a6000,
0x0000022b282ab000, 0x0000022b282a8000, 0x0000022b282a9800, 0x0000022b282aa800,
0x0000022b28d4b000, 0x0000022b28d4c000, 0x0000022b28d49800
}

Java Threads: ( => current thread )
  0x0000022b05643800 JavaThread "main" [_thread_blocked, id=1196, stack(0x0000006b1db00000,0x0000006b1dc00000)]
  0x0000022b1fab8800 JavaThread "Reference Handler" daemon [_thread_blocked, id=16640, stack(0x0000006b1e200000,0x0000006b1e300000)]
  0x0000022b1fac4000 JavaThread "Finalizer" daemon [_thread_blocked, id=21672, stack(0x0000006b1e300000,0x0000006b1e400000)]
  0x0000022b20436000 JavaThread "Signal Dispatcher" daemon [_thread_blocked, id=17640, stack(0x0000006b1e400000,0x0000006b1e500000)]
  0x0000022b20438000 JavaThread "Attach Listener" daemon [_thread_blocked, id=13796, stack(0x0000006b1e500000,0x0000006b1e600000)]
  0x0000022b20439000 JavaThread "Service Thread" daemon [_thread_blocked, id=6660, stack(0x0000006b1e600000,0x0000006b1e700000)]
  0x0000022b2043e800 JavaThread "C2 CompilerThread0" daemon [_thread_blocked, id=14180, stack(0x0000006b1e700000,0x0000006b1e800000)]
  0x0000022b1fad9000 JavaThread "C1 CompilerThread0" daemon [_thread_blocked, id=23308, stack(0x0000006b1e800000,0x0000006b1e900000)]
  0x0000022b1fadd800 JavaThread "Sweeper thread" daemon [_thread_blocked, id=4168, stack(0x0000006b1e900000,0x0000006b1ea00000)]
  0x0000022b20589000 JavaThread "Common-Cleaner" daemon [_thread_blocked, id=21072, stack(0x0000006b1ea00000,0x0000006b1eb00000)]
  0x0000022b2260b000 JavaThread "Daemon health stats" [_thread_blocked, id=4988, stack(0x0000006b1f000000,0x0000006b1f100000)]
  0x0000022b20676800 JavaThread "Incoming local TCP Connector on port 52213" [_thread_in_native, id=15108, stack(0x0000006b1ec00000,0x0000006b1ed00000)]
  0x0000022b237c1800 JavaThread "Daemon periodic checks" [_thread_blocked, id=5244, stack(0x0000006b1f500000,0x0000006b1f600000)]
  0x0000022b22633000 JavaThread "Daemon" [_thread_blocked, id=12616, stack(0x0000006b1f600000,0x0000006b1f700000)]
  0x0000022b219e2000 JavaThread "Handler for socket connection from /127.0.0.1:52213 to /127.0.0.1:52214" [_thread_in_native, id=5524, stack(0x0000006b1f700000,0x0000006b1f800000)]
  0x0000022b2283a800 JavaThread "Cancel handler" [_thread_blocked, id=17780, stack(0x0000006b1f800000,0x0000006b1f900000)]
  0x0000022b22949800 JavaThread "Daemon worker" [_thread_blocked, id=18576, stack(0x0000006b1f900000,0x0000006b1fa00000)]
  0x0000022b22755800 JavaThread "Asynchronous log dispatcher for DefaultDaemonConnection: socket connection from /127.0.0.1:52213 to /127.0.0.1:52214" [_thread_blocked, id=24104, stack(0x0000006b1fa00000,0x0000006b1fb00000)]
  0x0000022b2263c000 JavaThread "Stdin handler" [_thread_blocked, id=12052, stack(0x0000006b1fb00000,0x0000006b1fc00000)]
  0x0000022b22a3d000 JavaThread "Daemon client event forwarder" [_thread_blocked, id=13668, stack(0x0000006b1fc00000,0x0000006b1fd00000)]
  0x0000022b22a3a800 JavaThread "Cache worker for file hash cache (C:\Users\AnNHT_XDSNViDai\.gradle\caches\7.0.2\fileHashes)" [_thread_blocked, id=16704, stack(0x0000006b1ff00000,0x0000006b20000000)]
  0x0000022b22a37000 JavaThread "File lock request listener" [_thread_in_native, id=17576, stack(0x0000006b20000000,0x0000006b20100000)]
  0x0000022b22cbb000 JavaThread "C2 CompilerThread1" daemon [_thread_in_native, id=10560, stack(0x0000006b20200000,0x0000006b20300000)]
  0x0000022b22a3b800 JavaThread "Cache worker for journal cache (C:\Users\AnNHT_XDSNViDai\.gradle\caches\journal-1)" [_thread_blocked, id=5040, stack(0x0000006b20300000,0x0000006b20400000)]
  0x0000022b22a39800 JavaThread "Cache worker for file hash cache (E:\AndroidStudioProject\AnNHT2_AdvanceAndroid_Day6_Component2\.gradle\7.0.2\fileHashes)" [_thread_blocked, id=14072, stack(0x0000006b20400000,0x0000006b20500000)]
  0x0000022b22a3c000 JavaThread "File watcher server" daemon [_thread_blocked, id=9592, stack(0x0000006b20500000,0x0000006b20600000)]
  0x0000022b22a3e000 JavaThread "File watcher consumer" daemon [_thread_blocked, id=2240, stack(0x0000006b20600000,0x0000006b20700000)]
  0x0000022b22a38000 JavaThread "Cache worker for checksums cache (E:\AndroidStudioProject\AnNHT2_AdvanceAndroid_Day6_Component2\.gradle\checksums)" [_thread_blocked, id=5824, stack(0x0000006b20700000,0x0000006b20800000)]
  0x0000022b22a39000 JavaThread "Cache worker for cache directory md-supplier (C:\Users\AnNHT_XDSNViDai\.gradle\caches\7.0.2\md-supplier)" [_thread_blocked, id=5044, stack(0x0000006b20800000,0x0000006b20900000)]
  0x0000022b23d89000 JavaThread "Cache worker for cache directory md-rule (C:\Users\AnNHT_XDSNViDai\.gradle\caches\7.0.2\md-rule)" [_thread_blocked, id=13452, stack(0x0000006b20900000,0x0000006b20a00000)]
  0x0000022b2306d800 JavaThread "C2 CompilerThread2" daemon [_thread_blocked, id=6344, stack(0x0000006b20a00000,0x0000006b20b00000)]
  0x0000022b23d83000 JavaThread "Cache worker for execution history cache (C:\Users\AnNHT_XDSNViDai\.gradle\caches\7.0.2\executionHistory)" [_thread_blocked, id=13488, stack(0x0000006b20b00000,0x0000006b20c00000)]
  0x0000022b23d88000 JavaThread "jar transforms" [_thread_blocked, id=14652, stack(0x0000006b20c00000,0x0000006b20d00000)]
  0x0000022b23d89800 JavaThread "jar transforms Thread 2" [_thread_blocked, id=9424, stack(0x0000006b20d00000,0x0000006b20e00000)]
  0x0000022b23d84000 JavaThread "Cache worker for file content cache (C:\Users\AnNHT_XDSNViDai\.gradle\caches\7.0.2\fileContent)" [_thread_blocked, id=8680, stack(0x0000006b20e00000,0x0000006b20f00000)]
  0x0000022b23d86800 JavaThread "Cache worker for dependencies-accessors (E:\AndroidStudioProject\AnNHT2_AdvanceAndroid_Day6_Component2\.gradle\7.0.2\dependencies-accessors)" [_thread_blocked, id=24256, stack(0x0000006b20f00000,0x0000006b21000000)]
  0x0000022b23d87800 JavaThread "jar transforms Thread 3" [_thread_blocked, id=7268, stack(0x0000006b21000000,0x0000006b21100000)]
  0x0000022b23d85000 JavaThread "Cache worker for Build Output Cleanup Cache (E:\AndroidStudioProject\AnNHT2_AdvanceAndroid_Day6_Component2\.gradle\buildOutputCleanup)" [_thread_blocked, id=24108, stack(0x0000006b21100000,0x0000006b21200000)]
  0x0000022b23d90800 JavaThread "Build operations" [_thread_blocked, id=10676, stack(0x0000006b21200000,0x0000006b21300000)]
  0x0000022b23d91000 JavaThread "Build operations Thread 2" [_thread_blocked, id=21120, stack(0x0000006b21300000,0x0000006b21400000)]
  0x0000022b23d8d000 JavaThread "Build operations Thread 3" [_thread_blocked, id=7348, stack(0x0000006b21400000,0x0000006b21500000)]
  0x0000022b23d8b800 JavaThread "Build operations Thread 4" [_thread_blocked, id=15828, stack(0x0000006b21500000,0x0000006b21600000)]
  0x0000022b23d8e000 JavaThread "Build operations Thread 5" [_thread_blocked, id=14768, stack(0x0000006b21600000,0x0000006b21700000)]
  0x0000022b23d8f800 JavaThread "Build operations Thread 6" [_thread_blocked, id=17060, stack(0x0000006b21700000,0x0000006b21800000)]
  0x0000022b23d8e800 JavaThread "Build operations Thread 7" [_thread_blocked, id=22904, stack(0x0000006b21800000,0x0000006b21900000)]
  0x0000022b23d92000 JavaThread "Build operations Thread 8" [_thread_blocked, id=5460, stack(0x0000006b21900000,0x0000006b21a00000)]
  0x0000022b23d8c000 JavaThread "jar transforms Thread 4" [_thread_blocked, id=17140, stack(0x0000006b21a00000,0x0000006b21b00000)]
  0x0000022b23fd6800 JavaThread "jar transforms Thread 5" [_thread_blocked, id=4516, stack(0x0000006b21b00000,0x0000006b21c00000)]
  0x0000022b23fd2800 JavaThread "jar transforms Thread 6" [_thread_blocked, id=20356, stack(0x0000006b21c00000,0x0000006b21d00000)]
  0x0000022b23fd7800 JavaThread "jar transforms Thread 7" [_thread_blocked, id=16448, stack(0x0000006b21d00000,0x0000006b21e00000)]
  0x0000022b23fd1800 JavaThread "jar transforms Thread 8" [_thread_blocked, id=19552, stack(0x0000006b21e00000,0x0000006b21f00000)]
  0x0000022b23fd9000 JavaThread "Memory manager" [_thread_blocked, id=23332, stack(0x0000006b21f00000,0x0000006b22000000)]
  0x0000022b23fd3000 JavaThread "build event listener" [_thread_blocked, id=7464, stack(0x0000006b22000000,0x0000006b22100000)]
  0x0000022b23fd9800 JavaThread "pool-3-thread-1" [_thread_blocked, id=24356, stack(0x0000006b22100000,0x0000006b22200000)]
  0x0000022b23fd4000 JavaThread "build event listener" [_thread_blocked, id=21680, stack(0x0000006b22200000,0x0000006b22300000)]
  0x0000022b23fda800 JavaThread "Execution worker for ':'" [_thread_blocked, id=18108, stack(0x0000006b22300000,0x0000006b22400000)]
  0x0000022b23fd5000 JavaThread "Execution worker for ':' Thread 2" [_thread_blocked, id=8696, stack(0x0000006b22400000,0x0000006b22500000)]
  0x0000022b23fde800 JavaThread "Execution worker for ':' Thread 3" [_thread_blocked, id=484, stack(0x0000006b22500000,0x0000006b22600000)]
  0x0000022b23fdf800 JavaThread "Execution worker for ':' Thread 4" [_thread_blocked, id=16584, stack(0x0000006b22600000,0x0000006b22700000)]
  0x0000022b23fdc000 JavaThread "Execution worker for ':' Thread 5" [_thread_blocked, id=7628, stack(0x0000006b22700000,0x0000006b22800000)]
  0x0000022b23fe0800 JavaThread "Execution worker for ':' Thread 6" [_thread_blocked, id=16612, stack(0x0000006b22800000,0x0000006b22900000)]
  0x0000022b23fdb800 JavaThread "Execution worker for ':' Thread 7" [_thread_blocked, id=2096, stack(0x0000006b22900000,0x0000006b22a00000)]
  0x0000022b23fdd000 JavaThread "Cache worker for execution history cache (E:\AndroidStudioProject\AnNHT2_AdvanceAndroid_Day6_Component2\.gradle\7.0.2\executionHistory)" [_thread_blocked, id=9308, stack(0x0000006b22a00000,0x0000006b22b00000)]
  0x0000022b282a7000 JavaThread "WorkerExecutor Queue" [_thread_blocked, id=1676, stack(0x0000006b22b00000,0x0000006b22c00000)]
  0x0000022b282a5800 JavaThread "WorkerExecutor Queue Thread 2" [_thread_blocked, id=17884, stack(0x0000006b22c00000,0x0000006b22d00000)]
  0x0000022b282a8800 JavaThread "WorkerExecutor Queue Thread 3" [_thread_blocked, id=9112, stack(0x0000006b22d00000,0x0000006b22e00000)]
  0x0000022b282ac000 JavaThread "WorkerExecutor Queue Thread 4" [_thread_blocked, id=23844, stack(0x0000006b22e00000,0x0000006b22f00000)]
  0x0000022b282a6000 JavaThread "ForkJoinPool-1-worker-3" daemon [_thread_blocked, id=6756, stack(0x0000006b22f00000,0x0000006b23000000)]
  0x0000022b282ab000 JavaThread "ForkJoinPool-1-worker-5" daemon [_thread_blocked, id=22356, stack(0x0000006b23000000,0x0000006b23100000)]
  0x0000022b282a8000 JavaThread "ForkJoinPool-1-worker-7" daemon [_thread_blocked, id=21576, stack(0x0000006b23100000,0x0000006b23200000)]
  0x0000022b282a9800 JavaThread "ForkJoinPool-1-worker-9" daemon [_thread_blocked, id=22696, stack(0x0000006b23200000,0x0000006b23300000)]
  0x0000022b282aa800 JavaThread "ForkJoinPool-1-worker-11" daemon [_thread_blocked, id=9416, stack(0x0000006b23300000,0x0000006b23400000)]
  0x0000022b28d4b000 JavaThread "ForkJoinPool-1-worker-13" daemon [_thread_blocked, id=3996, stack(0x0000006b23400000,0x0000006b23500000)]
  0x0000022b28d4c000 JavaThread "ForkJoinPool-1-worker-15" daemon [_thread_blocked, id=15712, stack(0x0000006b23500000,0x0000006b23600000)]
  0x0000022b28d49800 JavaThread "ForkJoinPool-1-worker-1" daemon [_thread_blocked, id=19884, stack(0x0000006b23600000,0x0000006b23700000)]

Other Threads:
=>0x0000022b1fab6800 VMThread "VM Thread" [stack: 0x0000006b1e100000,0x0000006b1e200000] [id=21032]
  0x0000022b20596000 WatcherThread [stack: 0x0000006b1eb00000,0x0000006b1ec00000] [id=12724]
  0x0000022b0565e000 GCTaskThread "GC Thread#0" [stack: 0x0000006b1dc00000,0x0000006b1dd00000] [id=9868]
  0x0000022b20f82800 GCTaskThread "GC Thread#1" [stack: 0x0000006b1ee00000,0x0000006b1ef00000] [id=22888]
  0x0000022b21764000 GCTaskThread "GC Thread#2" [stack: 0x0000006b1ef00000,0x0000006b1f000000] [id=4596]
  0x0000022b22c8e000 GCTaskThread "GC Thread#3" [stack: 0x0000006b1ed00000,0x0000006b1ee00000] [id=15800]
  0x0000022b2253a800 GCTaskThread "GC Thread#4" [stack: 0x0000006b1f100000,0x0000006b1f200000] [id=20248]
  0x0000022b22bcb800 GCTaskThread "GC Thread#5" [stack: 0x0000006b1f200000,0x0000006b1f300000] [id=23532]
  0x0000022b211fd000 GCTaskThread "GC Thread#6" [stack: 0x0000006b1fd00000,0x0000006b1fe00000] [id=8184]
  0x0000022b217a3000 GCTaskThread "GC Thread#7" [stack: 0x0000006b1fe00000,0x0000006b1ff00000] [id=16304]
  0x0000022b0568f000 ConcurrentGCThread "G1 Main Marker" [stack: 0x0000006b1dd00000,0x0000006b1de00000] [id=19844]
  0x0000022b05691000 ConcurrentGCThread "G1 Conc#0" [stack: 0x0000006b1de00000,0x0000006b1df00000] [id=15304]
  0x0000022b22403000 ConcurrentGCThread "G1 Conc#1" [stack: 0x0000006b20100000,0x0000006b20200000] [id=1400]
  0x0000022b1f904800 ConcurrentGCThread "G1 Refine#0" [stack: 0x0000006b1df00000,0x0000006b1e000000] [id=4676]
  0x0000022b21626000 ConcurrentGCThread "G1 Refine#1" [stack: 0x0000006b1f300000,0x0000006b1f400000] [id=9492]
  0x0000022b229e9000 ConcurrentGCThread "G1 Refine#2" [stack: 0x0000006b1f400000,0x0000006b1f500000] [id=9616]
  0x0000022b0571e800 ConcurrentGCThread "G1 Young RemSet Sampling" [stack: 0x0000006b1e000000,0x0000006b1e100000] [id=4544]

Threads with active compile tasks:
C2 CompilerThread0  18622 13243       4       com.android.tools.r8.graph.T::a (20 bytes)
C2 CompilerThread1  18622 12287       4       com.android.tools.r8.dex.j::a (1038 bytes)
C2 CompilerThread2  18622 13406       4       com.android.tools.r8.graph.Q::g (62 bytes)

VM state:at safepoint (normal execution)

VM Mutex/Monitor currently owned by a thread:  ([mutex/lock_event])
[0x0000022b05640780] Threads_lock - owner thread: 0x0000022b1fab6800
[0x0000022b0563f730] Heap_lock - owner thread: 0x0000022b282a7000

Heap address: 0x0000000080000000, size: 2048 MB, Compressed Oops mode: 32-bit
Narrow klass base: 0x0000000000000000, Narrow klass shift: 3
Compressed class space size: 1073741824 Address: 0x0000000100000000

Heap:
 garbage-first heap   total 634880K, used 225089K [0x0000000080000000, 0x0000000100000000)
  region size 1024K, 5 young (5120K), 5 survivors (5120K)
 Metaspace       used 109754K, capacity 112415K, committed 112716K, reserved 1146880K
  class space    used 14127K, capacity 15133K, committed 15180K, reserved 1048576K
Heap Regions: E=young(eden), S=young(survivor), O=old, HS=humongous(starts), HC=humongous(continues), CS=collection set, F=free, A=archive, TAMS=top-at-mark-start (previous, next)
|   0|0x0000000080000000, 0x0000000080100000, 0x0000000080100000|100%| O|  |TAMS 0x0000000080100000, 0x0000000080100000| Untracked 
|   1|0x0000000080100000, 0x0000000080200000, 0x0000000080200000|100%| O|  |TAMS 0x0000000080200000, 0x0000000080200000| Untracked 
|   2|0x0000000080200000, 0x0000000080300000, 0x0000000080300000|100%| O|  |TAMS 0x0000000080300000, 0x0000000080300000| Untracked 
|   3|0x0000000080300000, 0x0000000080400000, 0x0000000080400000|100%|HS|  |TAMS 0x0000000080400000, 0x0000000080400000| Complete 
|   4|0x0000000080400000, 0x0000000080500000, 0x0000000080500000|100%|HC|  |TAMS 0x0000000080500000, 0x0000000080500000| Complete 
|   5|0x0000000080500000, 0x0000000080600000, 0x0000000080600000|100%|HC|  |TAMS 0x0000000080600000, 0x0000000080600000| Complete 
|   6|0x0000000080600000, 0x0000000080700000, 0x0000000080700000|100%| O|  |TAMS 0x0000000080700000, 0x0000000080700000| Untracked 
|   7|0x0000000080700000, 0x0000000080800000, 0x0000000080800000|100%| O|  |TAMS 0x0000000080800000, 0x0000000080800000| Untracked 
|   8|0x0000000080800000, 0x0000000080900000, 0x0000000080900000|100%| O|  |TAMS 0x0000000080900000, 0x0000000080900000| Untracked 
|   9|0x0000000080900000, 0x0000000080a00000, 0x0000000080a00000|100%| O|  |TAMS 0x0000000080a00000, 0x0000000080a00000| Untracked 
|  10|0x0000000080a00000, 0x0000000080b00000, 0x0000000080b00000|100%| O|  |TAMS 0x0000000080b00000, 0x0000000080b00000| Untracked 
|  11|0x0000000080b00000, 0x0000000080c00000, 0x0000000080c00000|100%| O|  |TAMS 0x0000000080c00000, 0x0000000080c00000| Untracked 
|  12|0x0000000080c00000, 0x0000000080d00000, 0x0000000080d00000|100%| O|  |TAMS 0x0000000080d00000, 0x0000000080d00000| Untracked 
|  13|0x0000000080d00000, 0x0000000080e00000, 0x0000000080e00000|100%| O|  |TAMS 0x0000000080e00000, 0x0000000080e00000| Untracked 
|  14|0x0000000080e00000, 0x0000000080f00000, 0x0000000080f00000|100%| O|  |TAMS 0x0000000080f00000, 0x0000000080f00000| Untracked 
|  15|0x0000000080f00000, 0x0000000081000000, 0x0000000081000000|100%| O|  |TAMS 0x0000000081000000, 0x0000000081000000| Untracked 
|  16|0x0000000081000000, 0x0000000081100000, 0x0000000081100000|100%|HS|  |TAMS 0x0000000081100000, 0x0000000081100000| Complete 
|  17|0x0000000081100000, 0x0000000081200000, 0x0000000081200000|100%| O|  |TAMS 0x0000000081200000, 0x0000000081200000| Untracked 
|  18|0x0000000081200000, 0x0000000081300000, 0x0000000081300000|100%| O|  |TAMS 0x0000000081300000, 0x0000000081300000| Untracked 
|  19|0x0000000081300000, 0x0000000081400000, 0x0000000081400000|100%| O|  |TAMS 0x0000000081400000, 0x0000000081400000| Untracked 
|  20|0x0000000081400000, 0x0000000081500000, 0x0000000081500000|100%| O|  |TAMS 0x0000000081500000, 0x0000000081500000| Untracked 
|  21|0x0000000081500000, 0x0000000081600000, 0x0000000081600000|100%| O|  |TAMS 0x0000000081600000, 0x0000000081600000| Untracked 
|  22|0x0000000081600000, 0x0000000081700000, 0x0000000081700000|100%| O|  |TAMS 0x0000000081700000, 0x0000000081700000| Untracked 
|  23|0x0000000081700000, 0x0000000081800000, 0x0000000081800000|100%| O|  |TAMS 0x0000000081800000, 0x0000000081800000| Untracked 
|  24|0x0000000081800000, 0x0000000081900000, 0x0000000081900000|100%| O|  |TAMS 0x0000000081900000, 0x0000000081900000| Untracked 
|  25|0x0000000081900000, 0x0000000081a00000, 0x0000000081a00000|100%| O|  |TAMS 0x0000000081a00000, 0x0000000081a00000| Untracked 
|  26|0x0000000081a00000, 0x0000000081b00000, 0x0000000081b00000|100%| O|  |TAMS 0x0000000081b00000, 0x0000000081b00000| Untracked 
|  27|0x0000000081b00000, 0x0000000081c00000, 0x0000000081c00000|100%|HS|  |TAMS 0x0000000081c00000, 0x0000000081c00000| Complete 
|  28|0x0000000081c00000, 0x0000000081d00000, 0x0000000081d00000|100%|HS|  |TAMS 0x0000000081d00000, 0x0000000081d00000| Complete 
|  29|0x0000000081d00000, 0x0000000081e00000, 0x0000000081e00000|100%|HS|  |TAMS 0x0000000081e00000, 0x0000000081e00000| Complete 
|  30|0x0000000081e00000, 0x0000000081f00000, 0x0000000081f00000|100%|HC|  |TAMS 0x0000000081f00000, 0x0000000081f00000| Complete 
|  31|0x0000000081f00000, 0x0000000082000000, 0x0000000082000000|100%|HC|  |TAMS 0x0000000082000000, 0x0000000082000000| Complete 
|  32|0x0000000082000000, 0x0000000082100000, 0x0000000082100000|100%|HS|  |TAMS 0x0000000082100000, 0x0000000082100000| Complete 
|  33|0x0000000082100000, 0x0000000082200000, 0x0000000082200000|100%|HC|  |TAMS 0x0000000082200000, 0x0000000082200000| Complete 
|  34|0x0000000082200000, 0x0000000082300000, 0x0000000082300000|100%| O|  |TAMS 0x0000000082300000, 0x0000000082300000| Untracked 
|  35|0x0000000082300000, 0x0000000082400000, 0x0000000082400000|100%| O|  |TAMS 0x0000000082400000, 0x0000000082400000| Untracked 
|  36|0x0000000082400000, 0x0000000082500000, 0x0000000082500000|100%| O|  |TAMS 0x0000000082500000, 0x0000000082500000| Untracked 
|  37|0x0000000082500000, 0x0000000082600000, 0x0000000082600000|100%| O|  |TAMS 0x0000000082600000, 0x0000000082600000| Untracked 
|  38|0x0000000082600000, 0x0000000082700000, 0x0000000082700000|100%| O|  |TAMS 0x0000000082700000, 0x0000000082700000| Untracked 
|  39|0x0000000082700000, 0x0000000082800000, 0x0000000082800000|100%| O|  |TAMS 0x0000000082800000, 0x0000000082800000| Untracked 
|  40|0x0000000082800000, 0x0000000082900000, 0x0000000082900000|100%| O|  |TAMS 0x0000000082900000, 0x0000000082900000| Untracked 
|  41|0x0000000082900000, 0x0000000082a00000, 0x0000000082a00000|100%| O|  |TAMS 0x0000000082a00000, 0x0000000082a00000| Untracked 
|  42|0x0000000082a00000, 0x0000000082b00000, 0x0000000082b00000|100%| O|  |TAMS 0x0000000082b00000, 0x0000000082b00000| Untracked 
|  43|0x0000000082b00000, 0x0000000082c00000, 0x0000000082c00000|100%| O|  |TAMS 0x0000000082c00000, 0x0000000082c00000| Untracked 
|  44|0x0000000082c00000, 0x0000000082d00000, 0x0000000082d00000|100%| O|  |TAMS 0x0000000082d00000, 0x0000000082d00000| Untracked 
|  45|0x0000000082d00000, 0x0000000082e00000, 0x0000000082e00000|100%| O|  |TAMS 0x0000000082e00000, 0x0000000082e00000| Untracked 
|  46|0x0000000082e00000, 0x0000000082f00000, 0x0000000082f00000|100%| O|  |TAMS 0x0000000082f00000, 0x0000000082f00000| Untracked 
|  47|0x0000000082f00000, 0x0000000083000000, 0x0000000083000000|100%| O|  |TAMS 0x0000000083000000, 0x0000000083000000| Untracked 
|  48|0x0000000083000000, 0x0000000083100000, 0x0000000083100000|100%| O|  |TAMS 0x0000000083100000, 0x0000000083100000| Untracked 
|  49|0x0000000083100000, 0x0000000083200000, 0x0000000083200000|100%| O|  |TAMS 0x0000000083200000, 0x0000000083200000| Untracked 
|  50|0x0000000083200000, 0x0000000083300000, 0x0000000083300000|100%| O|  |TAMS 0x0000000083300000, 0x0000000083300000| Untracked 
|  51|0x0000000083300000, 0x0000000083400000, 0x0000000083400000|100%| O|  |TAMS 0x0000000083400000, 0x0000000083400000| Untracked 
|  52|0x0000000083400000, 0x0000000083500000, 0x0000000083500000|100%| O|  |TAMS 0x0000000083500000, 0x0000000083500000| Untracked 
|  53|0x0000000083500000, 0x0000000083600000, 0x0000000083600000|100%| O|  |TAMS 0x0000000083600000, 0x0000000083600000| Untracked 
|  54|0x0000000083600000, 0x0000000083700000, 0x0000000083700000|100%| O|  |TAMS 0x0000000083700000, 0x0000000083700000| Untracked 
|  55|0x0000000083700000, 0x0000000083800000, 0x0000000083800000|100%| O|  |TAMS 0x0000000083800000, 0x0000000083800000| Untracked 
|  56|0x0000000083800000, 0x0000000083900000, 0x0000000083900000|100%| O|  |TAMS 0x0000000083900000, 0x0000000083900000| Untracked 
|  57|0x0000000083900000, 0x0000000083a00000, 0x0000000083a00000|100%| O|  |TAMS 0x0000000083a00000, 0x0000000083a00000| Untracked 
|  58|0x0000000083a00000, 0x0000000083b00000, 0x0000000083b00000|100%| O|  |TAMS 0x0000000083b00000, 0x0000000083b00000| Untracked 
|  59|0x0000000083b00000, 0x0000000083c00000, 0x0000000083c00000|100%| O|  |TAMS 0x0000000083c00000, 0x0000000083c00000| Untracked 
|  60|0x0000000083c00000, 0x0000000083d00000, 0x0000000083d00000|100%| O|  |TAMS 0x0000000083d00000, 0x0000000083d00000| Untracked 
|  61|0x0000000083d00000, 0x0000000083e00000, 0x0000000083e00000|100%| O|  |TAMS 0x0000000083e00000, 0x0000000083e00000| Untracked 
|  62|0x0000000083e00000, 0x0000000083f00000, 0x0000000083f00000|100%| O|  |TAMS 0x0000000083f00000, 0x0000000083f00000| Untracked 
|  63|0x0000000083f00000, 0x0000000084000000, 0x0000000084000000|100%| O|  |TAMS 0x0000000084000000, 0x0000000084000000| Untracked 
|  64|0x0000000084000000, 0x0000000084100000, 0x0000000084100000|100%| O|  |TAMS 0x0000000084100000, 0x0000000084100000| Untracked 
|  65|0x0000000084100000, 0x0000000084200000, 0x0000000084200000|100%| O|  |TAMS 0x0000000084200000, 0x0000000084200000| Untracked 
|  66|0x0000000084200000, 0x0000000084300000, 0x0000000084300000|100%| O|  |TAMS 0x0000000084300000, 0x0000000084300000| Untracked 
|  67|0x0000000084300000, 0x0000000084400000, 0x0000000084400000|100%| O|  |TAMS 0x0000000084400000, 0x0000000084400000| Untracked 
|  68|0x0000000084400000, 0x0000000084500000, 0x0000000084500000|100%| O|  |TAMS 0x0000000084500000, 0x0000000084500000| Untracked 
|  69|0x0000000084500000, 0x0000000084600000, 0x0000000084600000|100%| O|  |TAMS 0x0000000084600000, 0x0000000084600000| Untracked 
|  70|0x0000000084600000, 0x0000000084700000, 0x0000000084700000|100%| O|  |TAMS 0x0000000084700000, 0x0000000084700000| Untracked 
|  71|0x0000000084700000, 0x0000000084800000, 0x0000000084800000|100%| O|  |TAMS 0x0000000084800000, 0x0000000084800000| Untracked 
|  72|0x0000000084800000, 0x0000000084900000, 0x0000000084900000|100%| O|  |TAMS 0x0000000084900000, 0x0000000084900000| Untracked 
|  73|0x0000000084900000, 0x0000000084a00000, 0x0000000084a00000|100%| O|  |TAMS 0x0000000084a00000, 0x0000000084a00000| Untracked 
|  74|0x0000000084a00000, 0x0000000084b00000, 0x0000000084b00000|100%| O|  |TAMS 0x0000000084b00000, 0x0000000084b00000| Untracked 
|  75|0x0000000084b00000, 0x0000000084c00000, 0x0000000084c00000|100%| O|  |TAMS 0x0000000084c00000, 0x0000000084c00000| Untracked 
|  76|0x0000000084c00000, 0x0000000084d00000, 0x0000000084d00000|100%| O|  |TAMS 0x0000000084d00000, 0x0000000084d00000| Untracked 
|  77|0x0000000084d00000, 0x0000000084e00000, 0x0000000084e00000|100%| O|  |TAMS 0x0000000084e00000, 0x0000000084e00000| Untracked 
|  78|0x0000000084e00000, 0x0000000084f00000, 0x0000000084f00000|100%| O|  |TAMS 0x0000000084f00000, 0x0000000084f00000| Untracked 
|  79|0x0000000084f00000, 0x0000000085000000, 0x0000000085000000|100%| O|  |TAMS 0x0000000085000000, 0x0000000085000000| Untracked 
|  80|0x0000000085000000, 0x0000000085100000, 0x0000000085100000|100%| O|  |TAMS 0x0000000085100000, 0x0000000085100000| Untracked 
|  81|0x0000000085100000, 0x0000000085200000, 0x0000000085200000|100%| O|  |TAMS 0x0000000085200000, 0x0000000085200000| Untracked 
|  82|0x0000000085200000, 0x0000000085300000, 0x0000000085300000|100%| O|  |TAMS 0x0000000085300000, 0x0000000085300000| Untracked 
|  83|0x0000000085300000, 0x0000000085400000, 0x0000000085400000|100%| O|  |TAMS 0x0000000085400000, 0x0000000085400000| Untracked 
|  84|0x0000000085400000, 0x0000000085500000, 0x0000000085500000|100%| O|  |TAMS 0x0000000085500000, 0x0000000085500000| Untracked 
|  85|0x0000000085500000, 0x0000000085600000, 0x0000000085600000|100%| O|  |TAMS 0x0000000085600000, 0x0000000085600000| Untracked 
|  86|0x0000000085600000, 0x0000000085700000, 0x0000000085700000|100%| O|  |TAMS 0x0000000085700000, 0x0000000085700000| Untracked 
|  87|0x0000000085700000, 0x0000000085800000, 0x0000000085800000|100%| O|  |TAMS 0x0000000085800000, 0x0000000085800000| Untracked 
|  88|0x0000000085800000, 0x0000000085900000, 0x0000000085900000|100%| O|  |TAMS 0x0000000085900000, 0x0000000085900000| Untracked 
|  89|0x0000000085900000, 0x0000000085a00000, 0x0000000085a00000|100%| O|  |TAMS 0x0000000085a00000, 0x0000000085a00000| Untracked 
|  90|0x0000000085a00000, 0x0000000085b00000, 0x0000000085b00000|100%| O|  |TAMS 0x0000000085b00000, 0x0000000085b00000| Untracked 
|  91|0x0000000085b00000, 0x0000000085c00000, 0x0000000085c00000|100%| O|  |TAMS 0x0000000085c00000, 0x0000000085c00000| Untracked 
|  92|0x0000000085c00000, 0x0000000085d00000, 0x0000000085d00000|100%|HS|  |TAMS 0x0000000085d00000, 0x0000000085d00000| Complete 
|  93|0x0000000085d00000, 0x0000000085e00000, 0x0000000085e00000|100%|HC|  |TAMS 0x0000000085e00000, 0x0000000085e00000| Complete 
|  94|0x0000000085e00000, 0x0000000085f00000, 0x0000000085f00000|100%|HC|  |TAMS 0x0000000085f00000, 0x0000000085f00000| Complete 
|  95|0x0000000085f00000, 0x0000000086000000, 0x0000000086000000|100%| O|  |TAMS 0x0000000086000000, 0x0000000086000000| Untracked 
|  96|0x0000000086000000, 0x0000000086100000, 0x0000000086100000|100%| O|  |TAMS 0x0000000086100000, 0x0000000086100000| Untracked 
|  97|0x0000000086100000, 0x0000000086200000, 0x0000000086200000|100%| O|  |TAMS 0x0000000086200000, 0x0000000086200000| Untracked 
|  98|0x0000000086200000, 0x0000000086300000, 0x0000000086300000|100%| O|  |TAMS 0x0000000086300000, 0x0000000086300000| Untracked 
|  99|0x0000000086300000, 0x0000000086400000, 0x0000000086400000|100%| O|  |TAMS 0x0000000086400000, 0x0000000086400000| Untracked 
| 100|0x0000000086400000, 0x0000000086500000, 0x0000000086500000|100%|HS|  |TAMS 0x0000000086500000, 0x0000000086500000| Complete 
| 101|0x0000000086500000, 0x0000000086600000, 0x0000000086600000|100%|HS|  |TAMS 0x0000000086600000, 0x0000000086600000| Complete 
| 102|0x0000000086600000, 0x0000000086700000, 0x0000000086700000|100%|HC|  |TAMS 0x0000000086700000, 0x0000000086700000| Complete 
| 103|0x0000000086700000, 0x0000000086800000, 0x0000000086800000|100%|HS|  |TAMS 0x0000000086800000, 0x0000000086800000| Complete 
| 104|0x0000000086800000, 0x0000000086900000, 0x0000000086900000|100%|HS|  |TAMS 0x0000000086900000, 0x0000000086900000| Complete 
| 105|0x0000000086900000, 0x0000000086a00000, 0x0000000086a00000|100%|HS|  |TAMS 0x0000000086a00000, 0x0000000086a00000| Complete 
| 106|0x0000000086a00000, 0x0000000086b00000, 0x0000000086b00000|100%|HC|  |TAMS 0x0000000086b00000, 0x0000000086b00000| Complete 
| 107|0x0000000086b00000, 0x0000000086c00000, 0x0000000086c00000|100%|HS|  |TAMS 0x0000000086c00000, 0x0000000086c00000| Complete 
| 108|0x0000000086c00000, 0x0000000086d00000, 0x0000000086d00000|100%|HC|  |TAMS 0x0000000086d00000, 0x0000000086d00000| Complete 
| 109|0x0000000086d00000, 0x0000000086e00000, 0x0000000086e00000|100%|HC|  |TAMS 0x0000000086e00000, 0x0000000086e00000| Complete 
| 110|0x0000000086e00000, 0x0000000086f00000, 0x0000000086f00000|100%| O|  |TAMS 0x0000000086f00000, 0x0000000086f00000| Untracked 
| 111|0x0000000086f00000, 0x0000000087000000, 0x0000000087000000|100%| O|  |TAMS 0x0000000087000000, 0x0000000087000000| Untracked 
| 112|0x0000000087000000, 0x0000000087100000, 0x0000000087100000|100%| O|  |TAMS 0x0000000087100000, 0x0000000087100000| Untracked 
| 113|0x0000000087100000, 0x0000000087200000, 0x0000000087200000|100%| O|  |TAMS 0x0000000087200000, 0x0000000087200000| Untracked 
| 114|0x0000000087200000, 0x0000000087300000, 0x0000000087300000|100%| O|  |TAMS 0x0000000087300000, 0x0000000087300000| Untracked 
| 115|0x0000000087300000, 0x0000000087400000, 0x0000000087400000|100%| O|  |TAMS 0x0000000087400000, 0x0000000087400000| Untracked 
| 116|0x0000000087400000, 0x0000000087500000, 0x0000000087500000|100%| O|  |TAMS 0x0000000087500000, 0x0000000087500000| Untracked 
| 117|0x0000000087500000, 0x0000000087600000, 0x0000000087600000|100%|HS|  |TAMS 0x0000000087600000, 0x0000000087600000| Complete 
| 118|0x0000000087600000, 0x0000000087700000, 0x0000000087700000|100%|HC|  |TAMS 0x0000000087700000, 0x0000000087700000| Complete 
| 119|0x0000000087700000, 0x0000000087800000, 0x0000000087800000|100%| O|  |TAMS 0x0000000087800000, 0x0000000087800000| Untracked 
| 120|0x0000000087800000, 0x0000000087900000, 0x0000000087900000|100%|HS|  |TAMS 0x0000000087900000, 0x0000000087900000| Complete 
| 121|0x0000000087900000, 0x0000000087a00000, 0x0000000087a00000|100%| O|  |TAMS 0x0000000087a00000, 0x0000000087a00000| Untracked 
| 122|0x0000000087a00000, 0x0000000087b00000, 0x0000000087b00000|100%|HS|  |TAMS 0x0000000087b00000, 0x0000000087b00000| Complete 
| 123|0x0000000087b00000, 0x0000000087c00000, 0x0000000087c00000|100%| O|  |TAMS 0x0000000087c00000, 0x0000000087c00000| Untracked 
| 124|0x0000000087c00000, 0x0000000087d00000, 0x0000000087d00000|100%|HS|  |TAMS 0x0000000087d00000, 0x0000000087d00000| Complete 
| 125|0x0000000087d00000, 0x0000000087e00000, 0x0000000087e00000|100%| O|  |TAMS 0x0000000087e00000, 0x0000000087e00000| Untracked 
| 126|0x0000000087e00000, 0x0000000087f00000, 0x0000000087f00000|100%| O|  |TAMS 0x0000000087f00000, 0x0000000087f00000| Untracked 
| 127|0x0000000087f00000, 0x0000000088000000, 0x0000000088000000|100%|HS|  |TAMS 0x0000000088000000, 0x0000000088000000| Complete 
| 128|0x0000000088000000, 0x0000000088100000, 0x0000000088100000|100%|HC|  |TAMS 0x0000000088100000, 0x0000000088100000| Complete 
| 129|0x0000000088100000, 0x0000000088200000, 0x0000000088200000|100%| O|  |TAMS 0x0000000088200000, 0x0000000088200000| Untracked 
| 130|0x0000000088200000, 0x0000000088300000, 0x0000000088300000|100%| O|  |TAMS 0x0000000088300000, 0x0000000088300000| Untracked 
| 131|0x0000000088300000, 0x0000000088400000, 0x0000000088400000|100%| O|  |TAMS 0x0000000088400000, 0x0000000088400000| Untracked 
| 132|0x0000000088400000, 0x0000000088500000, 0x0000000088500000|100%|HS|  |TAMS 0x0000000088500000, 0x0000000088500000| Complete 
| 133|0x0000000088500000, 0x0000000088600000, 0x0000000088600000|100%|HC|  |TAMS 0x0000000088600000, 0x0000000088600000| Complete 
| 134|0x0000000088600000, 0x0000000088700000, 0x0000000088700000|100%|HC|  |TAMS 0x0000000088700000, 0x0000000088700000| Complete 
| 135|0x0000000088700000, 0x0000000088800000, 0x0000000088800000|100%| O|  |TAMS 0x0000000088800000, 0x0000000088800000| Untracked 
| 136|0x0000000088800000, 0x0000000088900000, 0x0000000088900000|100%| O|  |TAMS 0x0000000088900000, 0x0000000088900000| Untracked 
| 137|0x0000000088900000, 0x0000000088a00000, 0x0000000088a00000|100%| O|  |TAMS 0x0000000088a00000, 0x0000000088a00000| Untracked 
| 138|0x0000000088a00000, 0x0000000088b00000, 0x0000000088b00000|100%| O|  |TAMS 0x0000000088b00000, 0x0000000088b00000| Untracked 
| 139|0x0000000088b00000, 0x0000000088c00000, 0x0000000088c00000|100%| O|  |TAMS 0x0000000088c00000, 0x0000000088c00000| Untracked 
| 140|0x0000000088c00000, 0x0000000088d00000, 0x0000000088d00000|100%| O|  |TAMS 0x0000000088d00000, 0x0000000088d00000| Untracked 
| 141|0x0000000088d00000, 0x0000000088e00000, 0x0000000088e00000|100%| O|  |TAMS 0x0000000088e00000, 0x0000000088e00000| Untracked 
| 142|0x0000000088e00000, 0x0000000088f00000, 0x0000000088f00000|100%| O|  |TAMS 0x0000000088f00000, 0x0000000088f00000| Untracked 
| 143|0x0000000088f00000, 0x0000000089000000, 0x0000000089000000|100%| O|  |TAMS 0x0000000089000000, 0x0000000089000000| Untracked 
| 144|0x0000000089000000, 0x0000000089100000, 0x0000000089100000|100%|HS|  |TAMS 0x0000000089100000, 0x0000000089100000| Complete 
| 145|0x0000000089100000, 0x0000000089200000, 0x0000000089200000|100%| O|  |TAMS 0x0000000089200000, 0x0000000089200000| Untracked 
| 146|0x0000000089200000, 0x0000000089300000, 0x0000000089300000|100%| O|  |TAMS 0x0000000089300000, 0x0000000089300000| Untracked 
| 147|0x0000000089300000, 0x0000000089400000, 0x0000000089400000|100%|HS|  |TAMS 0x0000000089400000, 0x0000000089400000| Complete 
| 148|0x0000000089400000, 0x0000000089500000, 0x0000000089500000|100%| O|  |TAMS 0x0000000089500000, 0x0000000089500000| Untracked 
| 149|0x0000000089500000, 0x0000000089600000, 0x0000000089600000|100%| O|  |TAMS 0x0000000089600000, 0x0000000089600000| Untracked 
| 150|0x0000000089600000, 0x0000000089700000, 0x0000000089700000|100%| O|  |TAMS 0x0000000089700000, 0x0000000089700000| Untracked 
| 151|0x0000000089700000, 0x0000000089800000, 0x0000000089800000|100%| O|  |TAMS 0x0000000089800000, 0x0000000089800000| Untracked 
| 152|0x0000000089800000, 0x0000000089900000, 0x0000000089900000|100%| O|  |TAMS 0x0000000089900000, 0x0000000089900000| Untracked 
| 153|0x0000000089900000, 0x0000000089a00000, 0x0000000089a00000|100%| O|  |TAMS 0x0000000089a00000, 0x0000000089a00000| Untracked 
| 154|0x0000000089a00000, 0x0000000089b00000, 0x0000000089b00000|100%| O|  |TAMS 0x0000000089b00000, 0x0000000089b00000| Untracked 
| 155|0x0000000089b00000, 0x0000000089c00000, 0x0000000089c00000|100%| O|  |TAMS 0x0000000089c00000, 0x0000000089c00000| Untracked 
| 156|0x0000000089c00000, 0x0000000089d00000, 0x0000000089d00000|100%| O|  |TAMS 0x0000000089d00000, 0x0000000089d00000| Untracked 
| 157|0x0000000089d00000, 0x0000000089e00000, 0x0000000089e00000|100%| O|  |TAMS 0x0000000089e00000, 0x0000000089e00000| Untracked 
| 158|0x0000000089e00000, 0x0000000089f00000, 0x0000000089f00000|100%| O|  |TAMS 0x0000000089f00000, 0x0000000089f00000| Untracked 
| 159|0x0000000089f00000, 0x000000008a000000, 0x000000008a000000|100%| O|  |TAMS 0x000000008a000000, 0x000000008a000000| Untracked 
| 160|0x000000008a000000, 0x000000008a100000, 0x000000008a100000|100%| O|  |TAMS 0x000000008a100000, 0x000000008a100000| Untracked 
| 161|0x000000008a100000, 0x000000008a200000, 0x000000008a200000|100%| O|  |TAMS 0x000000008a200000, 0x000000008a200000| Untracked 
| 162|0x000000008a200000, 0x000000008a300000, 0x000000008a300000|100%| O|  |TAMS 0x000000008a300000, 0x000000008a300000| Untracked 
| 163|0x000000008a300000, 0x000000008a400000, 0x000000008a400000|100%| O|  |TAMS 0x000000008a400000, 0x000000008a400000| Untracked 
| 164|0x000000008a400000, 0x000000008a500000, 0x000000008a500000|100%| O|  |TAMS 0x000000008a500000, 0x000000008a500000| Untracked 
| 165|0x000000008a500000, 0x000000008a600000, 0x000000008a600000|100%| O|  |TAMS 0x000000008a5c7000, 0x000000008a600000| Untracked 
| 166|0x000000008a600000, 0x000000008a700000, 0x000000008a700000|100%| O|  |TAMS 0x000000008a600000, 0x000000008a700000| Untracked 
| 167|0x000000008a700000, 0x000000008a800000, 0x000000008a800000|100%| O|  |TAMS 0x000000008a700000, 0x000000008a800000| Untracked 
| 168|0x000000008a800000, 0x000000008a900000, 0x000000008a900000|100%| O|  |TAMS 0x000000008a800000, 0x000000008a900000| Untracked 
| 169|0x000000008a900000, 0x000000008aa00000, 0x000000008aa00000|100%| O|  |TAMS 0x000000008a900000, 0x000000008aa00000| Untracked 
| 170|0x000000008aa00000, 0x000000008ab00000, 0x000000008ab00000|100%| O|  |TAMS 0x000000008aa00000, 0x000000008ab00000| Untracked 
| 171|0x000000008ab00000, 0x000000008ac00000, 0x000000008ac00000|100%| O|  |TAMS 0x000000008ab00000, 0x000000008ac00000| Untracked 
| 172|0x000000008ac00000, 0x000000008ad00000, 0x000000008ad00000|100%| O|  |TAMS 0x000000008ac00000, 0x000000008ad00000| Untracked 
| 173|0x000000008ad00000, 0x000000008ae00000, 0x000000008ae00000|100%| O|  |TAMS 0x000000008ad00000, 0x000000008ae00000| Untracked 
| 174|0x000000008ae00000, 0x000000008af00000, 0x000000008af00000|100%| O|  |TAMS 0x000000008ae00000, 0x000000008af00000| Untracked 
| 175|0x000000008af00000, 0x000000008b000000, 0x000000008b000000|100%| O|  |TAMS 0x000000008af00000, 0x000000008b000000| Untracked 
| 176|0x000000008b000000, 0x000000008b100000, 0x000000008b100000|100%| O|  |TAMS 0x000000008b000000, 0x000000008b100000| Untracked 
| 177|0x000000008b100000, 0x000000008b200000, 0x000000008b200000|100%| O|  |TAMS 0x000000008b100000, 0x000000008b200000| Untracked 
| 178|0x000000008b200000, 0x000000008b300000, 0x000000008b300000|100%| O|  |TAMS 0x000000008b200000, 0x000000008b300000| Untracked 
| 179|0x000000008b300000, 0x000000008b400000, 0x000000008b400000|100%| O|  |TAMS 0x000000008b300000, 0x000000008b400000| Untracked 
| 180|0x000000008b400000, 0x000000008b500000, 0x000000008b500000|100%| O|  |TAMS 0x000000008b400000, 0x000000008b500000| Untracked 
| 181|0x000000008b500000, 0x000000008b600000, 0x000000008b600000|100%| O|  |TAMS 0x000000008b500000, 0x000000008b600000| Untracked 
| 182|0x000000008b600000, 0x000000008b700000, 0x000000008b700000|100%| O|  |TAMS 0x000000008b600000, 0x000000008b700000| Untracked 
| 183|0x000000008b700000, 0x000000008b800000, 0x000000008b800000|100%| O|  |TAMS 0x000000008b700000, 0x000000008b800000| Untracked 
| 184|0x000000008b800000, 0x000000008b900000, 0x000000008b900000|100%| O|  |TAMS 0x000000008b800000, 0x000000008b900000| Untracked 
| 185|0x000000008b900000, 0x000000008ba00000, 0x000000008ba00000|100%| O|  |TAMS 0x000000008b900000, 0x000000008ba00000| Untracked 
| 186|0x000000008ba00000, 0x000000008bb00000, 0x000000008bb00000|100%| O|  |TAMS 0x000000008ba00000, 0x000000008bb00000| Untracked 
| 187|0x000000008bb00000, 0x000000008bc00000, 0x000000008bc00000|100%| O|  |TAMS 0x000000008bb00000, 0x000000008bc00000| Untracked 
| 188|0x000000008bc00000, 0x000000008bd00000, 0x000000008bd00000|100%| O|  |TAMS 0x000000008bc00000, 0x000000008bd00000| Untracked 
| 189|0x000000008bd00000, 0x000000008be00000, 0x000000008be00000|100%| O|  |TAMS 0x000000008bd00000, 0x000000008be00000| Untracked 
| 190|0x000000008be00000, 0x000000008bf00000, 0x000000008bf00000|100%| O|  |TAMS 0x000000008be00000, 0x000000008bf00000| Untracked 
| 191|0x000000008bf00000, 0x000000008c000000, 0x000000008c000000|100%| O|  |TAMS 0x000000008bf00000, 0x000000008c000000| Untracked 
| 192|0x000000008c000000, 0x000000008c100000, 0x000000008c100000|100%| O|  |TAMS 0x000000008c000000, 0x000000008c100000| Untracked 
| 193|0x000000008c100000, 0x000000008c200000, 0x000000008c200000|100%| O|  |TAMS 0x000000008c100000, 0x000000008c200000| Untracked 
| 194|0x000000008c200000, 0x000000008c300000, 0x000000008c300000|100%| O|  |TAMS 0x000000008c200000, 0x000000008c300000| Untracked 
| 195|0x000000008c300000, 0x000000008c400000, 0x000000008c400000|100%| O|  |TAMS 0x000000008c300000, 0x000000008c400000| Untracked 
| 196|0x000000008c400000, 0x000000008c500000, 0x000000008c500000|100%| O|  |TAMS 0x000000008c400000, 0x000000008c500000| Untracked 
| 197|0x000000008c500000, 0x000000008c600000, 0x000000008c600000|100%| O|  |TAMS 0x000000008c500000, 0x000000008c600000| Untracked 
| 198|0x000000008c600000, 0x000000008c700000, 0x000000008c700000|100%| O|  |TAMS 0x000000008c600000, 0x000000008c700000| Untracked 
| 199|0x000000008c700000, 0x000000008c800000, 0x000000008c800000|100%| O|  |TAMS 0x000000008c700000, 0x000000008c800000| Untracked 
| 200|0x000000008c800000, 0x000000008c900000, 0x000000008c900000|100%| O|  |TAMS 0x000000008c800000, 0x000000008c900000| Untracked 
| 201|0x000000008c900000, 0x000000008ca00000, 0x000000008ca00000|100%| O|  |TAMS 0x000000008c900000, 0x000000008ca00000| Untracked 
| 202|0x000000008ca00000, 0x000000008cb00000, 0x000000008cb00000|100%| O|  |TAMS 0x000000008ca00000, 0x000000008cb00000| Untracked 
| 203|0x000000008cb00000, 0x000000008cc00000, 0x000000008cc00000|100%| O|  |TAMS 0x000000008cb00000, 0x000000008cc00000| Untracked 
| 204|0x000000008cc00000, 0x000000008cd00000, 0x000000008cd00000|100%| O|  |TAMS 0x000000008cc00000, 0x000000008cd00000| Untracked 
| 205|0x000000008cd00000, 0x000000008ce00000, 0x000000008ce00000|100%| O|  |TAMS 0x000000008cd00000, 0x000000008ce00000| Untracked 
| 206|0x000000008ce00000, 0x000000008cf00000, 0x000000008cf00000|100%| O|  |TAMS 0x000000008ce00000, 0x000000008cf00000| Untracked 
| 207|0x000000008cf00000, 0x000000008d000000, 0x000000008d000000|100%| O|  |TAMS 0x000000008cf00000, 0x000000008cfbbc00| Untracked 
| 208|0x000000008d000000, 0x000000008d100000, 0x000000008d100000|100%|HS|  |TAMS 0x000000008d000000, 0x000000008d000000| Complete 
| 209|0x000000008d100000, 0x000000008d200000, 0x000000008d200000|100%|HC|  |TAMS 0x000000008d100000, 0x000000008d100000| Complete 
| 210|0x000000008d200000, 0x000000008d300000, 0x000000008d300000|100%| O|  |TAMS 0x000000008d200000, 0x000000008d200000| Untracked 
| 211|0x000000008d300000, 0x000000008d400000, 0x000000008d400000|100%| O|  |TAMS 0x000000008d300000, 0x000000008d300000| Untracked 
| 212|0x000000008d400000, 0x000000008d500000, 0x000000008d500000|100%| O|  |TAMS 0x000000008d400000, 0x000000008d400000| Untracked 
| 213|0x000000008d500000, 0x000000008d600000, 0x000000008d600000|100%| O|  |TAMS 0x000000008d500000, 0x000000008d500000| Untracked 
| 214|0x000000008d600000, 0x000000008d6d0600, 0x000000008d700000| 81%| O|  |TAMS 0x000000008d600000, 0x000000008d600000| Untracked 
| 215|0x000000008d700000, 0x000000008d700000, 0x000000008d800000|  0%| F|  |TAMS 0x000000008d700000, 0x000000008d700000| Untracked 
| 216|0x000000008d800000, 0x000000008d800000, 0x000000008d900000|  0%| F|  |TAMS 0x000000008d800000, 0x000000008d800000| Untracked 
| 217|0x000000008d900000, 0x000000008d900000, 0x000000008da00000|  0%| F|  |TAMS 0x000000008d900000, 0x000000008d900000| Untracked 
| 218|0x000000008da00000, 0x000000008da00000, 0x000000008db00000|  0%| F|  |TAMS 0x000000008da00000, 0x000000008da00000| Untracked 
| 219|0x000000008db00000, 0x000000008db00000, 0x000000008dc00000|  0%| F|  |TAMS 0x000000008db00000, 0x000000008db00000| Untracked 
| 220|0x000000008dc00000, 0x000000008dc00000, 0x000000008dd00000|  0%| F|  |TAMS 0x000000008dc00000, 0x000000008dc00000| Untracked 
| 221|0x000000008dd00000, 0x000000008dd00000, 0x000000008de00000|  0%| F|  |TAMS 0x000000008dd00000, 0x000000008dd00000| Untracked 
| 222|0x000000008de00000, 0x000000008de00000, 0x000000008df00000|  0%| F|  |TAMS 0x000000008de00000, 0x000000008de00000| Untracked 
| 223|0x000000008df00000, 0x000000008df00000, 0x000000008e000000|  0%| F|  |TAMS 0x000000008df00000, 0x000000008df00000| Untracked 
| 224|0x000000008e000000, 0x000000008e000000, 0x000000008e100000|  0%| F|  |TAMS 0x000000008e000000, 0x000000008e000000| Untracked 
| 225|0x000000008e100000, 0x000000008e100000, 0x000000008e200000|  0%| F|  |TAMS 0x000000008e100000, 0x000000008e100000| Untracked 
| 226|0x000000008e200000, 0x000000008e200000, 0x000000008e300000|  0%| F|  |TAMS 0x000000008e200000, 0x000000008e200000| Untracked 
| 227|0x000000008e300000, 0x000000008e300000, 0x000000008e400000|  0%| F|  |TAMS 0x000000008e300000, 0x000000008e300000| Untracked 
| 228|0x000000008e400000, 0x000000008e400000, 0x000000008e500000|  0%| F|  |TAMS 0x000000008e400000, 0x000000008e400000| Untracked 
| 229|0x000000008e500000, 0x000000008e500000, 0x000000008e600000|  0%| F|  |TAMS 0x000000008e500000, 0x000000008e500000| Untracked 
| 230|0x000000008e600000, 0x000000008e600000, 0x000000008e700000|  0%| F|  |TAMS 0x000000008e600000, 0x000000008e600000| Untracked 
| 231|0x000000008e700000, 0x000000008e700000, 0x000000008e800000|  0%| F|  |TAMS 0x000000008e700000, 0x000000008e700000| Untracked 
| 232|0x000000008e800000, 0x000000008e800000, 0x000000008e900000|  0%| F|  |TAMS 0x000000008e800000, 0x000000008e800000| Untracked 
| 233|0x000000008e900000, 0x000000008e900000, 0x000000008ea00000|  0%| F|  |TAMS 0x000000008e900000, 0x000000008e900000| Untracked 
| 234|0x000000008ea00000, 0x000000008ea00000, 0x000000008eb00000|  0%| F|  |TAMS 0x000000008ea00000, 0x000000008ea00000| Untracked 
| 235|0x000000008eb00000, 0x000000008eb00000, 0x000000008ec00000|  0%| F|  |TAMS 0x000000008eb00000, 0x000000008eb00000| Untracked 
| 236|0x000000008ec00000, 0x000000008ec00000, 0x000000008ed00000|  0%| F|  |TAMS 0x000000008ec00000, 0x000000008ec00000| Untracked 
| 237|0x000000008ed00000, 0x000000008ed00000, 0x000000008ee00000|  0%| F|  |TAMS 0x000000008ed00000, 0x000000008ed00000| Untracked 
| 238|0x000000008ee00000, 0x000000008ee00000, 0x000000008ef00000|  0%| F|  |TAMS 0x000000008ee00000, 0x000000008ee00000| Untracked 
| 239|0x000000008ef00000, 0x000000008ef00000, 0x000000008f000000|  0%| F|  |TAMS 0x000000008ef00000, 0x000000008ef00000| Untracked 
| 240|0x000000008f000000, 0x000000008f000000, 0x000000008f100000|  0%| F|  |TAMS 0x000000008f000000, 0x000000008f000000| Untracked 
| 241|0x000000008f100000, 0x000000008f100000, 0x000000008f200000|  0%| F|  |TAMS 0x000000008f100000, 0x000000008f100000| Untracked 
| 242|0x000000008f200000, 0x000000008f200000, 0x000000008f300000|  0%| F|  |TAMS 0x000000008f200000, 0x000000008f200000| Untracked 
| 243|0x000000008f300000, 0x000000008f300000, 0x000000008f400000|  0%| F|  |TAMS 0x000000008f300000, 0x000000008f300000| Untracked 
| 244|0x000000008f400000, 0x000000008f400000, 0x000000008f500000|  0%| F|  |TAMS 0x000000008f400000, 0x000000008f400000| Untracked 
| 245|0x000000008f500000, 0x000000008f500000, 0x000000008f600000|  0%| F|  |TAMS 0x000000008f500000, 0x000000008f500000| Untracked 
| 246|0x000000008f600000, 0x000000008f600000, 0x000000008f700000|  0%| F|  |TAMS 0x000000008f600000, 0x000000008f600000| Untracked 
| 247|0x000000008f700000, 0x000000008f700000, 0x000000008f800000|  0%| F|  |TAMS 0x000000008f700000, 0x000000008f700000| Untracked 
| 248|0x000000008f800000, 0x000000008f800000, 0x000000008f900000|  0%| F|  |TAMS 0x000000008f800000, 0x000000008f800000| Untracked 
| 249|0x000000008f900000, 0x000000008f900000, 0x000000008fa00000|  0%| F|  |TAMS 0x000000008f900000, 0x000000008f900000| Untracked 
| 250|0x000000008fa00000, 0x000000008fa00000, 0x000000008fb00000|  0%| F|  |TAMS 0x000000008fa00000, 0x000000008fa00000| Untracked 
| 251|0x000000008fb00000, 0x000000008fb00000, 0x000000008fc00000|  0%| F|  |TAMS 0x000000008fb00000, 0x000000008fb00000| Untracked 
| 252|0x000000008fc00000, 0x000000008fc00000, 0x000000008fd00000|  0%| F|  |TAMS 0x000000008fc00000, 0x000000008fc00000| Untracked 
| 253|0x000000008fd00000, 0x000000008fd00000, 0x000000008fe00000|  0%| F|  |TAMS 0x000000008fd00000, 0x000000008fd00000| Untracked 
| 254|0x000000008fe00000, 0x000000008fe00000, 0x000000008ff00000|  0%| F|  |TAMS 0x000000008fe00000, 0x000000008fe00000| Untracked 
| 255|0x000000008ff00000, 0x000000008ff00000, 0x0000000090000000|  0%| F|  |TAMS 0x000000008ff00000, 0x000000008ff00000| Untracked 
| 256|0x0000000090000000, 0x0000000090000000, 0x0000000090100000|  0%| F|  |TAMS 0x0000000090000000, 0x0000000090000000| Untracked 
| 257|0x0000000090100000, 0x0000000090100000, 0x0000000090200000|  0%| F|  |TAMS 0x0000000090100000, 0x0000000090100000| Untracked 
| 258|0x0000000090200000, 0x0000000090200000, 0x0000000090300000|  0%| F|  |TAMS 0x0000000090200000, 0x0000000090200000| Untracked 
| 259|0x0000000090300000, 0x0000000090300000, 0x0000000090400000|  0%| F|  |TAMS 0x0000000090300000, 0x0000000090300000| Untracked 
| 260|0x0000000090400000, 0x0000000090400000, 0x0000000090500000|  0%| F|  |TAMS 0x0000000090400000, 0x0000000090400000| Untracked 
| 261|0x0000000090500000, 0x0000000090500000, 0x0000000090600000|  0%| F|  |TAMS 0x0000000090500000, 0x0000000090500000| Untracked 
| 262|0x0000000090600000, 0x0000000090600000, 0x0000000090700000|  0%| F|  |TAMS 0x0000000090600000, 0x0000000090600000| Untracked 
| 263|0x0000000090700000, 0x0000000090700000, 0x0000000090800000|  0%| F|  |TAMS 0x0000000090700000, 0x0000000090700000| Untracked 
| 264|0x0000000090800000, 0x0000000090800000, 0x0000000090900000|  0%| F|  |TAMS 0x0000000090800000, 0x0000000090800000| Untracked 
| 265|0x0000000090900000, 0x0000000090900000, 0x0000000090a00000|  0%| F|  |TAMS 0x0000000090900000, 0x0000000090900000| Untracked 
| 266|0x0000000090a00000, 0x0000000090a00000, 0x0000000090b00000|  0%| F|  |TAMS 0x0000000090a00000, 0x0000000090a00000| Untracked 
| 267|0x0000000090b00000, 0x0000000090b00000, 0x0000000090c00000|  0%| F|  |TAMS 0x0000000090b00000, 0x0000000090b00000| Untracked 
| 268|0x0000000090c00000, 0x0000000090c00000, 0x0000000090d00000|  0%| F|  |TAMS 0x0000000090c00000, 0x0000000090c00000| Untracked 
| 269|0x0000000090d00000, 0x0000000090d00000, 0x0000000090e00000|  0%| F|  |TAMS 0x0000000090d00000, 0x0000000090d00000| Untracked 
| 270|0x0000000090e00000, 0x0000000090e00000, 0x0000000090f00000|  0%| F|  |TAMS 0x0000000090e00000, 0x0000000090e00000| Untracked 
| 271|0x0000000090f00000, 0x0000000091000000, 0x0000000091000000|100%| S|CS|TAMS 0x0000000090f00000, 0x0000000090f00000| Complete 
| 272|0x0000000091000000, 0x0000000091100000, 0x0000000091100000|100%| S|CS|TAMS 0x0000000091000000, 0x0000000091000000| Complete 
| 273|0x0000000091100000, 0x0000000091200000, 0x0000000091200000|100%| S|CS|TAMS 0x0000000091100000, 0x0000000091100000| Complete 
| 274|0x0000000091200000, 0x0000000091300000, 0x0000000091300000|100%| S|CS|TAMS 0x0000000091200000, 0x0000000091200000| Complete 
| 275|0x0000000091300000, 0x0000000091400000, 0x0000000091400000|100%| S|CS|TAMS 0x0000000091300000, 0x0000000091300000| Complete 
| 276|0x0000000091400000, 0x0000000091400000, 0x0000000091500000|  0%| F|  |TAMS 0x0000000091400000, 0x0000000091400000| Untracked 
| 277|0x0000000091500000, 0x0000000091500000, 0x0000000091600000|  0%| F|  |TAMS 0x0000000091500000, 0x0000000091500000| Untracked 
| 278|0x0000000091600000, 0x0000000091600000, 0x0000000091700000|  0%| F|  |TAMS 0x0000000091600000, 0x0000000091600000| Untracked 
| 279|0x0000000091700000, 0x0000000091700000, 0x0000000091800000|  0%| F|  |TAMS 0x0000000091700000, 0x0000000091700000| Untracked 
| 280|0x0000000091800000, 0x0000000091800000, 0x0000000091900000|  0%| F|  |TAMS 0x0000000091800000, 0x0000000091800000| Untracked 
| 281|0x0000000091900000, 0x0000000091900000, 0x0000000091a00000|  0%| F|  |TAMS 0x0000000091900000, 0x0000000091900000| Untracked 
| 282|0x0000000091a00000, 0x0000000091a00000, 0x0000000091b00000|  0%| F|  |TAMS 0x0000000091a00000, 0x0000000091a00000| Untracked 
| 283|0x0000000091b00000, 0x0000000091b00000, 0x0000000091c00000|  0%| F|  |TAMS 0x0000000091b00000, 0x0000000091b00000| Untracked 
| 284|0x0000000091c00000, 0x0000000091c00000, 0x0000000091d00000|  0%| F|  |TAMS 0x0000000091c00000, 0x0000000091c00000| Untracked 
| 285|0x0000000091d00000, 0x0000000091d00000, 0x0000000091e00000|  0%| F|  |TAMS 0x0000000091d00000, 0x0000000091d00000| Untracked 
| 286|0x0000000091e00000, 0x0000000091e00000, 0x0000000091f00000|  0%| F|  |TAMS 0x0000000091e00000, 0x0000000091e00000| Untracked 
| 287|0x0000000091f00000, 0x0000000091f00000, 0x0000000092000000|  0%| F|  |TAMS 0x0000000091f00000, 0x0000000091f00000| Untracked 
| 288|0x0000000092000000, 0x0000000092000000, 0x0000000092100000|  0%| F|  |TAMS 0x0000000092000000, 0x0000000092000000| Untracked 
| 289|0x0000000092100000, 0x0000000092100000, 0x0000000092200000|  0%| F|  |TAMS 0x0000000092100000, 0x0000000092100000| Untracked 
| 290|0x0000000092200000, 0x0000000092200000, 0x0000000092300000|  0%| F|  |TAMS 0x0000000092200000, 0x0000000092200000| Untracked 
| 291|0x0000000092300000, 0x0000000092300000, 0x0000000092400000|  0%| F|  |TAMS 0x0000000092300000, 0x0000000092300000| Untracked 
| 292|0x0000000092400000, 0x0000000092400000, 0x0000000092500000|  0%| F|  |TAMS 0x0000000092400000, 0x0000000092400000| Untracked 
| 293|0x0000000092500000, 0x0000000092500000, 0x0000000092600000|  0%| F|  |TAMS 0x0000000092500000, 0x0000000092500000| Untracked 
| 294|0x0000000092600000, 0x0000000092600000, 0x0000000092700000|  0%| F|  |TAMS 0x0000000092600000, 0x0000000092600000| Untracked 
| 295|0x0000000092700000, 0x0000000092700000, 0x0000000092800000|  0%| F|  |TAMS 0x0000000092700000, 0x0000000092700000| Untracked 
| 296|0x0000000092800000, 0x0000000092800000, 0x0000000092900000|  0%| F|  |TAMS 0x0000000092800000, 0x0000000092800000| Untracked 
| 297|0x0000000092900000, 0x0000000092900000, 0x0000000092a00000|  0%| F|  |TAMS 0x0000000092900000, 0x0000000092900000| Untracked 
| 298|0x0000000092a00000, 0x0000000092a00000, 0x0000000092b00000|  0%| F|  |TAMS 0x0000000092a00000, 0x0000000092a00000| Untracked 
| 299|0x0000000092b00000, 0x0000000092b00000, 0x0000000092c00000|  0%| F|  |TAMS 0x0000000092b00000, 0x0000000092b00000| Untracked 
| 300|0x0000000092c00000, 0x0000000092c00000, 0x0000000092d00000|  0%| F|  |TAMS 0x0000000092c00000, 0x0000000092c00000| Untracked 
| 301|0x0000000092d00000, 0x0000000092d00000, 0x0000000092e00000|  0%| F|  |TAMS 0x0000000092d00000, 0x0000000092d00000| Untracked 
| 302|0x0000000092e00000, 0x0000000092e00000, 0x0000000092f00000|  0%| F|  |TAMS 0x0000000092e00000, 0x0000000092e00000| Untracked 
| 303|0x0000000092f00000, 0x0000000092f00000, 0x0000000093000000|  0%| F|  |TAMS 0x0000000092f00000, 0x0000000092f00000| Untracked 
| 304|0x0000000093000000, 0x0000000093000000, 0x0000000093100000|  0%| F|  |TAMS 0x0000000093000000, 0x0000000093000000| Untracked 
| 305|0x0000000093100000, 0x0000000093100000, 0x0000000093200000|  0%| F|  |TAMS 0x0000000093100000, 0x0000000093100000| Untracked 
| 306|0x0000000093200000, 0x0000000093200000, 0x0000000093300000|  0%| F|  |TAMS 0x0000000093200000, 0x0000000093200000| Untracked 
| 307|0x0000000093300000, 0x0000000093300000, 0x0000000093400000|  0%| F|  |TAMS 0x0000000093300000, 0x0000000093300000| Untracked 
| 308|0x0000000093400000, 0x0000000093400000, 0x0000000093500000|  0%| F|  |TAMS 0x0000000093400000, 0x0000000093400000| Untracked 
| 309|0x0000000093500000, 0x0000000093500000, 0x0000000093600000|  0%| F|  |TAMS 0x0000000093500000, 0x0000000093500000| Untracked 

Card table byte_map: [0x0000022b18860000,0x0000022b18c60000] _byte_map_base: 0x0000022b18460000

Marking Bits (Prev, Next): (CMBitMap*) 0x0000022b05685fa8, (CMBitMap*) 0x0000022b05685fe0
 Prev Bits: [0x0000022b19060000, 0x0000022b1b060000)
 Next Bits: [0x0000022b1b060000, 0x0000022b1d060000)

Polling page: 0x0000022b04e20000

Metaspace:

Usage:
  Non-class:     95.00 MB capacity,    93.38 MB ( 98%) used,     1.31 MB (  1%) free+waste,   312.63 KB ( <1%) overhead. 
      Class:     14.78 MB capacity,    13.80 MB ( 93%) used,   865.40 KB (  6%) free+waste,   139.69 KB ( <1%) overhead. 
       Both:    109.78 MB capacity,   107.18 MB ( 98%) used,     2.16 MB (  2%) free+waste,   452.31 KB ( <1%) overhead. 

Virtual space:
  Non-class space:       96.00 MB reserved,      95.25 MB (>99%) committed 
      Class space:        1.00 GB reserved,      14.82 MB (  1%) committed 
             Both:        1.09 GB reserved,     110.07 MB ( 10%) committed 

Chunk freelists:
   Non-Class:  62.00 KB
       Class:  3.00 KB
        Both:  65.00 KB

MaxMetaspaceSize: 17179869184.00 GB
CompressedClassSpaceSize: 1.00 GB

CodeHeap 'non-profiled nmethods': size=120000Kb used=8405Kb max_used=8405Kb free=111594Kb
 bounds [0x0000022b10c00000, 0x0000022b11440000, 0x0000022b18130000]
CodeHeap 'profiled nmethods': size=120000Kb used=28695Kb max_used=28695Kb free=91304Kb
 bounds [0x0000022b096d0000, 0x0000022b0b2e0000, 0x0000022b10c00000]
CodeHeap 'non-nmethods': size=5760Kb used=2321Kb max_used=2377Kb free=3438Kb
 bounds [0x0000022b09130000, 0x0000022b093a0000, 0x0000022b096d0000]
 total_blobs=14178 nmethods=13244 adapters=845
 compilation: enabled
              stopped_count=0, restarted_count=0
 full_count=0

Compilation events (20 events):
Event: 18.577 Thread 0x0000022b1fad9000 13400       2       com.sun.tools.javac.comp.Annotate::normal (10 bytes)
Event: 18.577 Thread 0x0000022b1fad9000 nmethod 13400 0x0000022b0b2d3910 code [0x0000022b0b2d3ac0, 0x0000022b0b2d3be8]
Event: 18.577 Thread 0x0000022b1fad9000 13399       2       com.sun.tools.javac.jvm.ClassReader::readField (55 bytes)
Event: 18.578 Thread 0x0000022b1fad9000 nmethod 13399 0x0000022b0b2d3c90 code [0x0000022b0b2d3ea0, 0x0000022b0b2d4268]
Event: 18.578 Thread 0x0000022b1fad9000 13398       2       com.sun.tools.javac.jvm.ClassReader::attachAnnotations (10 bytes)
Event: 18.578 Thread 0x0000022b1fad9000 nmethod 13398 0x0000022b0b2d4590 code [0x0000022b0b2d4760, 0x0000022b0b2d4898]
Event: 18.579 Thread 0x0000022b1fad9000 13401       2       com.sun.tools.javac.comp.Attr::pkind (8 bytes)
Event: 18.579 Thread 0x0000022b1fad9000 nmethod 13401 0x0000022b0b2d4990 code [0x0000022b0b2d4b40, 0x0000022b0b2d4c38]
Event: 18.579 Thread 0x0000022b1fad9000 13402       2       com.sun.tools.javac.comp.InferenceContext::free (9 bytes)
Event: 18.579 Thread 0x0000022b1fad9000 nmethod 13402 0x0000022b0b2d4d10 code [0x0000022b0b2d4ec0, 0x0000022b0b2d4fe8]
Event: 18.579 Thread 0x0000022b1fad9000 13403       2       com.sun.tools.javac.code.Type::containsAny (39 bytes)
Event: 18.580 Thread 0x0000022b1fad9000 nmethod 13403 0x0000022b0b2d5090 code [0x0000022b0b2d5280, 0x0000022b0b2d55e8]
Event: 18.580 Thread 0x0000022b1fad9000 13404       2       com.sun.tools.javac.util.JCDiagnostic$Fragment::<init> (11 bytes)
Event: 18.580 Thread 0x0000022b1fad9000 nmethod 13404 0x0000022b0b2d5790 code [0x0000022b0b2d5940, 0x0000022b0b2d5bb8]
Event: 18.580 Thread 0x0000022b1fad9000 13405       1       jdk.internal.jimage.ImageReader$LinkNode::isLink (2 bytes)
Event: 18.580 Thread 0x0000022b1fad9000 nmethod 13405 0x0000022b11433c10 code [0x0000022b11433dc0, 0x0000022b11433e78]
Event: 18.582 Thread 0x0000022b2043e800 nmethod 13390 0x0000022b11433f10 code [0x0000022b11434100, 0x0000022b11434638]
Event: 18.582 Thread 0x0000022b2043e800 13243       4       com.android.tools.r8.graph.T::a (20 bytes)
Event: 18.583 Thread 0x0000022b2306d800 nmethod 13069 0x0000022b11434b10 code [0x0000022b11434d00, 0x0000022b11435158]
Event: 18.583 Thread 0x0000022b2306d800 13406       4       com.android.tools.r8.graph.Q::g (62 bytes)

GC Heap History (20 events):
Event: 16.690 GC heap after
{Heap after GC invocations=35 (full 0):
 garbage-first heap   total 189440K, used 119606K [0x0000000080000000, 0x0000000100000000)
  region size 1024K, 3 young (3072K), 3 survivors (3072K)
 Metaspace       used 100886K, capacity 103087K, committed 103372K, reserved 1138688K
  class space    used 12826K, capacity 13666K, committed 13772K, reserved 1048576K
}
Event: 16.891 GC heap before
{Heap before GC invocations=35 (full 0):
 garbage-first heap   total 189440K, used 169782K [0x0000000080000000, 0x0000000100000000)
  region size 1024K, 33 young (33792K), 3 survivors (3072K)
 Metaspace       used 102917K, capacity 105222K, committed 105420K, reserved 1140736K
  class space    used 13088K, capacity 13953K, committed 14028K, reserved 1048576K
}
Event: 16.900 GC heap after
{Heap after GC invocations=36 (full 0):
 garbage-first heap   total 189440K, used 140421K [0x0000000080000000, 0x0000000100000000)
  region size 1024K, 5 young (5120K), 5 survivors (5120K)
 Metaspace       used 102917K, capacity 105222K, committed 105420K, reserved 1140736K
  class space    used 13088K, capacity 13953K, committed 14028K, reserved 1048576K
}
Event: 16.984 GC heap before
{Heap before GC invocations=37 (full 0):
 garbage-first heap   total 189440K, used 156805K [0x0000000080000000, 0x0000000100000000)
  region size 1024K, 22 young (22528K), 5 survivors (5120K)
 Metaspace       used 103587K, capacity 105900K, committed 106316K, reserved 1140736K
  class space    used 13142K, capacity 13987K, committed 14156K, reserved 1048576K
}
Event: 16.998 GC heap after
{Heap after GC invocations=38 (full 0):
 garbage-first heap   total 227328K, used 146432K [0x0000000080000000, 0x0000000100000000)
  region size 1024K, 3 young (3072K), 3 survivors (3072K)
 Metaspace       used 103587K, capacity 105900K, committed 106316K, reserved 1140736K
  class space    used 13142K, capacity 13987K, committed 14156K, reserved 1048576K
}
Event: 17.009 GC heap before
{Heap before GC invocations=38 (full 0):
 garbage-first heap   total 227328K, used 147456K [0x0000000080000000, 0x0000000100000000)
  region size 1024K, 6 young (6144K), 3 survivors (3072K)
 Metaspace       used 103613K, capacity 105932K, committed 106316K, reserved 1140736K
  class space    used 13145K, capacity 14019K, committed 14156K, reserved 1048576K
}
Event: 17.016 GC heap after
{Heap after GC invocations=39 (full 0):
 garbage-first heap   total 227328K, used 148120K [0x0000000080000000, 0x0000000100000000)
  region size 1024K, 2 young (2048K), 2 survivors (2048K)
 Metaspace       used 103613K, capacity 105932K, committed 106316K, reserved 1140736K
  class space    used 13145K, capacity 14019K, committed 14156K, reserved 1048576K
}
Event: 17.155 GC heap before
{Heap before GC invocations=39 (full 0):
 garbage-first heap   total 227328K, used 172696K [0x0000000080000000, 0x0000000100000000)
  region size 1024K, 23 young (23552K), 2 survivors (2048K)
 Metaspace       used 104538K, capacity 106907K, committed 107212K, reserved 1142784K
  class space    used 13280K, capacity 14152K, committed 14284K, reserved 1048576K
}
Event: 17.167 GC heap after
{Heap after GC invocations=40 (full 0):
 garbage-first heap   total 227328K, used 157236K [0x0000000080000000, 0x0000000100000000)
  region size 1024K, 3 young (3072K), 3 survivors (3072K)
 Metaspace       used 104538K, capacity 106907K, committed 107212K, reserved 1142784K
  class space    used 13280K, capacity 14152K, committed 14284K, reserved 1048576K
}
Event: 17.419 GC heap before
{Heap before GC invocations=41 (full 0):
 garbage-first heap   total 227328K, used 177716K [0x0000000080000000, 0x0000000100000000)
  region size 1024K, 23 young (23552K), 3 survivors (3072K)
 Metaspace       used 106805K, capacity 109274K, committed 109388K, reserved 1144832K
  class space    used 13727K, capacity 14650K, committed 14668K, reserved 1048576K
}
Event: 17.436 GC heap after
{Heap after GC invocations=42 (full 0):
 garbage-first heap   total 227328K, used 163456K [0x0000000080000000, 0x0000000100000000)
  region size 1024K, 3 young (3072K), 3 survivors (3072K)
 Metaspace       used 106805K, capacity 109274K, committed 109388K, reserved 1144832K
  class space    used 13727K, capacity 14650K, committed 14668K, reserved 1048576K
}
Event: 17.522 GC heap before
{Heap before GC invocations=42 (full 0):
 garbage-first heap   total 227328K, used 181888K [0x0000000080000000, 0x0000000100000000)
  region size 1024K, 21 young (21504K), 3 survivors (3072K)
 Metaspace       used 106911K, capacity 109345K, committed 109388K, reserved 1144832K
  class space    used 13728K, capacity 14650K, committed 14668K, reserved 1048576K
}
Event: 17.539 GC heap after
{Heap after GC invocations=43 (full 0):
 garbage-first heap   total 317440K, used 172828K [0x0000000080000000, 0x0000000100000000)
  region size 1024K, 3 young (3072K), 3 survivors (3072K)
 Metaspace       used 106911K, capacity 109345K, committed 109388K, reserved 1144832K
  class space    used 13728K, capacity 14650K, committed 14668K, reserved 1048576K
}
Event: 17.740 GC heap before
{Heap before GC invocations=43 (full 0):
 garbage-first heap   total 317440K, used 213788K [0x0000000080000000, 0x0000000100000000)
  region size 1024K, 44 young (45056K), 3 survivors (3072K)
 Metaspace       used 107003K, capacity 109415K, committed 109644K, reserved 1144832K
  class space    used 13728K, capacity 14650K, committed 14668K, reserved 1048576K
}
Event: 17.763 GC heap after
{Heap after GC invocations=44 (full 0):
 garbage-first heap   total 317440K, used 194956K [0x0000000080000000, 0x0000000100000000)
  region size 1024K, 6 young (6144K), 6 survivors (6144K)
 Metaspace       used 107003K, capacity 109415K, committed 109644K, reserved 1144832K
  class space    used 13728K, capacity 14650K, committed 14668K, reserved 1048576K
}
Event: 18.052 GC heap before
{Heap before GC invocations=45 (full 0):
 garbage-first heap   total 317440K, used 230796K [0x0000000080000000, 0x0000000100000000)
  region size 1024K, 41 young (41984K), 6 survivors (6144K)
 Metaspace       used 108338K, capacity 110895K, committed 111180K, reserved 1144832K
  class space    used 13922K, capacity 14865K, committed 14924K, reserved 1048576K
}
Event: 18.078 GC heap after
{Heap after GC invocations=46 (full 0):
 garbage-first heap   total 317440K, used 210944K [0x0000000080000000, 0x0000000100000000)
  region size 1024K, 6 young (6144K), 6 survivors (6144K)
 Metaspace       used 108338K, capacity 110895K, committed 111180K, reserved 1144832K
  class space    used 13922K, capacity 14865K, committed 14924K, reserved 1048576K
}
Event: 18.281 GC heap before
{Heap before GC invocations=46 (full 0):
 garbage-first heap   total 317440K, used 233472K [0x0000000080000000, 0x0000000100000000)
  region size 1024K, 29 young (29696K), 6 survivors (6144K)
 Metaspace       used 108931K, capacity 111505K, committed 111820K, reserved 1146880K
  class space    used 14008K, capacity 14977K, committed 15052K, reserved 1048576K
}
Event: 18.299 GC heap after
{Heap after GC invocations=47 (full 0):
 garbage-first heap   total 317440K, used 217525K [0x0000000080000000, 0x0000000100000000)
  region size 1024K, 5 young (5120K), 5 survivors (5120K)
 Metaspace       used 108931K, capacity 111505K, committed 111820K, reserved 1146880K
  class space    used 14008K, capacity 14977K, committed 15052K, reserved 1048576K
}
Event: 18.583 GC heap before
{Heap before GC invocations=47 (full 0):
 garbage-first heap   total 317440K, used 248245K [0x0000000080000000, 0x0000000100000000)
  region size 1024K, 34 young (34816K), 5 survivors (5120K)
 Metaspace       used 109754K, capacity 112415K, committed 112716K, reserved 1146880K
  class space    used 14127K, capacity 15133K, committed 15180K, reserved 1048576K
}

Deoptimization events (20 events):
Event: 18.525 Thread 0x0000022b282ac000 DEOPT PACKING pc=0x0000022b0b129b7e sp=0x0000006b22efcf30
Event: 18.525 Thread 0x0000022b282ac000 DEOPT UNPACKING pc=0x0000022b091576ce sp=0x0000006b22efc4b0 mode 0
Event: 18.530 Thread 0x0000022b282a7000 DEOPT PACKING pc=0x0000022b0b298474 sp=0x0000006b22bfbbd0
Event: 18.530 Thread 0x0000022b282a7000 DEOPT UNPACKING pc=0x0000022b091576ce sp=0x0000006b22bfb150 mode 0
Event: 18.540 Thread 0x0000022b282ac000 DEOPT PACKING pc=0x0000022b0b129b7e sp=0x0000006b22efcf30
Event: 18.540 Thread 0x0000022b282ac000 DEOPT UNPACKING pc=0x0000022b091576ce sp=0x0000006b22efc4b0 mode 0
Event: 18.550 Thread 0x0000022b282ac000 DEOPT PACKING pc=0x0000022b0b129b7e sp=0x0000006b22efcf30
Event: 18.550 Thread 0x0000022b282ac000 DEOPT UNPACKING pc=0x0000022b091576ce sp=0x0000006b22efc4b0 mode 0
Event: 18.560 Thread 0x0000022b282ac000 DEOPT PACKING pc=0x0000022b0b129b7e sp=0x0000006b22efcf30
Event: 18.560 Thread 0x0000022b282ac000 DEOPT UNPACKING pc=0x0000022b091576ce sp=0x0000006b22efc4b0 mode 0
Event: 18.568 Thread 0x0000022b282ac000 DEOPT PACKING pc=0x0000022b0b129b7e sp=0x0000006b22efcf30
Event: 18.568 Thread 0x0000022b282ac000 DEOPT UNPACKING pc=0x0000022b091576ce sp=0x0000006b22efc4b0 mode 0
Event: 18.569 Thread 0x0000022b282a7000 DEOPT PACKING pc=0x0000022b0b256b8f sp=0x0000006b22bfc190
Event: 18.570 Thread 0x0000022b282a7000 DEOPT UNPACKING pc=0x0000022b091576ce sp=0x0000006b22bfb698 mode 0
Event: 18.571 Thread 0x0000022b282a7000 DEOPT PACKING pc=0x0000022b0b256b8f sp=0x0000006b22bfc340
Event: 18.571 Thread 0x0000022b282a7000 DEOPT UNPACKING pc=0x0000022b091576ce sp=0x0000006b22bfb848 mode 0
Event: 18.574 Thread 0x0000022b282a7000 DEOPT PACKING pc=0x0000022b0b256b8f sp=0x0000006b22bfc340
Event: 18.574 Thread 0x0000022b282a7000 DEOPT UNPACKING pc=0x0000022b091576ce sp=0x0000006b22bfb848 mode 0
Event: 18.576 Thread 0x0000022b282ac000 DEOPT PACKING pc=0x0000022b0b129b7e sp=0x0000006b22efcf30
Event: 18.576 Thread 0x0000022b282ac000 DEOPT UNPACKING pc=0x0000022b091576ce sp=0x0000006b22efc4b0 mode 0

Classes redefined (0 events):
No events

Internal exceptions (20 events):
Event: 17.279 Thread 0x0000022b28d4b000 Exception <a 'java/lang/IncompatibleClassChangeError'{0x000000008d83c5e8}: Found class java.lang.Object, but interface was expected> (0x000000008d83c5e8) thrown at [./src/hotspot/share/interpreter/linkResolver.cpp, line 839]
Event: 17.279 Thread 0x0000022b28d4c000 Exception <a 'java/lang/IncompatibleClassChangeError'{0x000000008d838240}: Found class java.lang.Object, but interface was expected> (0x000000008d838240) thrown at [./src/hotspot/share/interpreter/linkResolver.cpp, line 839]
Event: 17.279 Thread 0x0000022b282aa800 Exception <a 'java/lang/IncompatibleClassChangeError'{0x000000008d856488}: Found class java.lang.Object, but interface was expected> (0x000000008d856488) thrown at [./src/hotspot/share/interpreter/linkResolver.cpp, line 839]
Event: 17.279 Thread 0x0000022b28d49800 Exception <a 'java/lang/IncompatibleClassChangeError'{0x000000008d82e358}: Found class java.lang.Object, but interface was expected> (0x000000008d82e358) thrown at [./src/hotspot/share/interpreter/linkResolver.cpp, line 839]
Event: 17.279 Thread 0x0000022b28d4c000 Exception <a 'java/lang/IncompatibleClassChangeError'{0x000000008d838a20}: Found class java.lang.Object, but interface was expected> (0x000000008d838a20) thrown at [./src/hotspot/share/interpreter/linkResolver.cpp, line 839]
Event: 17.341 Thread 0x0000022b282a7000 Implicit null exception at 0x0000022b10d6f6ac to 0x0000022b10d6f85a
Event: 17.954 Thread 0x0000022b282ac000 Exception <a 'java/lang/NoSuchMethodError'{0x000000009184f6b0}: 'int java.lang.invoke.DirectMethodHandle$Holder.invokeVirtual(java.lang.Object, java.lang.Object, java.lang.Object, java.lang.Object)'> (0x000000009184f6b0) thrown at [./src/hotspot/share/interpreter/linkResolver.cpp, line 773]
Event: 17.996 Thread 0x0000022b282ac000 Exception <a 'java/lang/NoSuchMethodError'{0x000000009165d878}: 'void java.lang.invoke.DirectMethodHandle$Holder.invokeStatic(java.lang.Object, java.lang.Object, java.lang.Object, int)'> (0x000000009165d878) thrown at [./src/hotspot/share/interpreter/linkResolver.cpp, line 773]
Event: 17.997 Thread 0x0000022b282ac000 Exception <a 'java/lang/IncompatibleClassChangeError'{0x0000000091665608}: Found class java.lang.Object, but interface was expected> (0x0000000091665608) thrown at [./src/hotspot/share/interpreter/linkResolver.cpp, line 839]
Event: 18.002 Thread 0x0000022b282a9800 Exception <a 'java/lang/NoSuchMethodError'{0x0000000091514fc0}: 'int java.lang.invoke.DirectMethodHandle$Holder.invokeVirtual(java.lang.Object, java.lang.Object, java.lang.Object)'> (0x0000000091514fc0) thrown at [./src/hotspot/share/interpreter/linkResolver.cpp, line 773]
Event: 18.002 Thread 0x0000022b282a8000 Exception <a 'java/lang/NoSuchMethodError'{0x00000000916fe888}: 'int java.lang.invoke.DirectMethodHandle$Holder.invokeVirtual(java.lang.Object, java.lang.Object, java.lang.Object)'> (0x00000000916fe888) thrown at [./src/hotspot/share/interpreter/linkResolver.cpp, line 773]
Event: 18.002 Thread 0x0000022b28d4b000 Exception <a 'java/lang/NoSuchMethodError'{0x0000000091501328}: 'int java.lang.invoke.DirectMethodHandle$Holder.invokeVirtual(java.lang.Object, java.lang.Object, java.lang.Object)'> (0x0000000091501328) thrown at [./src/hotspot/share/interpreter/linkResolver.cpp, line 773]
Event: 18.002 Thread 0x0000022b282aa800 Exception <a 'java/lang/NoSuchMethodError'{0x00000000923c1bd0}: 'int java.lang.invoke.DirectMethodHandle$Holder.invokeVirtual(java.lang.Object, java.lang.Object, java.lang.Object)'> (0x00000000923c1bd0) thrown at [./src/hotspot/share/interpreter/linkResolver.cpp, line 773]
Event: 18.002 Thread 0x0000022b28d4c000 Exception <a 'java/lang/NoSuchMethodError'{0x00000000934d2438}: 'int java.lang.invoke.DirectMethodHandle$Holder.invokeVirtual(java.lang.Object, java.lang.Object, java.lang.Object)'> (0x00000000934d2438) thrown at [./src/hotspot/share/interpreter/linkResolver.cpp, line 773]
Event: 18.274 Thread 0x0000022b282ac000 Implicit null exception at 0x0000022b1138e322 to 0x0000022b1138ec70
Event: 18.339 Thread 0x0000022b282ac000 Exception <a 'java/lang/NoSuchMethodError'{0x00000000930d08f0}: 'java.lang.Object java.lang.invoke.Invokers$Holder.linkToTargetMethod(java.lang.Object, int, java.lang.Object, java.lang.Object, java.lang.Object, java.lang.Object)'> (0x00000000930d08f0) thrown at [./src/hotspot/share/interpreter/linkResolver.cpp, line 773]
Event: 18.340 Thread 0x0000022b282ac000 Exception <a 'java/lang/NoSuchMethodError'{0x00000000930d45a8}: 'void java.lang.invoke.DirectMethodHandle$Holder.invokeSpecial(java.lang.Object, java.lang.Object, java.lang.Object, java.lang.Object, java.lang.Object, java.lang.Object, java.lang.Object, java.lang.Object, java.lang.Object)'> (0x00000000930d45a8) thrown at [./src/hotspot/share/interpreter/linkResolver.cpp, line 773]
Event: 18.340 Thread 0x0000022b282ac000 Exception <a 'java/lang/NoSuchMethodError'{0x00000000930dd7a0}: 'java.lang.Object java.lang.invoke.Invokers$Holder.linkToTargetMethod(java.lang.Object, java.lang.Object, java.lang.Object, java.lang.Object, java.lang.Object, java.lang.Object, java.lang.Object)'> (0x00000000930dd7a0) thrown at [./src/hotspot/share/interpreter/linkResolver.cpp, line 773]
Event: 18.347 Thread 0x0000022b282ac000 Exception <a 'java/lang/IncompatibleClassChangeError'{0x0000000092e72790}: Found class java.lang.Object, but interface was expected> (0x0000000092e72790) thrown at [./src/hotspot/share/interpreter/linkResolver.cpp, line 839]
Event: 18.418 Thread 0x0000022b282ac000 Exception <a 'java/lang/NoSuchMethodError'{0x0000000092bfa708}: 'void java.lang.invoke.DirectMethodHandle$Holder.invokeStatic(java.lang.Object, java.lang.Object, java.lang.Object, java.lang.Object, java.lang.Object, java.lang.Object, java.lang.Object, java.lang.Object)'> (0x0000000092bfa708) thrown at [./src/hotspot/share/interpreter/linkResolver.cpp, line 773]

Events (20 events):
Event: 18.447 loading class com/sun/tools/javac/code/Symbol$VarSymbol done
Event: 18.452 loading class com/sun/tools/javac/comp/Env
Event: 18.452 loading class com/sun/tools/javac/comp/Env done
Event: 18.452 loading class com/sun/tools/javac/code/TypeAnnotations
Event: 18.452 loading class com/sun/tools/javac/code/TypeAnnotations done
Event: 18.453 loading class com/sun/tools/javac/comp/Env
Event: 18.453 loading class com/sun/tools/javac/comp/Env done
Event: 18.453 loading class com/sun/tools/javac/code/TypeAnnotations
Event: 18.453 loading class com/sun/tools/javac/code/TypeAnnotations done
Event: 18.456 loading class com/sun/tools/javac/util/JCDiagnostic$Factory
Event: 18.456 loading class com/sun/tools/javac/util/JCDiagnostic$Factory done
Event: 18.476 loading class com/sun/tools/javac/code/Symbol
Event: 18.476 loading class com/sun/tools/javac/code/Symbol done
Event: 18.476 loading class com/sun/tools/javac/comp/Annotate
Event: 18.476 loading class com/sun/tools/javac/comp/Annotate done
Event: 18.476 loading class com/sun/tools/javac/comp/Env
Event: 18.476 loading class com/sun/tools/javac/comp/Env done
Event: 18.476 loading class com/sun/tools/javac/comp/Annotate
Event: 18.476 loading class com/sun/tools/javac/comp/Annotate done
Event: 18.583 Executing VM operation: G1CollectForAllocation


Dynamic libraries:
0x00007ff60d080000 - 0x00007ff60d08a000 	C:\Program Files\Android\Android Studio\jre\bin\java.exe
0x00007ffb19930000 - 0x00007ffb19b25000 	C:\WINDOWS\SYSTEM32\ntdll.dll
0x00007ffae0640000 - 0x00007ffae0656000 	C:\Program Files\Avast Software\Avast\aswhook.dll
0x00007ffb17a30000 - 0x00007ffb17aee000 	C:\WINDOWS\System32\KERNEL32.DLL
0x00007ffb175a0000 - 0x00007ffb17868000 	C:\WINDOWS\System32\KERNELBASE.dll
0x00007ffb17110000 - 0x00007ffb17210000 	C:\WINDOWS\System32\ucrtbase.dll
0x00007ffb10c60000 - 0x00007ffb10c79000 	C:\Program Files\Android\Android Studio\jre\bin\jli.dll
0x00007ffb10ca0000 - 0x00007ffb10cb7000 	C:\Program Files\Android\Android Studio\jre\bin\VCRUNTIME140.dll
0x00007ffb186f0000 - 0x00007ffb18891000 	C:\WINDOWS\System32\USER32.dll
0x00007ffb17050000 - 0x00007ffb17072000 	C:\WINDOWS\System32\win32u.dll
0x00007ffb06d10000 - 0x00007ffb06faa000 	C:\WINDOWS\WinSxS\amd64_microsoft.windows.common-controls_6595b64144ccf1df_6.0.19041.1110_none_60b5254171f9507e\COMCTL32.dll
0x00007ffb17af0000 - 0x00007ffb17b1b000 	C:\WINDOWS\System32\GDI32.dll
0x00007ffb19740000 - 0x00007ffb197de000 	C:\WINDOWS\System32\msvcrt.dll
0x00007ffb17870000 - 0x00007ffb1797b000 	C:\WINDOWS\System32\gdi32full.dll
0x00007ffb172c0000 - 0x00007ffb1735d000 	C:\WINDOWS\System32\msvcp_win.dll
0x00007ffb18a50000 - 0x00007ffb18a80000 	C:\WINDOWS\System32\IMM32.DLL
0x00007ffaf8040000 - 0x00007ffaf80dd000 	C:\Program Files\Android\Android Studio\jre\bin\msvcp140.dll
0x00007ffac2240000 - 0x00007ffac2d0f000 	C:\Program Files\Android\Android Studio\jre\bin\server\jvm.dll
0x00007ffb17980000 - 0x00007ffb17a2c000 	C:\WINDOWS\System32\ADVAPI32.dll
0x00007ffb182e0000 - 0x00007ffb1837b000 	C:\WINDOWS\System32\sechost.dll
0x00007ffb18530000 - 0x00007ffb1865a000 	C:\WINDOWS\System32\RPCRT4.dll
0x00007ffb19730000 - 0x00007ffb19738000 	C:\WINDOWS\System32\PSAPI.DLL
0x00007ffb06590000 - 0x00007ffb06599000 	C:\WINDOWS\SYSTEM32\WSOCK32.dll
0x00007ffb06b30000 - 0x00007ffb06b57000 	C:\WINDOWS\SYSTEM32\WINMM.dll
0x00007ffb15e30000 - 0x00007ffb15e3a000 	C:\WINDOWS\SYSTEM32\VERSION.dll
0x00007ffb18b50000 - 0x00007ffb18bbb000 	C:\WINDOWS\System32\WS2_32.dll
0x00007ffb15df0000 - 0x00007ffb15e02000 	C:\WINDOWS\SYSTEM32\kernel.appcore.dll
0x00007ffb11060000 - 0x00007ffb11071000 	C:\Program Files\Android\Android Studio\jre\bin\verify.dll
0x00007ffb15440000 - 0x00007ffb15624000 	C:\WINDOWS\SYSTEM32\DBGHELP.DLL
0x00007ffb078a0000 - 0x00007ffb078cc000 	C:\WINDOWS\SYSTEM32\dbgcore.DLL
0x00007ffb17080000 - 0x00007ffb17103000 	C:\WINDOWS\System32\bcryptPrimitives.dll
0x00007ffb11030000 - 0x00007ffb11059000 	C:\Program Files\Android\Android Studio\jre\bin\java.dll
0x00007ffb12560000 - 0x00007ffb1256b000 	C:\Program Files\Android\Android Studio\jre\bin\jimage.dll
0x00007ffb10dc0000 - 0x00007ffb10dd8000 	C:\Program Files\Android\Android Studio\jre\bin\zip.dll
0x00007ffb17ba0000 - 0x00007ffb182df000 	C:\WINDOWS\System32\SHELL32.dll
0x00007ffb14be0000 - 0x00007ffb15370000 	C:\WINDOWS\SYSTEM32\windows.storage.dll
0x00007ffb192f0000 - 0x00007ffb19645000 	C:\WINDOWS\System32\combase.dll
0x00007ffb169d0000 - 0x00007ffb169fe000 	C:\WINDOWS\SYSTEM32\Wldp.dll
0x00007ffb197e0000 - 0x00007ffb1988d000 	C:\WINDOWS\System32\SHCORE.dll
0x00007ffb18a90000 - 0x00007ffb18ae5000 	C:\WINDOWS\System32\shlwapi.dll
0x00007ffb16f90000 - 0x00007ffb16faf000 	C:\WINDOWS\SYSTEM32\profapi.dll
0x00007ffb10da0000 - 0x00007ffb10dba000 	C:\Program Files\Android\Android Studio\jre\bin\net.dll
0x00007ffb07730000 - 0x00007ffb0783c000 	C:\WINDOWS\SYSTEM32\WINHTTP.dll
0x00007ffb16730000 - 0x00007ffb1679a000 	C:\WINDOWS\system32\mswsock.dll
0x00007ffb10d80000 - 0x00007ffb10d94000 	C:\Program Files\Android\Android Studio\jre\bin\nio.dll
0x00007ffb0edd0000 - 0x00007ffb0edf7000 	C:\Users\AnNHT_XDSNViDai\.gradle\native\8bec1ad78214c89d9ad589b4d07fe93259594b29d510b10fafb7a158f7737e5d\windows-amd64\native-platform.dll
0x00007ffac8590000 - 0x00007ffac86cd000 	C:\Users\AnNHT_XDSNViDai\.gradle\native\53dbd7edfb1c66fb8903c78663c9afc45aea4f116125fa6feffd364cf09443e8\windows-amd64\native-platform-file-events.dll
0x00007ffb10d70000 - 0x00007ffb10d7a000 	C:\Program Files\Android\Android Studio\jre\bin\management.dll
0x00007ffb10d60000 - 0x00007ffb10d6c000 	C:\Program Files\Android\Android Studio\jre\bin\management_ext.dll
0x00007ffb16930000 - 0x00007ffb16948000 	C:\WINDOWS\SYSTEM32\CRYPTSP.dll
0x00007ffb160b0000 - 0x00007ffb160e4000 	C:\WINDOWS\system32\rsaenh.dll
0x00007ffb17360000 - 0x00007ffb17387000 	C:\WINDOWS\System32\bcrypt.dll
0x00007ffb16f50000 - 0x00007ffb16f7e000 	C:\WINDOWS\SYSTEM32\USERENV.dll
0x00007ffb16920000 - 0x00007ffb1692c000 	C:\WINDOWS\SYSTEM32\CRYPTBASE.dll
0x00007ffb16420000 - 0x00007ffb1645b000 	C:\WINDOWS\SYSTEM32\IPHLPAPI.DLL
0x00007ffb19650000 - 0x00007ffb19658000 	C:\WINDOWS\System32\NSI.dll
0x00007ffb0dd60000 - 0x00007ffb0dd77000 	C:\WINDOWS\SYSTEM32\dhcpcsvc6.DLL
0x00007ffb0e940000 - 0x00007ffb0e95d000 	C:\WINDOWS\SYSTEM32\dhcpcsvc.DLL
0x00007ffb16460000 - 0x00007ffb1652b000 	C:\WINDOWS\SYSTEM32\DNSAPI.dll

dbghelp: loaded successfully - version: 4.0.5 - missing functions: none
symbol engine: initialized successfully - sym options: 0x614 - pdb path: .;C:\Program Files\Android\Android Studio\jre\bin;C:\WINDOWS\SYSTEM32;C:\Program Files\Avast Software\Avast;C:\WINDOWS\WinSxS\amd64_microsoft.windows.common-controls_6595b64144ccf1df_6.0.19041.1110_none_60b5254171f9507e;C:\Program Files\Android\Android Studio\jre\bin\server;C:\Users\AnNHT_XDSNViDai\.gradle\native\8bec1ad78214c89d9ad589b4d07fe93259594b29d510b10fafb7a158f7737e5d\windows-amd64;C:\Users\AnNHT_XDSNViDai\.gradle\native\53dbd7edfb1c66fb8903c78663c9afc45aea4f116125fa6feffd364cf09443e8\windows-amd64

VM Arguments:
jvm_args: --add-opens=java.base/java.util=ALL-UNNAMED --add-opens=java.base/java.lang=ALL-UNNAMED --add-opens=java.base/java.lang.invoke=ALL-UNNAMED --add-opens=java.base/java.util=ALL-UNNAMED --add-opens=java.prefs/java.util.prefs=ALL-UNNAMED --add-opens=java.prefs/java.util.prefs=ALL-UNNAMED --add-opens=java.base/java.nio.charset=ALL-UNNAMED --add-opens=java.base/java.net=ALL-UNNAMED --add-opens=java.base/java.util.concurrent.atomic=ALL-UNNAMED -Xmx2048m -Dfile.encoding=UTF-8 -Duser.country=US -Duser.language=en -Duser.variant 
java_command: org.gradle.launcher.daemon.bootstrap.GradleDaemon 7.0.2
java_class_path (initial): C:\Users\AnNHT_XDSNViDai\.gradle\wrapper\dists\gradle-7.0.2-bin\857tjihv64xamwrf0h14cai3r\gradle-7.0.2\lib\gradle-launcher-7.0.2.jar
Launcher Type: SUN_STANDARD

[Global flags]
     intx CICompilerCount                          = 4                                         {product} {ergonomic}
     uint ConcGCThreads                            = 2                                         {product} {ergonomic}
     uint G1ConcRefinementThreads                  = 8                                         {product} {ergonomic}
   size_t G1HeapRegionSize                         = 1048576                                   {product} {ergonomic}
    uintx GCDrainStackTargetSize                   = 64                                        {product} {ergonomic}
   size_t InitialHeapSize                          = 134217728                                 {product} {ergonomic}
   size_t MarkStackSize                            = 4194304                                   {product} {ergonomic}
   size_t MaxHeapSize                              = 2147483648                                {product} {command line}
   size_t MaxNewSize                               = 1287651328                                {product} {ergonomic}
   size_t MinHeapDeltaBytes                        = 1048576                                   {product} {ergonomic}
    uintx NonNMethodCodeHeapSize                   = 5836300                                {pd product} {ergonomic}
    uintx NonProfiledCodeHeapSize                  = 122910970                              {pd product} {ergonomic}
    uintx ProfiledCodeHeapSize                     = 122910970                              {pd product} {ergonomic}
    uintx ReservedCodeCacheSize                    = 251658240                              {pd product} {ergonomic}
     bool SegmentedCodeCache                       = true                                      {product} {ergonomic}
     bool UseCompressedClassPointers               = true                                 {lp64_product} {ergonomic}
     bool UseCompressedOops                        = true                                 {lp64_product} {ergonomic}
     bool UseG1GC                                  = true                                      {product} {ergonomic}
     bool UseLargePagesIndividualAllocation        = false                                  {pd product} {ergonomic}

Logging:
Log output configuration:
 #0: stdout all=warning uptime,level,tags
 #1: stderr all=off uptime,level,tags

Environment Variables:
PATH=C:\Program Files (x86)\Common Files\Oracle\Java\javapath;C:\Program Files (x86)\Intel\Intel(R) Management Engine Components\iCLS\;C:\Program Files\Intel\Intel(R) Management Engine Components\iCLS\;C:\WINDOWS\system32;C:\WINDOWS;C:\WINDOWS\System32\Wbem;C:\WINDOWS\System32\WindowsPowerShell\v1.0\;C:\Program Files (x86)\Intel\Intel(R) Management Engine Components\DAL;C:\Program Files\Intel\Intel(R) Management Engine Components\DAL;C:\Program Files (x86)\Intel\Intel(R) Management Engine Components\IPT;C:\Program Files\Intel\Intel(R) Management Engine Components\IPT;C:\WINDOWS\System32\OpenSSH\;C:\Program Files\dotnet\;C:\Windows\system32;C:\Program Files\nodejs\;C:\Program Files\Git\cmd;C:\Program Files (x86)\dotnet\;C:\Users\AnNHT_XDSNViDai\AppData\Local\Programs\Python\Python38-32\Scripts\;C:\Users\AnNHT_XDSNViDai\AppData\Local\Programs\Python\Python38-32\;C:\Users\AnNHT_XDSNViDai\AppData\Local\Microsoft\WindowsApps;C:\Users\AnNHT_XDSNViDai\AppData\Roaming\npm;C:\Users\AnNHT_XDSNViDai\AppData\Local\GitHubDesktop\bin;C:\src\flutter\bin;
USERNAME=AnNHT
OS=Windows_NT
PROCESSOR_IDENTIFIER=Intel64 Family 6 Model 142 Stepping 10, GenuineIntel



---------------  S Y S T E M  ---------------

OS: Windows 10 , 64 bit Build 19041 (10.0.19041.1348)
OS uptime: 5 days 9:41 hours

CPU:total 8 (initial active 8) (4 cores per cpu, 2 threads per core) family 6 model 142 stepping 10 microcode 0xea, cmov, cx8, fxsr, mmx, sse, sse2, sse3, ssse3, sse4.1, sse4.2, popcnt, avx, avx2, aes, clmul, erms, 3dnowpref, lzcnt, ht, tsc, tscinvbit, bmi1, bmi2, adx, fma

Memory: 4k page, system-wide physical 8089M (544M free)
TotalPageFile size 14089M (AvailPageFile size 309M)
current process WorkingSet (physical memory assigned to process): 591M, peak: 594M
current process commit charge ("private bytes"): 669M, peak: 979M

vm_info: OpenJDK 64-Bit Server VM (11.0.10+0-b96-7249189) for windows-amd64 JRE (11.0.10+0-b96-7249189), built on Mar 31 2021 21:44:00 by "builder" with MS VC++ 14.0 (VS2015)

END.
