#
# There is insufficient memory for the Java Runtime Environment to continue.
# Native memory allocation (malloc) failed to allocate 1048576 bytes for AllocateHeap
# Possible reasons:
#   The system is out of physical RAM or swap space
#   The process is running with CompressedOops enabled, and the Java Heap may be blocking the growth of the native heap
# Possible solutions:
#   Reduce memory load on the system
#   Increase physical memory or swap space
#   Check if swap backing store is full
#   Decrease Java heap size (-Xmx/-Xms)
#   Decrease number of Java threads
#   Decrease Java thread stack sizes (-Xss)
#   Set larger code cache with -XX:ReservedCodeCacheSize=
#   JVM is running with Unscaled Compressed Oops mode in which the Java heap is
#     placed in the first 4GB address space. The Java Heap base address is the
#     maximum limit for the native heap growth. Please use -XX:HeapBaseMinAddress
#     to set the Java Heap base and to place the Java Heap above 4GB virtual address.
# This output file may be truncated or incomplete.
#
#  Out of Memory Error (./src/hotspot/share/memory/allocation.cpp:46), pid=10340, tid=2992
#
# JRE version: OpenJDK Runtime Environment (11.0.10) (build 11.0.10+0-b96-7249189)
# Java VM: OpenJDK 64-Bit Server VM (11.0.10+0-b96-7249189, mixed mode, tiered, compressed oops, g1 gc, windows-amd64)
# No core dump will be written. Minidumps are not enabled by default on client versions of Windows
#

---------------  S U M M A R Y ------------

Command Line: org.jetbrains.kotlin.cli.jvm.K2JVMCompiler @E:\AndroidStudioProject\AnNHT2_Mock_Final_FresherAndroid_07\app\build\20220109_17632104577096479264.compiler.options

Host: Intel(R) Core(TM) i7-8550U CPU @ 1.80GHz, 8 cores, 7G,  Windows 10 , 64 bit Build 19041 (10.0.19041.1348)
Time: Sun Jan  9 02:56:59 2022 SE Asia Standard Time elapsed time: 2.428042 seconds (0d 0h 0m 2s)

---------------  T H R E A D  ---------------

Current thread (0x0000018c7d985000):  VMThread "VM Thread" [stack: 0x0000001c88200000,0x0000001c88300000] [id=2992]

Stack: [0x0000001c88200000,0x0000001c88300000]
[error occurred during error reporting (printing stack bounds), id 0xc0000005, EXCEPTION_ACCESS_VIOLATION (0xc0000005) at pc=0x0000018c00000f2d]

Native frames: (J=compiled Java code, j=interpreted, Vv=VM code, C=native code)
V  [jvm.dll+0x5ecfaa]
V  [jvm.dll+0x722bd5]
V  [jvm.dll+0x72412d]
V  [jvm.dll+0x724745]
V  [jvm.dll+0x7246fb]
V  [jvm.dll+0x5ec348]
V  [jvm.dll+0x5ecad8]
C  [ntdll.dll+0xa20cf]
C  [ntdll.dll+0x51454]
C  [ntdll.dll+0xa0bfe]
C  0x0000018c00000f2d

VM_Operation (0x0000001c87cfdef0): CollectForMetadataAllocation, mode: safepoint, requested by thread 0x0000018c705e3800


---------------  P R O C E S S  ---------------

Threads class SMR info:
_java_thread_list=0x0000018c0f274860, length=11, elements={
0x0000018c705e3800, 0x0000018c7d987000, 0x0000018c7d98a800, 0x0000018c7d9a4000,
0x0000018c7d9a6800, 0x0000018c7d9a7800, 0x0000018c7d9ab800, 0x0000018c7d9ad800,
0x0000018c7e21e800, 0x0000018c7e3a2800, 0x0000018c7e3e2000
}

Java Threads: ( => current thread )
  0x0000018c705e3800 JavaThread "main" [_thread_blocked, id=3904, stack(0x0000001c87c00000,0x0000001c87d00000)]
  0x0000018c7d987000 JavaThread "Reference Handler" daemon [_thread_blocked, id=636, stack(0x0000001c88300000,0x0000001c88400000)]
  0x0000018c7d98a800 JavaThread "Finalizer" daemon [_thread_blocked, id=8680, stack(0x0000001c88400000,0x0000001c88500000)]
  0x0000018c7d9a4000 JavaThread "Signal Dispatcher" daemon [_thread_blocked, id=8868, stack(0x0000001c88500000,0x0000001c88600000)]
  0x0000018c7d9a6800 JavaThread "Attach Listener" daemon [_thread_blocked, id=14604, stack(0x0000001c88600000,0x0000001c88700000)]
  0x0000018c7d9a7800 JavaThread "Service Thread" daemon [_thread_blocked, id=18260, stack(0x0000001c88700000,0x0000001c88800000)]
  0x0000018c7d9ab800 JavaThread "C2 CompilerThread0" daemon [_thread_blocked, id=14344, stack(0x0000001c88800000,0x0000001c88900000)]
  0x0000018c7d9ad800 JavaThread "C1 CompilerThread0" daemon [_thread_blocked, id=10172, stack(0x0000001c88900000,0x0000001c88a00000)]
  0x0000018c7e21e800 JavaThread "Sweeper thread" daemon [_thread_blocked, id=1076, stack(0x0000001c88a00000,0x0000001c88b00000)]
  0x0000018c7e3a2800 JavaThread "Common-Cleaner" daemon [_thread_blocked, id=13068, stack(0x0000001c88c00000,0x0000001c88d00000)]
  0x0000018c7e3e2000 JavaThread "C2 CompilerThread1" daemon [_thread_blocked, id=10452, stack(0x0000001c88d00000,0x0000001c88e00000)]

Other Threads:
=>0x0000018c7d985000 VMThread "VM Thread" [stack: 0x0000001c88200000,0x0000001c88300000] [id=2992]
  0x0000018c7e396000 WatcherThread [stack: 0x0000001c88b00000,0x0000001c88c00000] [id=15180]
  0x0000018c705fb800 GCTaskThread "GC Thread#0" [stack: 0x0000001c87d00000,0x0000001c87e00000] [id=12448]
  0x0000018c7ea31800 GCTaskThread "GC Thread#1" [stack: 0x0000001c88e00000,0x0000001c88f00000] [id=6972]
  0x0000018c7ea32800 GCTaskThread "GC Thread#2" [stack: 0x0000001c88f00000,0x0000001c89000000] [id=12988]
  0x0000018c7062c000 ConcurrentGCThread "G1 Main Marker" [stack: 0x0000001c87e00000,0x0000001c87f00000] [id=16132]
  0x0000018c7062e000 ConcurrentGCThread "G1 Conc#0" [stack: 0x0000001c87f00000,0x0000001c88000000] [id=8432]
  0x0000018c7eb4b800 ConcurrentGCThread "G1 Conc#1" [stack: 0x0000001c89000000,0x0000001c89100000] [id=8828]
  0x0000018c706be000 ConcurrentGCThread "G1 Refine#0" [stack: 0x0000001c88000000,0x0000001c88100000] [id=7416]
  0x0000018c11159800 ConcurrentGCThread "G1 Refine#1" [stack: 0x0000001c89100000,0x0000001c89200000] [id=18092]
  0x0000018c7d7ed800 ConcurrentGCThread "G1 Young RemSet Sampling" [stack: 0x0000001c88100000,0x0000001c88200000] [id=17856]

Threads with active compile tasks:
C1 CompilerThread0   2439 2879       3       org.jetbrains.kotlin.container.StorageComponentContainer::createResolveContext (40 bytes)

VM state:at safepoint (normal execution)

VM Mutex/Monitor currently owned by a thread:  ([mutex/lock_event])
[0x0000018c705df7a0] Threads_lock - owner thread: 0x0000018c7d985000
[0x0000018c705e0eb0] Heap_lock - owner thread: 0x0000018c705e3800
[0x0000018c705e1210] MethodData_lock - owner thread: 0x0000018c7d9ad800

Heap address: 0x0000000081800000, size: 2024 MB, Compressed Oops mode: 32-bit
Narrow klass base: 0x0000000000000000, Narrow klass shift: 3
Compressed class space size: 1073741824 Address: 0x0000000100000000

Heap:
 garbage-first heap   total 159744K, used 23026K [0x0000000081800000, 0x0000000100000000)
  region size 1024K, 5 young (5120K), 5 survivors (5120K)
 Metaspace       used 41497K, capacity 41936K, committed 42032K, reserved 1105920K
  class space    used 5026K, capacity 5203K, committed 5248K, reserved 1048576K
Heap Regions: E=young(eden), S=young(survivor), O=old, HS=humongous(starts), HC=humongous(continues), CS=collection set, F=free, A=archive, TAMS=top-at-mark-start (previous, next)
|   0|0x0000000081800000, 0x0000000081900000, 0x0000000081900000|100%|HS|  |TAMS 0x0000000081900000, 0x0000000081900000| Complete 
|   1|0x0000000081900000, 0x0000000081a00000, 0x0000000081a00000|100%|HC|  |TAMS 0x0000000081a00000, 0x0000000081a00000| Complete 
|   2|0x0000000081a00000, 0x0000000081b00000, 0x0000000081b00000|100%|HC|  |TAMS 0x0000000081b00000, 0x0000000081b00000| Complete 
|   3|0x0000000081b00000, 0x0000000081c00000, 0x0000000081c00000|100%|HS|  |TAMS 0x0000000081c00000, 0x0000000081c00000| Complete 
|   4|0x0000000081c00000, 0x0000000081d00000, 0x0000000081d00000|100%|HC|  |TAMS 0x0000000081d00000, 0x0000000081d00000| Complete 
|   5|0x0000000081d00000, 0x0000000081e00000, 0x0000000081e00000|100%|HC|  |TAMS 0x0000000081e00000, 0x0000000081e00000| Complete 
|   6|0x0000000081e00000, 0x0000000081e00000, 0x0000000081f00000|  0%| F|  |TAMS 0x0000000081e00000, 0x0000000081e00000| Untracked 
|   7|0x0000000081f00000, 0x0000000081f00000, 0x0000000082000000|  0%| F|  |TAMS 0x0000000081f00000, 0x0000000081f00000| Untracked 
|   8|0x0000000082000000, 0x0000000082100000, 0x0000000082100000|100%| O|  |TAMS 0x0000000082100000, 0x0000000082100000| Untracked 
|   9|0x0000000082100000, 0x0000000082200000, 0x0000000082200000|100%| O|  |TAMS 0x0000000082200000, 0x0000000082200000| Untracked 
|  10|0x0000000082200000, 0x0000000082300000, 0x0000000082300000|100%| O|  |TAMS 0x0000000082300000, 0x0000000082300000| Untracked 
|  11|0x0000000082300000, 0x0000000082400000, 0x0000000082400000|100%| O|  |TAMS 0x0000000082400000, 0x0000000082400000| Untracked 
|  12|0x0000000082400000, 0x0000000082500000, 0x0000000082500000|100%| O|  |TAMS 0x0000000082500000, 0x0000000082500000| Untracked 
|  13|0x0000000082500000, 0x0000000082600000, 0x0000000082600000|100%| O|  |TAMS 0x0000000082600000, 0x0000000082600000| Untracked 
|  14|0x0000000082600000, 0x0000000082700000, 0x0000000082700000|100%| O|  |TAMS 0x0000000082700000, 0x0000000082700000| Untracked 
|  15|0x0000000082700000, 0x0000000082800000, 0x0000000082800000|100%| O|  |TAMS 0x0000000082800000, 0x0000000082800000| Untracked 
|  16|0x0000000082800000, 0x0000000082900000, 0x0000000082900000|100%| O|  |TAMS 0x0000000082900000, 0x0000000082900000| Untracked 
|  17|0x0000000082900000, 0x0000000082a00000, 0x0000000082a00000|100%| O|  |TAMS 0x0000000082a00000, 0x0000000082a00000| Untracked 
|  18|0x0000000082a00000, 0x0000000082b00000, 0x0000000082b00000|100%| O|  |TAMS 0x0000000082b00000, 0x0000000082b00000| Untracked 
|  19|0x0000000082b00000, 0x0000000082c00000, 0x0000000082c00000|100%| O|  |TAMS 0x0000000082c00000, 0x0000000082c00000| Untracked 
|  20|0x0000000082c00000, 0x0000000082c37200, 0x0000000082d00000| 21%| O|  |TAMS 0x0000000082c37200, 0x0000000082c37200| Untracked 
|  21|0x0000000082d00000, 0x0000000082d00000, 0x0000000082e00000|  0%| F|  |TAMS 0x0000000082d00000, 0x0000000082d00000| Untracked 
|  22|0x0000000082e00000, 0x0000000082e00000, 0x0000000082f00000|  0%| F|  |TAMS 0x0000000082e00000, 0x0000000082e00000| Untracked 
|  23|0x0000000082f00000, 0x0000000082f00000, 0x0000000083000000|  0%| F|  |TAMS 0x0000000082f00000, 0x0000000082f00000| Untracked 
|  24|0x0000000083000000, 0x0000000083000000, 0x0000000083100000|  0%| F|  |TAMS 0x0000000083000000, 0x0000000083000000| Untracked 
|  25|0x0000000083100000, 0x0000000083100000, 0x0000000083200000|  0%| F|  |TAMS 0x0000000083100000, 0x0000000083100000| Untracked 
|  26|0x0000000083200000, 0x0000000083200000, 0x0000000083300000|  0%| F|  |TAMS 0x0000000083200000, 0x0000000083200000| Untracked 
|  27|0x0000000083300000, 0x0000000083300000, 0x0000000083400000|  0%| F|  |TAMS 0x0000000083300000, 0x0000000083300000| Untracked 
|  28|0x0000000083400000, 0x0000000083400000, 0x0000000083500000|  0%| F|  |TAMS 0x0000000083400000, 0x0000000083400000| Untracked 
|  29|0x0000000083500000, 0x0000000083500000, 0x0000000083600000|  0%| F|  |TAMS 0x0000000083500000, 0x0000000083500000| Untracked 
|  30|0x0000000083600000, 0x0000000083600000, 0x0000000083700000|  0%| F|  |TAMS 0x0000000083600000, 0x0000000083600000| Untracked 
|  31|0x0000000083700000, 0x0000000083700000, 0x0000000083800000|  0%| F|  |TAMS 0x0000000083700000, 0x0000000083700000| Untracked 
|  32|0x0000000083800000, 0x0000000083800000, 0x0000000083900000|  0%| F|  |TAMS 0x0000000083800000, 0x0000000083800000| Untracked 
|  33|0x0000000083900000, 0x0000000083900000, 0x0000000083a00000|  0%| F|  |TAMS 0x0000000083900000, 0x0000000083900000| Untracked 
|  34|0x0000000083a00000, 0x0000000083a00000, 0x0000000083b00000|  0%| F|  |TAMS 0x0000000083a00000, 0x0000000083a00000| Untracked 
|  35|0x0000000083b00000, 0x0000000083b00000, 0x0000000083c00000|  0%| F|  |TAMS 0x0000000083b00000, 0x0000000083b00000| Untracked 
|  36|0x0000000083c00000, 0x0000000083c00000, 0x0000000083d00000|  0%| F|  |TAMS 0x0000000083c00000, 0x0000000083c00000| Untracked 
|  37|0x0000000083d00000, 0x0000000083d00000, 0x0000000083e00000|  0%| F|  |TAMS 0x0000000083d00000, 0x0000000083d00000| Untracked 
|  38|0x0000000083e00000, 0x0000000083e00000, 0x0000000083f00000|  0%| F|  |TAMS 0x0000000083e00000, 0x0000000083e00000| Untracked 
|  39|0x0000000083f00000, 0x0000000083f00000, 0x0000000084000000|  0%| F|  |TAMS 0x0000000083f00000, 0x0000000083f00000| Untracked 
|  40|0x0000000084000000, 0x0000000084000000, 0x0000000084100000|  0%| F|  |TAMS 0x0000000084000000, 0x0000000084000000| Untracked 
|  41|0x0000000084100000, 0x0000000084100000, 0x0000000084200000|  0%| F|  |TAMS 0x0000000084100000, 0x0000000084100000| Untracked 
|  42|0x0000000084200000, 0x0000000084200000, 0x0000000084300000|  0%| F|  |TAMS 0x0000000084200000, 0x0000000084200000| Untracked 
|  43|0x0000000084300000, 0x0000000084300000, 0x0000000084400000|  0%| F|  |TAMS 0x0000000084300000, 0x0000000084300000| Untracked 
|  44|0x0000000084400000, 0x0000000084400000, 0x0000000084500000|  0%| F|  |TAMS 0x0000000084400000, 0x0000000084400000| Untracked 
|  45|0x0000000084500000, 0x0000000084500000, 0x0000000084600000|  0%| F|  |TAMS 0x0000000084500000, 0x0000000084500000| Untracked 
|  46|0x0000000084600000, 0x0000000084600000, 0x0000000084700000|  0%| F|  |TAMS 0x0000000084600000, 0x0000000084600000| Untracked 
|  47|0x0000000084700000, 0x0000000084700000, 0x0000000084800000|  0%| F|  |TAMS 0x0000000084700000, 0x0000000084700000| Untracked 
|  48|0x0000000084800000, 0x0000000084800000, 0x0000000084900000|  0%| F|  |TAMS 0x0000000084800000, 0x0000000084800000| Untracked 
|  49|0x0000000084900000, 0x0000000084900000, 0x0000000084a00000|  0%| F|  |TAMS 0x0000000084900000, 0x0000000084900000| Untracked 
|  50|0x0000000084a00000, 0x0000000084a00000, 0x0000000084b00000|  0%| F|  |TAMS 0x0000000084a00000, 0x0000000084a00000| Untracked 
|  51|0x0000000084b00000, 0x0000000084b00000, 0x0000000084c00000|  0%| F|  |TAMS 0x0000000084b00000, 0x0000000084b00000| Untracked 
|  52|0x0000000084c00000, 0x0000000084c00000, 0x0000000084d00000|  0%| F|  |TAMS 0x0000000084c00000, 0x0000000084c00000| Untracked 
|  53|0x0000000084d00000, 0x0000000084d00000, 0x0000000084e00000|  0%| F|  |TAMS 0x0000000084d00000, 0x0000000084d00000| Untracked 
|  54|0x0000000084e00000, 0x0000000084e00000, 0x0000000084f00000|  0%| F|  |TAMS 0x0000000084e00000, 0x0000000084e00000| Untracked 
|  55|0x0000000084f00000, 0x0000000084f00000, 0x0000000085000000|  0%| F|  |TAMS 0x0000000084f00000, 0x0000000084f00000| Untracked 
|  56|0x0000000085000000, 0x0000000085000000, 0x0000000085100000|  0%| F|  |TAMS 0x0000000085000000, 0x0000000085000000| Untracked 
|  57|0x0000000085100000, 0x0000000085100000, 0x0000000085200000|  0%| F|  |TAMS 0x0000000085100000, 0x0000000085100000| Untracked 
|  58|0x0000000085200000, 0x0000000085200000, 0x0000000085300000|  0%| F|  |TAMS 0x0000000085200000, 0x0000000085200000| Untracked 
|  59|0x0000000085300000, 0x0000000085300000, 0x0000000085400000|  0%| F|  |TAMS 0x0000000085300000, 0x0000000085300000| Untracked 
|  60|0x0000000085400000, 0x0000000085400000, 0x0000000085500000|  0%| F|  |TAMS 0x0000000085400000, 0x0000000085400000| Untracked 
|  61|0x0000000085500000, 0x0000000085500000, 0x0000000085600000|  0%| F|  |TAMS 0x0000000085500000, 0x0000000085500000| Untracked 
|  62|0x0000000085600000, 0x0000000085600000, 0x0000000085700000|  0%| F|  |TAMS 0x0000000085600000, 0x0000000085600000| Untracked 
|  63|0x0000000085700000, 0x0000000085700000, 0x0000000085800000|  0%| F|  |TAMS 0x0000000085700000, 0x0000000085700000| Untracked 
|  64|0x0000000085800000, 0x0000000085800000, 0x0000000085900000|  0%| F|  |TAMS 0x0000000085800000, 0x0000000085800000| Untracked 
|  65|0x0000000085900000, 0x0000000085900000, 0x0000000085a00000|  0%| F|  |TAMS 0x0000000085900000, 0x0000000085900000| Untracked 
|  66|0x0000000085a00000, 0x0000000085a00000, 0x0000000085b00000|  0%| F|  |TAMS 0x0000000085a00000, 0x0000000085a00000| Untracked 
|  67|0x0000000085b00000, 0x0000000085b00000, 0x0000000085c00000|  0%| F|  |TAMS 0x0000000085b00000, 0x0000000085b00000| Untracked 
|  68|0x0000000085c00000, 0x0000000085c00000, 0x0000000085d00000|  0%| F|  |TAMS 0x0000000085c00000, 0x0000000085c00000| Untracked 
|  69|0x0000000085d00000, 0x0000000085d00000, 0x0000000085e00000|  0%| F|  |TAMS 0x0000000085d00000, 0x0000000085d00000| Untracked 
|  70|0x0000000085e00000, 0x0000000085e00000, 0x0000000085f00000|  0%| F|  |TAMS 0x0000000085e00000, 0x0000000085e00000| Untracked 
|  71|0x0000000085f00000, 0x0000000085f00000, 0x0000000086000000|  0%| F|  |TAMS 0x0000000085f00000, 0x0000000085f00000| Untracked 
|  72|0x0000000086000000, 0x0000000086000000, 0x0000000086100000|  0%| F|  |TAMS 0x0000000086000000, 0x0000000086000000| Untracked 
|  73|0x0000000086100000, 0x0000000086100000, 0x0000000086200000|  0%| F|  |TAMS 0x0000000086100000, 0x0000000086100000| Untracked 
|  74|0x0000000086200000, 0x0000000086200000, 0x0000000086300000|  0%| F|  |TAMS 0x0000000086200000, 0x0000000086200000| Untracked 
|  75|0x0000000086300000, 0x0000000086300000, 0x0000000086400000|  0%| F|  |TAMS 0x0000000086300000, 0x0000000086300000| Untracked 
|  76|0x0000000086400000, 0x0000000086400000, 0x0000000086500000|  0%| F|  |TAMS 0x0000000086400000, 0x0000000086400000| Untracked 
|  77|0x0000000086500000, 0x0000000086500000, 0x0000000086600000|  0%| F|  |TAMS 0x0000000086500000, 0x0000000086500000| Untracked 
|  78|0x0000000086600000, 0x0000000086600000, 0x0000000086700000|  0%| F|  |TAMS 0x0000000086600000, 0x0000000086600000| Untracked 
|  79|0x0000000086700000, 0x0000000086700000, 0x0000000086800000|  0%| F|  |TAMS 0x0000000086700000, 0x0000000086700000| Untracked 
|  80|0x0000000086800000, 0x0000000086800000, 0x0000000086900000|  0%| F|  |TAMS 0x0000000086800000, 0x0000000086800000| Untracked 
|  81|0x0000000086900000, 0x0000000086900000, 0x0000000086a00000|  0%| F|  |TAMS 0x0000000086900000, 0x0000000086900000| Untracked 
|  82|0x0000000086a00000, 0x0000000086a00000, 0x0000000086b00000|  0%| F|  |TAMS 0x0000000086a00000, 0x0000000086a00000| Untracked 
|  83|0x0000000086b00000, 0x0000000086b00000, 0x0000000086c00000|  0%| F|  |TAMS 0x0000000086b00000, 0x0000000086b00000| Untracked 
|  84|0x0000000086c00000, 0x0000000086c00000, 0x0000000086d00000|  0%| F|  |TAMS 0x0000000086c00000, 0x0000000086c00000| Untracked 
|  85|0x0000000086d00000, 0x0000000086d00000, 0x0000000086e00000|  0%| F|  |TAMS 0x0000000086d00000, 0x0000000086d00000| Untracked 
|  86|0x0000000086e00000, 0x0000000086e00000, 0x0000000086f00000|  0%| F|  |TAMS 0x0000000086e00000, 0x0000000086e00000| Untracked 
|  87|0x0000000086f00000, 0x0000000086f00000, 0x0000000087000000|  0%| F|  |TAMS 0x0000000086f00000, 0x0000000086f00000| Untracked 
|  88|0x0000000087000000, 0x0000000087000000, 0x0000000087100000|  0%| F|  |TAMS 0x0000000087000000, 0x0000000087000000| Untracked 
|  89|0x0000000087100000, 0x0000000087100000, 0x0000000087200000|  0%| F|  |TAMS 0x0000000087100000, 0x0000000087100000| Untracked 
|  90|0x0000000087200000, 0x0000000087200000, 0x0000000087300000|  0%| F|  |TAMS 0x0000000087200000, 0x0000000087200000| Untracked 
|  91|0x0000000087300000, 0x0000000087300000, 0x0000000087400000|  0%| F|  |TAMS 0x0000000087300000, 0x0000000087300000| Untracked 
|  92|0x0000000087400000, 0x0000000087400000, 0x0000000087500000|  0%| F|  |TAMS 0x0000000087400000, 0x0000000087400000| Untracked 
|  93|0x0000000087500000, 0x0000000087500000, 0x0000000087600000|  0%| F|  |TAMS 0x0000000087500000, 0x0000000087500000| Untracked 
|  94|0x0000000087600000, 0x0000000087600000, 0x0000000087700000|  0%| F|  |TAMS 0x0000000087600000, 0x0000000087600000| Untracked 
|  95|0x0000000087700000, 0x0000000087700000, 0x0000000087800000|  0%| F|  |TAMS 0x0000000087700000, 0x0000000087700000| Untracked 
|  96|0x0000000087800000, 0x0000000087800000, 0x0000000087900000|  0%| F|  |TAMS 0x0000000087800000, 0x0000000087800000| Untracked 
|  97|0x0000000087900000, 0x0000000087900000, 0x0000000087a00000|  0%| F|  |TAMS 0x0000000087900000, 0x0000000087900000| Untracked 
|  98|0x0000000087a00000, 0x0000000087a00000, 0x0000000087b00000|  0%| F|  |TAMS 0x0000000087a00000, 0x0000000087a00000| Untracked 
|  99|0x0000000087b00000, 0x0000000087b00000, 0x0000000087c00000|  0%| F|  |TAMS 0x0000000087b00000, 0x0000000087b00000| Untracked 
| 100|0x0000000087c00000, 0x0000000087c00000, 0x0000000087d00000|  0%| F|  |TAMS 0x0000000087c00000, 0x0000000087c00000| Untracked 
| 101|0x0000000087d00000, 0x0000000087d00000, 0x0000000087e00000|  0%| F|  |TAMS 0x0000000087d00000, 0x0000000087d00000| Untracked 
| 102|0x0000000087e00000, 0x0000000087e00000, 0x0000000087f00000|  0%| F|  |TAMS 0x0000000087e00000, 0x0000000087e00000| Untracked 
| 103|0x0000000087f00000, 0x0000000087f00000, 0x0000000088000000|  0%| F|  |TAMS 0x0000000087f00000, 0x0000000087f00000| Untracked 
| 104|0x0000000088000000, 0x0000000088000000, 0x0000000088100000|  0%| F|  |TAMS 0x0000000088000000, 0x0000000088000000| Untracked 
| 105|0x0000000088100000, 0x0000000088100000, 0x0000000088200000|  0%| F|  |TAMS 0x0000000088100000, 0x0000000088100000| Untracked 
| 106|0x0000000088200000, 0x0000000088200000, 0x0000000088300000|  0%| F|  |TAMS 0x0000000088200000, 0x0000000088200000| Untracked 
| 107|0x0000000088300000, 0x0000000088300000, 0x0000000088400000|  0%| F|  |TAMS 0x0000000088300000, 0x0000000088300000| Untracked 
| 108|0x0000000088400000, 0x0000000088400000, 0x0000000088500000|  0%| F|  |TAMS 0x0000000088400000, 0x0000000088400000| Untracked 
| 109|0x0000000088500000, 0x0000000088500000, 0x0000000088600000|  0%| F|  |TAMS 0x0000000088500000, 0x0000000088500000| Untracked 
| 110|0x0000000088600000, 0x0000000088600000, 0x0000000088700000|  0%| F|  |TAMS 0x0000000088600000, 0x0000000088600000| Untracked 
| 111|0x0000000088700000, 0x0000000088700000, 0x0000000088800000|  0%| F|  |TAMS 0x0000000088700000, 0x0000000088700000| Untracked 
| 112|0x0000000088800000, 0x0000000088800000, 0x0000000088900000|  0%| F|  |TAMS 0x0000000088800000, 0x0000000088800000| Untracked 
| 113|0x0000000088900000, 0x0000000088900000, 0x0000000088a00000|  0%| F|  |TAMS 0x0000000088900000, 0x0000000088900000| Untracked 
| 114|0x0000000088a00000, 0x0000000088a00000, 0x0000000088b00000|  0%| F|  |TAMS 0x0000000088a00000, 0x0000000088a00000| Untracked 
| 115|0x0000000088b00000, 0x0000000088b00000, 0x0000000088c00000|  0%| F|  |TAMS 0x0000000088b00000, 0x0000000088b00000| Untracked 
| 116|0x0000000088c00000, 0x0000000088c00000, 0x0000000088d00000|  0%| F|  |TAMS 0x0000000088c00000, 0x0000000088c00000| Untracked 
| 117|0x0000000088d00000, 0x0000000088d00000, 0x0000000088e00000|  0%| F|  |TAMS 0x0000000088d00000, 0x0000000088d00000| Untracked 
| 118|0x0000000088e00000, 0x0000000088e45900, 0x0000000088f00000| 27%| S|CS|TAMS 0x0000000088e00000, 0x0000000088e00000| Complete 
| 119|0x0000000088f00000, 0x0000000089000000, 0x0000000089000000|100%| S|CS|TAMS 0x0000000088f00000, 0x0000000088f00000| Complete 
| 120|0x0000000089000000, 0x0000000089100000, 0x0000000089100000|100%| S|CS|TAMS 0x0000000089000000, 0x0000000089000000| Complete 
| 121|0x0000000089100000, 0x0000000089200000, 0x0000000089200000|100%| S|CS|TAMS 0x0000000089100000, 0x0000000089100000| Complete 
| 122|0x0000000089200000, 0x0000000089300000, 0x0000000089300000|100%| S|CS|TAMS 0x0000000089200000, 0x0000000089200000| Complete 
| 123|0x0000000089300000, 0x0000000089300000, 0x0000000089400000|  0%| F|  |TAMS 0x0000000089300000, 0x0000000089300000| Untracked 
| 124|0x0000000089400000, 0x0000000089400000, 0x0000000089500000|  0%| F|  |TAMS 0x0000000089400000, 0x0000000089400000| Untracked 
| 125|0x0000000089500000, 0x0000000089500000, 0x0000000089600000|  0%| F|  |TAMS 0x0000000089500000, 0x0000000089500000| Untracked 
| 126|0x0000000089600000, 0x0000000089600000, 0x0000000089700000|  0%| F|  |TAMS 0x0000000089600000, 0x0000000089600000| Untracked 
| 127|0x0000000089700000, 0x0000000089700000, 0x0000000089800000|  0%| F|  |TAMS 0x0000000089700000, 0x0000000089700000| Untracked 
| 128|0x0000000089800000, 0x0000000089800000, 0x0000000089900000|  0%| F|  |TAMS 0x0000000089800000, 0x0000000089800000| Untracked 
| 129|0x0000000089900000, 0x0000000089900000, 0x0000000089a00000|  0%| F|  |TAMS 0x0000000089900000, 0x0000000089900000| Untracked 
| 130|0x0000000089a00000, 0x0000000089a00000, 0x0000000089b00000|  0%| F|  |TAMS 0x0000000089a00000, 0x0000000089a00000| Untracked 
| 131|0x0000000089b00000, 0x0000000089b00000, 0x0000000089c00000|  0%| F|  |TAMS 0x0000000089b00000, 0x0000000089b00000| Untracked 
| 132|0x0000000089c00000, 0x0000000089c00000, 0x0000000089d00000|  0%| F|  |TAMS 0x0000000089c00000, 0x0000000089c00000| Untracked 
| 133|0x0000000089d00000, 0x0000000089d00000, 0x0000000089e00000|  0%| F|  |TAMS 0x0000000089d00000, 0x0000000089d00000| Untracked 
| 134|0x0000000089e00000, 0x0000000089e00000, 0x0000000089f00000|  0%| F|  |TAMS 0x0000000089e00000, 0x0000000089e00000| Untracked 
| 135|0x0000000089f00000, 0x0000000089f00000, 0x000000008a000000|  0%| F|  |TAMS 0x0000000089f00000, 0x0000000089f00000| Untracked 
| 136|0x000000008a000000, 0x000000008a000000, 0x000000008a100000|  0%| F|  |TAMS 0x000000008a000000, 0x000000008a000000| Untracked 
| 137|0x000000008a100000, 0x000000008a100000, 0x000000008a200000|  0%| F|  |TAMS 0x000000008a100000, 0x000000008a100000| Untracked 
| 138|0x000000008a200000, 0x000000008a200000, 0x000000008a300000|  0%| F|  |TAMS 0x000000008a200000, 0x000000008a200000| Untracked 
| 139|0x000000008a300000, 0x000000008a300000, 0x000000008a400000|  0%| F|  |TAMS 0x000000008a300000, 0x000000008a300000| Untracked 
| 140|0x000000008a400000, 0x000000008a400000, 0x000000008a500000|  0%| F|  |TAMS 0x000000008a400000, 0x000000008a400000| Untracked 
| 141|0x000000008a500000, 0x000000008a500000, 0x000000008a600000|  0%| F|  |TAMS 0x000000008a500000, 0x000000008a500000| Untracked 
| 142|0x000000008a600000, 0x000000008a600000, 0x000000008a700000|  0%| F|  |TAMS 0x000000008a600000, 0x000000008a600000| Untracked 
| 143|0x000000008a700000, 0x000000008a700000, 0x000000008a800000|  0%| F|  |TAMS 0x000000008a700000, 0x000000008a700000| Untracked 
| 144|0x000000008a800000, 0x000000008a800000, 0x000000008a900000|  0%| F|  |TAMS 0x000000008a800000, 0x000000008a800000| Untracked 
| 145|0x000000008a900000, 0x000000008a900000, 0x000000008aa00000|  0%| F|  |TAMS 0x000000008a900000, 0x000000008a900000| Untracked 
| 146|0x000000008aa00000, 0x000000008aa00000, 0x000000008ab00000|  0%| F|  |TAMS 0x000000008aa00000, 0x000000008aa00000| Untracked 
| 147|0x000000008ab00000, 0x000000008ab00000, 0x000000008ac00000|  0%| F|  |TAMS 0x000000008ab00000, 0x000000008ab00000| Untracked 
| 148|0x000000008ac00000, 0x000000008ac00000, 0x000000008ad00000|  0%| F|  |TAMS 0x000000008ac00000, 0x000000008ac00000| Untracked 
| 149|0x000000008ad00000, 0x000000008ad00000, 0x000000008ae00000|  0%| F|  |TAMS 0x000000008ad00000, 0x000000008ad00000| Untracked 
| 150|0x000000008ae00000, 0x000000008ae00000, 0x000000008af00000|  0%| F|  |TAMS 0x000000008ae00000, 0x000000008ae00000| Untracked 
| 151|0x000000008af00000, 0x000000008af00000, 0x000000008b000000|  0%| F|  |TAMS 0x000000008af00000, 0x000000008af00000| Untracked 
| 152|0x000000008b000000, 0x000000008b000000, 0x000000008b100000|  0%| F|  |TAMS 0x000000008b000000, 0x000000008b000000| Untracked 
| 153|0x000000008b100000, 0x000000008b100000, 0x000000008b200000|  0%| F|  |TAMS 0x000000008b100000, 0x000000008b100000| Untracked 
| 154|0x000000008b200000, 0x000000008b200000, 0x000000008b300000|  0%| F|  |TAMS 0x000000008b200000, 0x000000008b200000| Untracked 
| 155|0x000000008b300000, 0x000000008b300000, 0x000000008b400000|  0%| F|  |TAMS 0x000000008b300000, 0x000000008b300000| Untracked 

Card table byte_map: [0x0000018c76750000,0x0000018c76b50000] _byte_map_base: 0x0000018c76344000

Marking Bits (Prev, Next): (CMBitMap*) 0x0000018c70623258, (CMBitMap*) 0x0000018c70623290
 Prev Bits: [0x0000018c76f50000, 0x0000018c78ef0000)
 Next Bits: [0x0000018c78ef0000, 0x0000018c7ae90000)

Polling page: 0x0000018c706c0000

Metaspace:

Usage:
  Non-class:     35.87 MB capacity,    35.62 MB (>99%) used,   202.30 KB ( <1%) free+waste,    59.50 KB ( <1%) overhead. 
      Class:      5.08 MB capacity,     4.91 MB ( 97%) used,   149.70 KB (  3%) free+waste,    27.06 KB ( <1%) overhead. 
       Both:     40.95 MB capacity,    40.52 MB ( 99%) used,   352.00 KB ( <1%) free+waste,    86.56 KB ( <1%) overhead. 

Virtual space:
  Non-class space:       56.00 MB reserved,      35.92 MB ( 64%) committed 
      Class space:        1.00 GB reserved,       5.13 MB ( <1%) committed 
             Both:        1.05 GB reserved,      41.05 MB (  4%) committed 

Chunk freelists:
   Non-Class:  51.00 KB
       Class:  13.00 KB
        Both:  64.00 KB

MaxMetaspaceSize: 17179869184.00 GB
CompressedClassSpaceSize: 1.00 GB

CodeHeap 'non-profiled nmethods': size=120000Kb used=1208Kb max_used=1208Kb free=118791Kb
 bounds [0x0000018c07ad0000, 0x0000018c07d40000, 0x0000018c0f000000]
CodeHeap 'profiled nmethods': size=120000Kb used=5439Kb max_used=5439Kb free=114560Kb
 bounds [0x0000018c005a0000, 0x0000018c00af0000, 0x0000018c07ad0000]
CodeHeap 'non-nmethods': size=5760Kb used=1185Kb max_used=1225Kb free=4574Kb
 bounds [0x0000018c00000000, 0x0000018c00270000, 0x0000018c005a0000]
 total_blobs=3415 nmethods=2879 adapters=447
 compilation: enabled
              stopped_count=0, restarted_count=0
 full_count=0

Compilation events (20 events):
Event: 2.416 Thread 0x0000018c7d9ad800 nmethod 2872 0x0000018c00ae7310 code [0x0000018c00ae74c0, 0x0000018c00ae7668]
Event: 2.416 Thread 0x0000018c7d9ad800 2873       3       org.jetbrains.kotlin.com.intellij.openapi.vfs.impl.jar.CoreJarVirtualFile::getNameSequence (13 bytes)
Event: 2.416 Thread 0x0000018c7d9ad800 nmethod 2873 0x0000018c00ae7710 code [0x0000018c00ae78c0, 0x0000018c00ae7a48]
Event: 2.416 Thread 0x0000018c7d9ad800 2866       1       java.lang.reflect.Method::getMethodAccessor (5 bytes)
Event: 2.416 Thread 0x0000018c7d9ad800 nmethod 2866 0x0000018c07bfd890 code [0x0000018c07bfda40, 0x0000018c07bfdaf8]
Event: 2.416 Thread 0x0000018c7d9ad800 2867       1       jdk.internal.reflect.NativeMethodAccessorImpl::setParent (6 bytes)
Event: 2.417 Thread 0x0000018c7d9ad800 nmethod 2867 0x0000018c07bfdb90 code [0x0000018c07bfdd40, 0x0000018c07bfde38]
Event: 2.417 Thread 0x0000018c7d9ad800 2874       3       kotlin.collections.CollectionsKt__MutableCollectionsKt::addAll (79 bytes)
Event: 2.417 Thread 0x0000018c7d9ad800 nmethod 2874 0x0000018c00ae7b10 code [0x0000018c00ae7e40, 0x0000018c00ae8fc8]
Event: 2.417 Thread 0x0000018c7d9ad800 2876       3       kotlin.SynchronizedLazyImpl::<init> (38 bytes)
Event: 2.417 Thread 0x0000018c7d9ad800 nmethod 2876 0x0000018c00ae9510 code [0x0000018c00ae9740, 0x0000018c00ae9eb8]
Event: 2.417 Thread 0x0000018c7d9ad800 2877       3       org.jetbrains.kotlin.container.ResolveKt::bindArguments (149 bytes)
Event: 2.418 Thread 0x0000018c7d9ad800 nmethod 2877 0x0000018c00aea110 code [0x0000018c00aea520, 0x0000018c00aec248]
Event: 2.418 Thread 0x0000018c7d9ad800 2878       3       org.jetbrains.kotlin.container.SingletonDescriptor::setState (12 bytes)
Event: 2.419 Thread 0x0000018c7e3e2000 2883       4       java.util.Arrays::copyOf (10 bytes)
Event: 2.419 Thread 0x0000018c7d9ad800 nmethod 2878 0x0000018c00aecc90 code [0x0000018c00aecec0, 0x0000018c00aed498]
Event: 2.419 Thread 0x0000018c7d9ad800 2882       3       org.jetbrains.kotlin.container.ResolveKt::computeArguments (106 bytes)
Event: 2.419 Thread 0x0000018c7d9ad800 nmethod 2882 0x0000018c00aed710 code [0x0000018c00aedac0, 0x0000018c00aef418]
Event: 2.420 Thread 0x0000018c7d9ad800 2879       3       org.jetbrains.kotlin.container.StorageComponentContainer::createResolveContext (40 bytes)
Event: 2.420 Thread 0x0000018c7e3e2000 nmethod 2883 0x0000018c07bfde90 code [0x0000018c07bfe020, 0x0000018c07bfe218]

GC Heap History (12 events):
Event: 0.427 GC heap before
{Heap before GC invocations=0 (full 0):
 garbage-first heap   total 131072K, used 27648K [0x0000000081800000, 0x0000000100000000)
  region size 1024K, 24 young (24576K), 0 survivors (0K)
 Metaspace       used 12295K, capacity 12341K, committed 12544K, reserved 1060864K
  class space    used 1159K, capacity 1174K, committed 1280K, reserved 1048576K
}
Event: 0.430 GC heap after
{Heap after GC invocations=1 (full 0):
 garbage-first heap   total 131072K, used 5966K [0x0000000081800000, 0x0000000100000000)
  region size 1024K, 3 young (3072K), 3 survivors (3072K)
 Metaspace       used 12295K, capacity 12341K, committed 12544K, reserved 1060864K
  class space    used 1159K, capacity 1174K, committed 1280K, reserved 1048576K
}
Event: 0.917 GC heap before
{Heap before GC invocations=1 (full 0):
 garbage-first heap   total 131072K, used 41806K [0x0000000081800000, 0x0000000100000000)
  region size 1024K, 39 young (39936K), 3 survivors (3072K)
 Metaspace       used 20956K, capacity 21220K, committed 21296K, reserved 1069056K
  class space    used 2278K, capacity 2416K, committed 2432K, reserved 1048576K
}
Event: 0.928 GC heap after
{Heap after GC invocations=2 (full 0):
 garbage-first heap   total 131072K, used 9200K [0x0000000081800000, 0x0000000100000000)
  region size 1024K, 6 young (6144K), 6 survivors (6144K)
 Metaspace       used 20956K, capacity 21220K, committed 21296K, reserved 1069056K
  class space    used 2278K, capacity 2416K, committed 2432K, reserved 1048576K
}
Event: 1.822 GC heap before
{Heap before GC invocations=3 (full 0):
 garbage-first heap   total 131072K, used 63472K [0x0000000081800000, 0x0000000100000000)
  region size 1024K, 54 young (55296K), 6 survivors (6144K)
 Metaspace       used 32184K, capacity 32671K, committed 32944K, reserved 1077248K
  class space    used 4083K, capacity 4293K, committed 4352K, reserved 1048576K
}
Event: 1.837 GC heap after
{Heap after GC invocations=4 (full 0):
 garbage-first heap   total 131072K, used 20494K [0x0000000081800000, 0x0000000100000000)
  region size 1024K, 7 young (7168K), 7 survivors (7168K)
 Metaspace       used 32184K, capacity 32671K, committed 32944K, reserved 1077248K
  class space    used 4083K, capacity 4293K, committed 4352K, reserved 1048576K
}
Event: 1.918 GC heap before
{Heap before GC invocations=4 (full 0):
 garbage-first heap   total 131072K, used 26638K [0x0000000081800000, 0x0000000100000000)
  region size 1024K, 13 young (13312K), 7 survivors (7168K)
 Metaspace       used 33860K, capacity 34335K, committed 34480K, reserved 1079296K
  class space    used 4279K, capacity 4485K, committed 4608K, reserved 1048576K
}
Event: 1.927 GC heap after
{Heap after GC invocations=5 (full 0):
 garbage-first heap   total 131072K, used 21724K [0x0000000081800000, 0x0000000100000000)
  region size 1024K, 1 young (1024K), 1 survivors (1024K)
 Metaspace       used 33860K, capacity 34335K, committed 34480K, reserved 1079296K
  class space    used 4279K, capacity 4485K, committed 4608K, reserved 1048576K
}
Event: 2.041 GC heap before
{Heap before GC invocations=5 (full 0):
 garbage-first heap   total 131072K, used 30940K [0x0000000081800000, 0x0000000100000000)
  region size 1024K, 11 young (11264K), 1 survivors (1024K)
 Metaspace       used 35319K, capacity 35755K, committed 35888K, reserved 1081344K
  class space    used 4426K, capacity 4617K, committed 4736K, reserved 1048576K
}
Event: 2.044 GC heap after
{Heap after GC invocations=6 (full 0):
 garbage-first heap   total 159744K, used 20264K [0x0000000081800000, 0x0000000100000000)
  region size 1024K, 2 young (2048K), 2 survivors (2048K)
 Metaspace       used 35319K, capacity 35755K, committed 35888K, reserved 1081344K
  class space    used 4426K, capacity 4617K, committed 4736K, reserved 1048576K
}
Event: 2.421 GC heap before
{Heap before GC invocations=7 (full 0):
 garbage-first heap   total 159744K, used 53032K [0x0000000081800000, 0x0000000100000000)
  region size 1024K, 35 young (35840K), 2 survivors (2048K)
 Metaspace       used 41497K, capacity 41936K, committed 42032K, reserved 1103872K
  class space    used 5026K, capacity 5203K, committed 5248K, reserved 1048576K
}
Event: 2.426 GC heap after
{Heap after GC invocations=8 (full 0):
 garbage-first heap   total 159744K, used 23026K [0x0000000081800000, 0x0000000100000000)
  region size 1024K, 5 young (5120K), 5 survivors (5120K)
 Metaspace       used 41497K, capacity 41936K, committed 42032K, reserved 1103872K
  class space    used 5026K, capacity 5203K, committed 5248K, reserved 1048576K
}

Deoptimization events (20 events):
Event: 2.279 Thread 0x0000018c705e3800 Uncommon trap: trap_request=0xffffffd6 fr.pc=0x0000018c07bec624 relative=0x0000000000000344
Event: 2.279 Thread 0x0000018c705e3800 Uncommon trap: reason=array_check action=maybe_recompile pc=0x0000018c07bec624 method=java.util.AbstractCollection.toArray([Ljava/lang/Object;)[Ljava/lang/Object; @ 116 c2
Event: 2.279 Thread 0x0000018c705e3800 DEOPT PACKING pc=0x0000018c07bec624 sp=0x0000001c87cfda40
Event: 2.279 Thread 0x0000018c705e3800 DEOPT UNPACKING pc=0x0000018c000278af sp=0x0000001c87cfd9e0 mode 2
Event: 2.279 Thread 0x0000018c705e3800 Uncommon trap: trap_request=0xffffffd6 fr.pc=0x0000018c07bec624 relative=0x0000000000000344
Event: 2.279 Thread 0x0000018c705e3800 Uncommon trap: reason=array_check action=maybe_recompile pc=0x0000018c07bec624 method=java.util.AbstractCollection.toArray([Ljava/lang/Object;)[Ljava/lang/Object; @ 116 c2
Event: 2.279 Thread 0x0000018c705e3800 DEOPT PACKING pc=0x0000018c07bec624 sp=0x0000001c87cfda40
Event: 2.279 Thread 0x0000018c705e3800 DEOPT UNPACKING pc=0x0000018c000278af sp=0x0000001c87cfd9e0 mode 2
Event: 2.279 Thread 0x0000018c705e3800 Uncommon trap: trap_request=0xffffffd6 fr.pc=0x0000018c07bec624 relative=0x0000000000000344
Event: 2.279 Thread 0x0000018c705e3800 Uncommon trap: reason=array_check action=maybe_recompile pc=0x0000018c07bec624 method=java.util.AbstractCollection.toArray([Ljava/lang/Object;)[Ljava/lang/Object; @ 116 c2
Event: 2.279 Thread 0x0000018c705e3800 DEOPT PACKING pc=0x0000018c07bec624 sp=0x0000001c87cfda40
Event: 2.279 Thread 0x0000018c705e3800 DEOPT UNPACKING pc=0x0000018c000278af sp=0x0000001c87cfd9e0 mode 2
Event: 2.279 Thread 0x0000018c705e3800 Uncommon trap: trap_request=0xffffffd6 fr.pc=0x0000018c07bec624 relative=0x0000000000000344
Event: 2.279 Thread 0x0000018c705e3800 Uncommon trap: reason=array_check action=maybe_recompile pc=0x0000018c07bec624 method=java.util.AbstractCollection.toArray([Ljava/lang/Object;)[Ljava/lang/Object; @ 116 c2
Event: 2.279 Thread 0x0000018c705e3800 DEOPT PACKING pc=0x0000018c07bec624 sp=0x0000001c87cfda40
Event: 2.279 Thread 0x0000018c705e3800 DEOPT UNPACKING pc=0x0000018c000278af sp=0x0000001c87cfd9e0 mode 2
Event: 2.386 Thread 0x0000018c705e3800 Uncommon trap: trap_request=0xffffff4d fr.pc=0x0000018c07af5d8c relative=0x000000000000044c
Event: 2.386 Thread 0x0000018c705e3800 Uncommon trap: reason=unstable_if action=reinterpret pc=0x0000018c07af5d8c method=java.lang.StringLatin1.indexOf([BI[BII)I @ 27 c2
Event: 2.386 Thread 0x0000018c705e3800 DEOPT PACKING pc=0x0000018c07af5d8c sp=0x0000001c87cfc070
Event: 2.386 Thread 0x0000018c705e3800 DEOPT UNPACKING pc=0x0000018c000278af sp=0x0000001c87cfbfd0 mode 2

Classes redefined (0 events):
No events

Internal exceptions (20 events):
Event: 0.677 Thread 0x0000018c705e3800 Exception <a 'java/lang/NoSuchMethodError'{0x00000000883acd18}: 'long java.lang.invoke.DelegatingMethodHandle$Holder.reinvoke_L(java.lang.Object, java.lang.Object, java.lang.Object)'> (0x00000000883acd18) thrown at [./src/hotspot/share/interpreter/linkResolver.cpp, line 773]
Event: 0.678 Thread 0x0000018c705e3800 Exception <a 'java/lang/NoSuchMethodError'{0x00000000883b69d8}: 'int java.lang.invoke.DirectMethodHandle$Holder.invokeSpecial(java.lang.Object, java.lang.Object, java.lang.Object, java.lang.Object)'> (0x00000000883b69d8) thrown at [./src/hotspot/share/interpreter/linkResolver.cpp, line 773]
Event: 0.679 Thread 0x0000018c705e3800 Exception <a 'java/lang/NoSuchMethodError'{0x00000000883c57b8}: 'int java.lang.invoke.DelegatingMethodHandle$Holder.reinvoke_L(java.lang.Object, java.lang.Object, java.lang.Object, long, int)'> (0x00000000883c57b8) thrown at [./src/hotspot/share/interpreter/linkResolver.cpp, line 773]
Event: 0.759 Thread 0x0000018c705e3800 Exception <a 'java/lang/NoSuchMethodError'{0x0000000087b32e30}: 'int java.lang.invoke.DirectMethodHandle$Holder.invokeSpecialIFC(java.lang.Object, java.lang.Object, int)'> (0x0000000087b32e30) thrown at [./src/hotspot/share/interpreter/linkResolver.cpp, line 773]
Event: 0.912 Thread 0x0000018c705e3800 Exception <a 'java/lang/NoSuchMethodError'{0x00000000871a4680}: 'java.lang.Object java.lang.invoke.DirectMethodHandle$Holder.invokeStaticInit(java.lang.Object, int)'> (0x00000000871a4680) thrown at [./src/hotspot/share/interpreter/linkResolver.cpp, line 773]
Event: 0.949 Thread 0x0000018c705e3800 Exception <a 'java/lang/NoSuchMethodError'{0x000000008967ada0}: 'long java.lang.invoke.DirectMethodHandle$Holder.invokeStatic(java.lang.Object)'> (0x000000008967ada0) thrown at [./src/hotspot/share/interpreter/linkResolver.cpp, line 773]
Event: 0.949 Thread 0x0000018c705e3800 Exception <a 'java/lang/NoSuchMethodError'{0x000000008967dbf8}: 'long java.lang.invoke.DirectMethodHandle$Holder.invokeStaticInit(java.lang.Object)'> (0x000000008967dbf8) thrown at [./src/hotspot/share/interpreter/linkResolver.cpp, line 773]
Event: 0.990 Thread 0x0000018c705e3800 Exception <a 'java/lang/NoSuchMethodError'{0x000000008922e7f8}: 'int java.lang.invoke.DirectMethodHandle$Holder.invokeStaticInit(java.lang.Object, java.lang.Object, java.lang.Object)'> (0x000000008922e7f8) thrown at [./src/hotspot/share/interpreter/linkResolver.cpp, line 773]
Event: 0.993 Thread 0x0000018c705e3800 Exception <a 'java/lang/NoSuchMethodError'{0x0000000089259768}: 'int java.lang.invoke.DirectMethodHandle$Holder.invokeStaticInit(java.lang.Object, java.lang.Object)'> (0x0000000089259768) thrown at [./src/hotspot/share/interpreter/linkResolver.cpp, line 773]
Event: 1.032 Thread 0x0000018c705e3800 Exception <a 'java/lang/NoSuchMethodError'{0x000000008906bfc8}: 'void java.lang.invoke.DirectMethodHandle$Holder.invokeSpecial(java.lang.Object, java.lang.Object)'> (0x000000008906bfc8) thrown at [./src/hotspot/share/interpreter/linkResolver.cpp, line 773]
Event: 1.178 Thread 0x0000018c705e3800 Exception <a 'java/lang/NoSuchMethodError'{0x00000000888912b0}: 'java.lang.Object java.lang.invoke.DirectMethodHandle$Holder.invokeStatic(java.lang.Object, java.lang.Object, java.lang.Object, java.lang.Object, java.lang.Object, java.lang.Object, java.lang.Object, java.lang.Object, java.lang.Object, java.lang.Object, java.lang.Object, java.lang.Object, java.lang.Object, java.lang.Object, java.lang.Object)'> (0x00000000888912b0) thrown at [./src/hotspot/share/interpreter/linkResolver.cpp, line 773]
Event: 1.179 Thread 0x0000018c705e3800 Exception <a 'java/lang/NoSuchMethodError'{0x000000008889f2b8}: 'java.lang.Object java.lang.invoke.DirectMethodHandle$Holder.invokeStatic(java.lang.Object, java.lang.Object, java.lang.Object, java.lang.Object, java.lang.Object, java.lang.Object, java.lang.Object, java.lang.Object, java.lang.Object, java.lang.Object, java.lang.Object, java.lang.Object, java.lang.Object, java.lang.Object, java.lang.Object, java.lang.Object)'> (0x000000008889f2b8) thrown at [./src/hotspot/share/interpreter/linkResolver.cpp, l
Event: 1.180 Thread 0x0000018c705e3800 Exception <a 'java/lang/NoSuchMethodError'{0x00000000888ad1d0}: 'java.lang.Object java.lang.invoke.DirectMethodHandle$Holder.invokeSpecial(java.lang.Object, java.lang.Object, int, int, java.lang.Object, java.lang.Object, java.lang.Object)'> (0x00000000888ad1d0) thrown at [./src/hotspot/share/interpreter/linkResolver.cpp, line 773]
Event: 1.180 Thread 0x0000018c705e3800 Exception <a 'java/lang/NoSuchMethodError'{0x00000000888b0a08}: 'java.lang.Object java.lang.invoke.DelegatingMethodHandle$Holder.reinvoke_L(java.lang.Object, int, int, java.lang.Object, java.lang.Object, java.lang.Object)'> (0x00000000888b0a08) thrown at [./src/hotspot/share/interpreter/linkResolver.cpp, line 773]
Event: 1.181 Thread 0x0000018c705e3800 Exception <a 'java/lang/NoSuchMethodError'{0x00000000888b4d90}: 'java.lang.Object java.lang.invoke.DirectMethodHandle$Holder.invokeStatic(java.lang.Object, java.lang.Object, java.lang.Object, java.lang.Object, int)'> (0x00000000888b4d90) thrown at [./src/hotspot/share/interpreter/linkResolver.cpp, line 773]
Event: 1.219 Thread 0x0000018c705e3800 Exception <a 'java/lang/NoSuchMethodError'{0x00000000887d8f98}: 'void java.lang.invoke.DirectMethodHandle$Holder.invokeStatic(java.lang.Object, java.lang.Object, java.lang.Object, java.lang.Object)'> (0x00000000887d8f98) thrown at [./src/hotspot/share/interpreter/linkResolver.cpp, line 773]
Event: 1.268 Thread 0x0000018c705e3800 Exception <a 'java/lang/NoSuchMethodError'{0x00000000883b98a8}: 'void java.lang.invoke.DirectMethodHandle$Holder.invokeStaticInit(java.lang.Object, java.lang.Object)'> (0x00000000883b98a8) thrown at [./src/hotspot/share/interpreter/linkResolver.cpp, line 773]
Event: 1.335 Thread 0x0000018c705e3800 Exception <a 'java/lang/NoSuchMethodError'{0x0000000087eb0a70}: 'void java.lang.invoke.DirectMethodHandle$Holder.invokeVirtual(java.lang.Object, java.lang.Object)'> (0x0000000087eb0a70) thrown at [./src/hotspot/share/interpreter/linkResolver.cpp, line 773]
Event: 1.341 Thread 0x0000018c705e3800 Exception <a 'java/lang/NoSuchMethodError'{0x0000000087d2ee78}: 'int java.lang.invoke.DirectMethodHandle$Holder.invokeVirtual(java.lang.Object, java.lang.Object)'> (0x0000000087d2ee78) thrown at [./src/hotspot/share/interpreter/linkResolver.cpp, line 773]
Event: 1.991 Thread 0x0000018c705e3800 Exception <a 'java/lang/NoSuchMethodError'{0x000000008927b628}: 'java.lang.Object java.lang.invoke.DirectMethodHandle$Holder.invokeVirtual(java.lang.Object, java.lang.Object, java.lang.Object)'> (0x000000008927b628) thrown at [./src/hotspot/share/interpreter/linkResolver.cpp, line 773]

Events (20 events):
Event: 2.413 loading class org/jetbrains/kotlin/resolve/calls/results/FlatSignatureForResolvedCallKt$createOverloadingConflictResolver$2 done
Event: 2.413 loading class org/jetbrains/kotlin/resolve/calls/inference/ConstraintSystemBuilderImpl
Event: 2.413 loading class org/jetbrains/kotlin/resolve/calls/inference/ConstraintSystemBuilderImpl done
Event: 2.414 loading class org/jetbrains/kotlin/resolve/calls/inference/ConstraintSystemBuilderImpl$Companion
Event: 2.414 loading class org/jetbrains/kotlin/resolve/calls/inference/ConstraintSystemBuilderImpl$Companion done
Event: 2.414 loading class org/jetbrains/kotlin/resolve/calls/results/FlatSignatureForResolvedCallKt$createOverloadingConflictResolver$3
Event: 2.414 loading class org/jetbrains/kotlin/resolve/calls/results/FlatSignatureForResolvedCallKt$createOverloadingConflictResolver$3 done
Event: 2.414 loading class org/jetbrains/kotlin/resolve/calls/results/FlatSignatureForResolvedCallKt$createOverloadingConflictResolver$4
Event: 2.414 loading class org/jetbrains/kotlin/resolve/calls/results/FlatSignatureForResolvedCallKt$createOverloadingConflictResolver$4 done
Event: 2.414 loading class org/jetbrains/kotlin/resolve/calls/results/FlatSignatureForResolvedCallKt$createOverloadingConflictResolver$5
Event: 2.414 loading class org/jetbrains/kotlin/resolve/calls/results/FlatSignatureForResolvedCallKt$createOverloadingConflictResolver$5 done
Event: 2.415 loading class org/jetbrains/kotlin/resolve/CodeAnalyzerInitializer$Companion
Event: 2.415 loading class org/jetbrains/kotlin/resolve/CodeAnalyzerInitializer$Companion done
Event: 2.415 loading class org/jetbrains/kotlin/context/MutableModuleContext$DefaultImpls
Event: 2.415 loading class org/jetbrains/kotlin/context/MutableModuleContext$DefaultImpls done
Event: 2.419 loading class org/jetbrains/kotlin/load/kotlin/incremental/IncrementalPackagePartProvider
Event: 2.419 loading class org/jetbrains/kotlin/load/kotlin/incremental/IncrementalPackagePartProvider done
Event: 2.419 loading class org/jetbrains/kotlin/cli/jvm/compiler/TopDownAnalyzerFacadeForJVMKt
Event: 2.419 loading class org/jetbrains/kotlin/cli/jvm/compiler/TopDownAnalyzerFacadeForJVMKt done
Event: 2.420 Executing VM operation: CollectForMetadataAllocation


Dynamic libraries:
0x00007ff6ece20000 - 0x00007ff6ece2a000 	C:\Program Files\Android\Android Studio\jre\bin\java.exe
0x00007fff43130000 - 0x00007fff43325000 	C:\WINDOWS\SYSTEM32\ntdll.dll
0x00007fff12670000 - 0x00007fff12686000 	C:\Program Files\Avast Software\Avast\aswhook.dll
0x00007fff41e80000 - 0x00007fff41f3e000 	C:\WINDOWS\System32\KERNEL32.DLL
0x00007fff40b10000 - 0x00007fff40dd8000 	C:\WINDOWS\System32\KERNELBASE.dll
0x00007fff40e10000 - 0x00007fff40f10000 	C:\WINDOWS\System32\ucrtbase.dll
0x00007fff22a30000 - 0x00007fff22a49000 	C:\Program Files\Android\Android Studio\jre\bin\jli.dll
0x00007fff29b10000 - 0x00007fff29b27000 	C:\Program Files\Android\Android Studio\jre\bin\VCRUNTIME140.dll
0x00007fff41830000 - 0x00007fff419d1000 	C:\WINDOWS\System32\USER32.dll
0x00007fff40de0000 - 0x00007fff40e02000 	C:\WINDOWS\System32\win32u.dll
0x00007fff2f0c0000 - 0x00007fff2f35a000 	C:\WINDOWS\WinSxS\amd64_microsoft.windows.common-controls_6595b64144ccf1df_6.0.19041.1110_none_60b5254171f9507e\COMCTL32.dll
0x00007fff423e0000 - 0x00007fff4240b000 	C:\WINDOWS\System32\GDI32.dll
0x00007fff425e0000 - 0x00007fff4267e000 	C:\WINDOWS\System32\msvcrt.dll
0x00007fff40a00000 - 0x00007fff40b0d000 	C:\WINDOWS\System32\gdi32full.dll
0x00007fff40f10000 - 0x00007fff40fad000 	C:\WINDOWS\System32\msvcp_win.dll
0x00007fff41e50000 - 0x00007fff41e80000 	C:\WINDOWS\System32\IMM32.DLL
0x00007fff0f450000 - 0x00007fff0f4ed000 	C:\Program Files\Android\Android Studio\jre\bin\msvcp140.dll
0x00007ffefd230000 - 0x00007ffefdcff000 	C:\Program Files\Android\Android Studio\jre\bin\server\jvm.dll
0x00007fff42330000 - 0x00007fff423dc000 	C:\WINDOWS\System32\ADVAPI32.dll
0x00007fff42410000 - 0x00007fff424ab000 	C:\WINDOWS\System32\sechost.dll
0x00007fff420e0000 - 0x00007fff4220a000 	C:\WINDOWS\System32\RPCRT4.dll
0x00007fff42680000 - 0x00007fff42688000 	C:\WINDOWS\System32\PSAPI.DLL
0x00007fff2eee0000 - 0x00007fff2ef07000 	C:\WINDOWS\SYSTEM32\WINMM.dll
0x00007fff2fd10000 - 0x00007fff2fd19000 	C:\WINDOWS\SYSTEM32\WSOCK32.dll
0x00007fff39a70000 - 0x00007fff39a7a000 	C:\WINDOWS\SYSTEM32\VERSION.dll
0x00007fff42070000 - 0x00007fff420db000 	C:\WINDOWS\System32\WS2_32.dll
0x00007fff3f110000 - 0x00007fff3f122000 	C:\WINDOWS\SYSTEM32\kernel.appcore.dll
0x00007fff3a520000 - 0x00007fff3a531000 	C:\Program Files\Android\Android Studio\jre\bin\verify.dll
0x00007fff3edd0000 - 0x00007fff3efb4000 	C:\WINDOWS\SYSTEM32\DBGHELP.DLL
0x00007fff312f0000 - 0x00007fff3131c000 	C:\WINDOWS\SYSTEM32\dbgcore.DLL
0x00007fff40fb0000 - 0x00007fff41032000 	C:\WINDOWS\System32\bcryptPrimitives.dll
0x00007fff26360000 - 0x00007fff26389000 	C:\Program Files\Android\Android Studio\jre\bin\java.dll
0x00007fff3ad00000 - 0x00007fff3ad0b000 	C:\Program Files\Android\Android Studio\jre\bin\jimage.dll
0x00007fff38870000 - 0x00007fff38888000 	C:\Program Files\Android\Android Studio\jre\bin\zip.dll
0x00007fff42690000 - 0x00007fff42dd4000 	C:\WINDOWS\System32\SHELL32.dll
0x00007fff3e560000 - 0x00007fff3ecf4000 	C:\WINDOWS\SYSTEM32\windows.storage.dll
0x00007fff419e0000 - 0x00007fff41d35000 	C:\WINDOWS\System32\combase.dll
0x00007fff401c0000 - 0x00007fff401ee000 	C:\WINDOWS\SYSTEM32\Wldp.dll
0x00007fff42ed0000 - 0x00007fff42f7d000 	C:\WINDOWS\System32\SHCORE.dll
0x00007fff43090000 - 0x00007fff430e5000 	C:\WINDOWS\System32\shlwapi.dll
0x00007fff40780000 - 0x00007fff4079f000 	C:\WINDOWS\SYSTEM32\profapi.dll
0x00007fff2f380000 - 0x00007fff2f39a000 	C:\Program Files\Android\Android Studio\jre\bin\net.dll
0x00007fff31080000 - 0x00007fff3118c000 	C:\WINDOWS\SYSTEM32\WINHTTP.dll
0x00007fff3ff20000 - 0x00007fff3ff8a000 	C:\WINDOWS\system32\mswsock.dll
0x00007fff26340000 - 0x00007fff26354000 	C:\Program Files\Android\Android Studio\jre\bin\nio.dll

dbghelp: loaded successfully - version: 4.0.5 - missing functions: none
symbol engine: initialized successfully - sym options: 0x614 - pdb path: .;C:\Program Files\Android\Android Studio\jre\bin;C:\WINDOWS\SYSTEM32;C:\Program Files\Avast Software\Avast;C:\WINDOWS\WinSxS\amd64_microsoft.windows.common-controls_6595b64144ccf1df_6.0.19041.1110_none_60b5254171f9507e;C:\Program Files\Android\Android Studio\jre\bin\server

VM Arguments:
java_command: org.jetbrains.kotlin.cli.jvm.K2JVMCompiler @E:\AndroidStudioProject\AnNHT2_Mock_Final_FresherAndroid_07\app\build\20220109_17632104577096479264.compiler.options
java_class_path (initial): C:\Users\AnNHT_XDSNViDai\.gradle\caches\modules-2\files-2.1\org.jetbrains.kotlin\kotlin-compiler-embeddable\1.6.0\aa8da3bedc53c89219b84a0b40c7419431a13e76\kotlin-compiler-embeddable-1.6.0.jar;C:\Users\AnNHT_XDSNViDai\.gradle\caches\modules-2\files-2.1\org.jetbrains.kotlin\kotlin-reflect\1.6.0\a215a7f914d5916dc5fd2d45cea16524e0220203\kotlin-reflect-1.6.0.jar;C:\Users\AnNHT_XDSNViDai\.gradle\caches\modules-2\files-2.1\org.jetbrains.kotlin\kotlin-stdlib\1.6.0\a40b8b22529b733892edf4b73468ce598bb17f04\kotlin-stdlib-1.6.0.jar;C:\Users\AnNHT_XDSNViDai\.gradle\caches\modules-2\files-2.1\org.jetbrains.kotlin\kotlin-script-runtime\1.6.0\55f72526ddcff6fc77d72cdf949c7e3d9bd95620\kotlin-script-runtime-1.6.0.jar;C:\Users\AnNHT_XDSNViDai\.gradle\caches\modules-2\files-2.1\org.jetbrains.kotlin\kotlin-daemon-embeddable\1.6.0\d6242b37f4ce6b637d10847c7558446272ec8432\kotlin-daemon-embeddable-1.6.0.jar;C:\Users\AnNHT_XDSNViDai\.gradle\caches\modules-2\files-2.1\org.jetbrains.intellij.deps\trove4j\1.0.20181211\216c2e14b070f334479d800987affe4054cd563f\trove4j-1.0.20181211.jar;C:\Users\AnNHT_XDSNViDai\.gradle\caches\modules-2\files-2.1\net.java.dev.jna\jna\5.6.0\330f2244e9030119ab3030fc3fededc86713d9cc\jna-5.6.0.jar;C:\Users\AnNHT_XDSNViDai\.gradle\caches\modules-2\files-2.1\org.jetbrains\annotations\13.0\919f0dfe192fb4e063e7dacadee7f8bb9a2672a9\annotations-13.0.jar;C:\Users\AnNHT_XDSNViDai\.gradle\caches\modules-2\files-2.1\org.jetbrains.kotlin\kotlin-stdlib-common\1.6.0\7857e365f925cfa060f941c1357cda1f8790502c\kotlin-stdlib-common-1.6.0.jar
Launcher Type: SUN_STANDARD

[Global flags]
     intx CICompilerCount                          = 4                                         {product} {ergonomic}
     uint ConcGCThreads                            = 2                                         {product} {ergonomic}
     uint G1ConcRefinementThreads                  = 8                                         {product} {ergonomic}
   size_t G1HeapRegionSize                         = 1048576                                   {product} {ergonomic}
    uintx GCDrainStackTargetSize                   = 64                                        {product} {ergonomic}
   size_t InitialHeapSize                          = 134217728                                 {product} {ergonomic}
   size_t MarkStackSize                            = 4194304                                   {product} {ergonomic}
   size_t MaxHeapSize                              = 2122317824                                {product} {ergonomic}
   size_t MaxNewSize                               = 1272971264                                {product} {ergonomic}
   size_t MinHeapDeltaBytes                        = 1048576                                   {product} {ergonomic}
    uintx NonNMethodCodeHeapSize                   = 5836300                                {pd product} {ergonomic}
    uintx NonProfiledCodeHeapSize                  = 122910970                              {pd product} {ergonomic}
    uintx ProfiledCodeHeapSize                     = 122910970                              {pd product} {ergonomic}
    uintx ReservedCodeCacheSize                    = 251658240                              {pd product} {ergonomic}
     bool SegmentedCodeCache                       = true                                      {product} {ergonomic}
     bool UseCompressedClassPointers               = true                                 {lp64_product} {ergonomic}
     bool UseCompressedOops                        = true                                 {lp64_product} {ergonomic}
     bool UseG1GC                                  = true                                      {product} {ergonomic}
     bool UseLargePagesIndividualAllocation        = false                                  {pd product} {ergonomic}

Logging:
Log output configuration:
 #0: stdout all=warning uptime,level,tags
 #1: stderr all=off uptime,level,tags

Environment Variables:
PATH=C:\Program Files (x86)\Common Files\Oracle\Java\javapath;C:\Program Files (x86)\Intel\Intel(R) Management Engine Components\iCLS\;C:\Program Files\Intel\Intel(R) Management Engine Components\iCLS\;C:\WINDOWS\system32;C:\WINDOWS;C:\WINDOWS\System32\Wbem;C:\WINDOWS\System32\WindowsPowerShell\v1.0\;C:\Program Files (x86)\Intel\Intel(R) Management Engine Components\DAL;C:\Program Files\Intel\Intel(R) Management Engine Components\DAL;C:\Program Files (x86)\Intel\Intel(R) Management Engine Components\IPT;C:\Program Files\Intel\Intel(R) Management Engine Components\IPT;C:\WINDOWS\System32\OpenSSH\;C:\Program Files\dotnet\;C:\Windows\system32;C:\Program Files\nodejs\;C:\Program Files\Git\cmd;C:\Program Files (x86)\dotnet\;C:\Program Files\VisualSVN Server\bin;C:\Program Files\TortoiseSVN\bin;C:\Users\AnNHT_XDSNViDai\AppData\Local\Programs\Python\Python38-32\Scripts\;C:\Users\AnNHT_XDSNViDai\AppData\Local\Programs\Python\Python38-32\;C:\Users\AnNHT_XDSNViDai\AppData\Local\Microsoft\WindowsApps;C:\Users\AnNHT_XDSNViDai\AppData\Roaming\npm;C:\Users\AnNHT_XDSNViDai\AppData\Local\GitHubDesktop\bin;C:\src\flutter\bin;
USERNAME=AnNHT
OS=Windows_NT
PROCESSOR_IDENTIFIER=Intel64 Family 6 Model 142 Stepping 10, GenuineIntel



---------------  S Y S T E M  ---------------

OS: Windows 10 , 64 bit Build 19041 (10.0.19041.1348)
OS uptime: 3 days 7:59 hours

CPU:total 8 (initial active 8) (4 cores per cpu, 2 threads per core) family 6 model 142 stepping 10 microcode 0xea, cmov, cx8, fxsr, mmx, sse, sse2, sse3, ssse3, sse4.1, sse4.2, popcnt, avx, avx2, aes, clmul, erms, 3dnowpref, lzcnt, ht, tsc, tscinvbit, bmi1, bmi2, adx, fma

Memory: 4k page, system-wide physical 8089M (438M free)
TotalPageFile size 14089M (AvailPageFile size 0M)
current process WorkingSet (physical memory assigned to process): 240M, peak: 240M
current process commit charge ("private bytes"): 325M, peak: 326M

vm_info: OpenJDK 64-Bit Server VM (11.0.10+0-b96-7249189) for windows-amd64 JRE (11.0.10+0-b96-7249189), built on Mar 31 2021 21:44:00 by "builder" with MS VC++ 14.0 (VS2015)

END.
