#
# There is insufficient memory for the Java Runtime Environment to continue.
# Native memory allocation (mmap) failed to map 134217728 bytes for Failed to commit area from 0x0000000081800000 to 0x0000000089800000 of length 134217728.
# Possible reasons:
#   The system is out of physical RAM or swap space
#   The process is running with CompressedOops enabled, and the Java Heap may be blocking the growth of the native heap
# Possible solutions:
#   Reduce memory load on the system
#   Increase physical memory or swap space
#   Check if swap backing store is full
#   Decrease Java heap size (-Xmx/-Xms)
#   Decrease number of Java threads
#   Decrease Java thread stack sizes (-Xss)
#   Set larger code cache with -XX:ReservedCodeCacheSize=
# This output file may be truncated or incomplete.
#
#  Out of Memory Error (./src/hotspot/os/windows/os_windows.cpp:3301), pid=2612, tid=13292
#
# JRE version:  (11.0.10) (build )
# Java VM: OpenJDK 64-Bit Server VM (11.0.10+0-b96-7249189, mixed mode, sharing, tiered, compressed oops, g1 gc, windows-amd64)
# No core dump will be written. Minidumps are not enabled by default on client versions of Windows
#

---------------  S U M M A R Y ------------

Command Line: org.jetbrains.kotlin.cli.jvm.K2JVMCompiler @E:\AndroidStudioProject\AnNHT2_Mock_Final_FresherAndroid_07\app\build\20220109_3475315206190079069.compiler.options

Host: Intel(R) Core(TM) i7-8550U CPU @ 1.80GHz, 8 cores, 7G,  Windows 10 , 64 bit Build 19041 (10.0.19041.1348)
Time: Sun Jan  9 02:55:14 2022 SE Asia Standard Time elapsed time: 0.009973 seconds (0d 0h 0m 0s)

---------------  T H R E A D  ---------------

Current thread (0x0000025e20353800):  JavaThread "Unknown thread" [_thread_in_vm, id=13292, stack(0x000000f145700000,0x000000f145800000)]

Stack: [0x000000f145700000,0x000000f145800000]
Native frames: (J=compiled Java code, j=interpreted, Vv=VM code, C=native code)
V  [jvm.dll+0x5ecfaa]
V  [jvm.dll+0x722bd5]
V  [jvm.dll+0x72412d]
V  [jvm.dll+0x7247e3]
V  [jvm.dll+0x242928]
V  [jvm.dll+0x5ea374]
V  [jvm.dll+0x5df425]
V  [jvm.dll+0x2fdebb]
V  [jvm.dll+0x2fde2a]
V  [jvm.dll+0x2fdd02]
V  [jvm.dll+0x302bf6]
V  [jvm.dll+0x34b2a3]
V  [jvm.dll+0x34b9a6]
V  [jvm.dll+0x34b3a3]
V  [jvm.dll+0x2d8888]
V  [jvm.dll+0x2d9a37]
V  [jvm.dll+0x701737]
V  [jvm.dll+0x702f2c]
V  [jvm.dll+0x3587d9]
V  [jvm.dll+0x6e4fae]
V  [jvm.dll+0x3c0be3]
V  [jvm.dll+0x3c2e91]
C  [jli.dll+0x5373]
C  [ucrtbase.dll+0x21bb2]
C  [KERNEL32.DLL+0x17034]
C  [ntdll.dll+0x52651]


---------------  P R O C E S S  ---------------

Threads class SMR info:
_java_thread_list=0x0000025e1e0e51d0, length=0, elements={
}

Java Threads: ( => current thread )

Other Threads:
  0x0000025e2036b800 GCTaskThread "GC Thread#0" [stack: 0x000000f145800000,0x000000f145900000] [id=15368]
  0x0000025e2039d000 ConcurrentGCThread "G1 Main Marker" [stack: 0x000000f145900000,0x000000f145a00000] [id=11824]
  0x0000025e2039f000 ConcurrentGCThread "G1 Conc#0" [stack: 0x000000f145a00000,0x000000f145b00000] [id=17292]

[error occurred during error reporting (printing all threads), id 0xc0000005, EXCEPTION_ACCESS_VIOLATION (0xc0000005) at pc=0x00007ffefd519107]

VM state:not at safepoint (not fully initialized)

VM Mutex/Monitor currently owned by a thread:  ([mutex/lock_event])
[0x0000025e203501c0] Heap_lock - owner thread: 0x0000025e20353800

Heap address: 0x0000000081800000, size: 2024 MB, Compressed Oops mode: Non-zero based: 0x0000000081800000
Narrow klass base: 0x0000000000000000, Narrow klass shift: 0

GC Heap History (0 events):
No events

Deoptimization events (0 events):
No events

Classes redefined (0 events):
No events

Internal exceptions (0 events):
No events

Events (1 events):
Event: 0.007 Loaded shared library C:\Program Files\Android\Android Studio\jre\bin\zip.dll


Dynamic libraries:
0x00007ff6ece20000 - 0x00007ff6ece2a000 	C:\Program Files\Android\Android Studio\jre\bin\java.exe
0x00007fff43130000 - 0x00007fff43325000 	C:\WINDOWS\SYSTEM32\ntdll.dll
0x00007fff12670000 - 0x00007fff12686000 	C:\Program Files\Avast Software\Avast\aswhook.dll
0x00007fff41e80000 - 0x00007fff41f3e000 	C:\WINDOWS\System32\KERNEL32.DLL
0x00007fff40b10000 - 0x00007fff40dd8000 	C:\WINDOWS\System32\KERNELBASE.dll
0x00007fff40e10000 - 0x00007fff40f10000 	C:\WINDOWS\System32\ucrtbase.dll
0x00007fff22a30000 - 0x00007fff22a49000 	C:\Program Files\Android\Android Studio\jre\bin\jli.dll
0x00007fff29b10000 - 0x00007fff29b27000 	C:\Program Files\Android\Android Studio\jre\bin\VCRUNTIME140.dll
0x00007fff41830000 - 0x00007fff419d1000 	C:\WINDOWS\System32\USER32.dll
0x00007fff40de0000 - 0x00007fff40e02000 	C:\WINDOWS\System32\win32u.dll
0x00007fff2f0c0000 - 0x00007fff2f35a000 	C:\WINDOWS\WinSxS\amd64_microsoft.windows.common-controls_6595b64144ccf1df_6.0.19041.1110_none_60b5254171f9507e\COMCTL32.dll
0x00007fff423e0000 - 0x00007fff4240b000 	C:\WINDOWS\System32\GDI32.dll
0x00007fff425e0000 - 0x00007fff4267e000 	C:\WINDOWS\System32\msvcrt.dll
0x00007fff40a00000 - 0x00007fff40b0d000 	C:\WINDOWS\System32\gdi32full.dll
0x00007fff40f10000 - 0x00007fff40fad000 	C:\WINDOWS\System32\msvcp_win.dll
0x00007fff41e50000 - 0x00007fff41e80000 	C:\WINDOWS\System32\IMM32.DLL
0x00007fff0f450000 - 0x00007fff0f4ed000 	C:\Program Files\Android\Android Studio\jre\bin\msvcp140.dll
0x00007ffefd230000 - 0x00007ffefdcff000 	C:\Program Files\Android\Android Studio\jre\bin\server\jvm.dll
0x00007fff42330000 - 0x00007fff423dc000 	C:\WINDOWS\System32\ADVAPI32.dll
0x00007fff42410000 - 0x00007fff424ab000 	C:\WINDOWS\System32\sechost.dll
0x00007fff420e0000 - 0x00007fff4220a000 	C:\WINDOWS\System32\RPCRT4.dll
0x00007fff42680000 - 0x00007fff42688000 	C:\WINDOWS\System32\PSAPI.DLL
0x00007fff2fd10000 - 0x00007fff2fd19000 	C:\WINDOWS\SYSTEM32\WSOCK32.dll
0x00007fff2eee0000 - 0x00007fff2ef07000 	C:\WINDOWS\SYSTEM32\WINMM.dll
0x00007fff39a70000 - 0x00007fff39a7a000 	C:\WINDOWS\SYSTEM32\VERSION.dll
0x00007fff42070000 - 0x00007fff420db000 	C:\WINDOWS\System32\WS2_32.dll
0x00007fff3f110000 - 0x00007fff3f122000 	C:\WINDOWS\SYSTEM32\kernel.appcore.dll
0x00007fff3a520000 - 0x00007fff3a531000 	C:\Program Files\Android\Android Studio\jre\bin\verify.dll
0x00007fff3edd0000 - 0x00007fff3efb4000 	C:\WINDOWS\SYSTEM32\DBGHELP.DLL
0x00007fff312f0000 - 0x00007fff3131c000 	C:\WINDOWS\SYSTEM32\dbgcore.DLL
0x00007fff40fb0000 - 0x00007fff41032000 	C:\WINDOWS\System32\bcryptPrimitives.dll
0x00007fff26360000 - 0x00007fff26389000 	C:\Program Files\Android\Android Studio\jre\bin\java.dll
0x00007fff3ad00000 - 0x00007fff3ad0b000 	C:\Program Files\Android\Android Studio\jre\bin\jimage.dll
0x00007fff38870000 - 0x00007fff38888000 	C:\Program Files\Android\Android Studio\jre\bin\zip.dll

dbghelp: loaded successfully - version: 4.0.5 - missing functions: none
symbol engine: initialized successfully - sym options: 0x614 - pdb path: .;C:\Program Files\Android\Android Studio\jre\bin;C:\WINDOWS\SYSTEM32;C:\Program Files\Avast Software\Avast;C:\WINDOWS\WinSxS\amd64_microsoft.windows.common-controls_6595b64144ccf1df_6.0.19041.1110_none_60b5254171f9507e;C:\Program Files\Android\Android Studio\jre\bin\server

VM Arguments:
java_command: org.jetbrains.kotlin.cli.jvm.K2JVMCompiler @E:\AndroidStudioProject\AnNHT2_Mock_Final_FresherAndroid_07\app\build\20220109_3475315206190079069.compiler.options
java_class_path (initial): C:\Users\AnNHT_XDSNViDai\.gradle\caches\modules-2\files-2.1\org.jetbrains.kotlin\kotlin-compiler-embeddable\1.6.0\aa8da3bedc53c89219b84a0b40c7419431a13e76\kotlin-compiler-embeddable-1.6.0.jar;C:\Users\AnNHT_XDSNViDai\.gradle\caches\modules-2\files-2.1\org.jetbrains.kotlin\kotlin-reflect\1.6.0\a215a7f914d5916dc5fd2d45cea16524e0220203\kotlin-reflect-1.6.0.jar;C:\Users\AnNHT_XDSNViDai\.gradle\caches\modules-2\files-2.1\org.jetbrains.kotlin\kotlin-stdlib\1.6.0\a40b8b22529b733892edf4b73468ce598bb17f04\kotlin-stdlib-1.6.0.jar;C:\Users\AnNHT_XDSNViDai\.gradle\caches\modules-2\files-2.1\org.jetbrains.kotlin\kotlin-script-runtime\1.6.0\55f72526ddcff6fc77d72cdf949c7e3d9bd95620\kotlin-script-runtime-1.6.0.jar;C:\Users\AnNHT_XDSNViDai\.gradle\caches\modules-2\files-2.1\org.jetbrains.kotlin\kotlin-daemon-embeddable\1.6.0\d6242b37f4ce6b637d10847c7558446272ec8432\kotlin-daemon-embeddable-1.6.0.jar;C:\Users\AnNHT_XDSNViDai\.gradle\caches\modules-2\files-2.1\org.jetbrains.intellij.deps\trove4j\1.0.20181211\216c2e14b070f334479d800987affe4054cd563f\trove4j-1.0.20181211.jar;C:\Users\AnNHT_XDSNViDai\.gradle\caches\modules-2\files-2.1\net.java.dev.jna\jna\5.6.0\330f2244e9030119ab3030fc3fededc86713d9cc\jna-5.6.0.jar;C:\Users\AnNHT_XDSNViDai\.gradle\caches\modules-2\files-2.1\org.jetbrains\annotations\13.0\919f0dfe192fb4e063e7dacadee7f8bb9a2672a9\annotations-13.0.jar;C:\Users\AnNHT_XDSNViDai\.gradle\caches\modules-2\files-2.1\org.jetbrains.kotlin\kotlin-stdlib-common\1.6.0\7857e365f925cfa060f941c1357cda1f8790502c\kotlin-stdlib-common-1.6.0.jar
Launcher Type: SUN_STANDARD

[Global flags]
     intx CICompilerCount                          = 4                                         {product} {ergonomic}
     uint ConcGCThreads                            = 2                                         {product} {ergonomic}
     uint G1ConcRefinementThreads                  = 8                                         {product} {ergonomic}
   size_t G1HeapRegionSize                         = 1048576                                   {product} {ergonomic}
    uintx GCDrainStackTargetSize                   = 64                                        {product} {ergonomic}
   size_t InitialHeapSize                          = 134217728                                 {product} {ergonomic}
   size_t MarkStackSize                            = 4194304                                   {product} {ergonomic}
   size_t MaxHeapSize                              = 2122317824                                {product} {ergonomic}
   size_t MinHeapDeltaBytes                        = 1048576                                   {product} {ergonomic}
    uintx NonNMethodCodeHeapSize                   = 5836300                                {pd product} {ergonomic}
    uintx NonProfiledCodeHeapSize                  = 122910970                              {pd product} {ergonomic}
    uintx ProfiledCodeHeapSize                     = 122910970                              {pd product} {ergonomic}
    uintx ReservedCodeCacheSize                    = 251658240                              {pd product} {ergonomic}
     bool SegmentedCodeCache                       = true                                      {product} {ergonomic}
     bool UseCompressedClassPointers               = true                                 {lp64_product} {ergonomic}
     bool UseCompressedOops                        = true                                 {lp64_product} {ergonomic}
     bool UseG1GC                                  = true                                      {product} {ergonomic}
     bool UseLargePagesIndividualAllocation        = false                                  {pd product} {ergonomic}

Logging:
Log output configuration:
 #0: stdout all=warning uptime,level,tags
 #1: stderr all=off uptime,level,tags

Environment Variables:
PATH=C:\Program Files (x86)\Common Files\Oracle\Java\javapath;C:\Program Files (x86)\Intel\Intel(R) Management Engine Components\iCLS\;C:\Program Files\Intel\Intel(R) Management Engine Components\iCLS\;C:\WINDOWS\system32;C:\WINDOWS;C:\WINDOWS\System32\Wbem;C:\WINDOWS\System32\WindowsPowerShell\v1.0\;C:\Program Files (x86)\Intel\Intel(R) Management Engine Components\DAL;C:\Program Files\Intel\Intel(R) Management Engine Components\DAL;C:\Program Files (x86)\Intel\Intel(R) Management Engine Components\IPT;C:\Program Files\Intel\Intel(R) Management Engine Components\IPT;C:\WINDOWS\System32\OpenSSH\;C:\Program Files\dotnet\;C:\Windows\system32;C:\Program Files\nodejs\;C:\Program Files\Git\cmd;C:\Program Files (x86)\dotnet\;C:\Program Files\VisualSVN Server\bin;C:\Program Files\TortoiseSVN\bin;C:\Users\AnNHT_XDSNViDai\AppData\Local\Programs\Python\Python38-32\Scripts\;C:\Users\AnNHT_XDSNViDai\AppData\Local\Programs\Python\Python38-32\;C:\Users\AnNHT_XDSNViDai\AppData\Local\Microsoft\WindowsApps;C:\Users\AnNHT_XDSNViDai\AppData\Roaming\npm;C:\Users\AnNHT_XDSNViDai\AppData\Local\GitHubDesktop\bin;C:\src\flutter\bin;
USERNAME=AnNHT
OS=Windows_NT
PROCESSOR_IDENTIFIER=Intel64 Family 6 Model 142 Stepping 10, GenuineIntel



---------------  S Y S T E M  ---------------

OS: Windows 10 , 64 bit Build 19041 (10.0.19041.1348)
OS uptime: 3 days 7:57 hours

CPU:total 8 (initial active 8) (4 cores per cpu, 2 threads per core) family 6 model 142 stepping 10 microcode 0xea, cmov, cx8, fxsr, mmx, sse, sse2, sse3, ssse3, sse4.1, sse4.2, popcnt, avx, avx2, aes, clmul, erms, 3dnowpref, lzcnt, ht, tsc, tscinvbit, bmi1, bmi2, adx, fma

Memory: 4k page, system-wide physical 8089M (517M free)
TotalPageFile size 14089M (AvailPageFile size 113M)
current process WorkingSet (physical memory assigned to process): 10M, peak: 10M
current process commit charge ("private bytes"): 60M, peak: 188M

vm_info: OpenJDK 64-Bit Server VM (11.0.10+0-b96-7249189) for windows-amd64 JRE (11.0.10+0-b96-7249189), built on Mar 31 2021 21:44:00 by "builder" with MS VC++ 14.0 (VS2015)

END.
