#
# There is insufficient memory for the Java Runtime Environment to continue.
# Native memory allocation (malloc) failed to allocate 212896 bytes for Chunk::new
# Possible reasons:
#   The system is out of physical RAM or swap space
#   The process is running with CompressedOops enabled, and the Java Heap may be blocking the growth of the native heap
# Possible solutions:
#   Reduce memory load on the system
#   Increase physical memory or swap space
#   Check if swap backing store is full
#   Decrease Java heap size (-Xmx/-Xms)
#   Decrease number of Java threads
#   Decrease Java thread stack sizes (-Xss)
#   Set larger code cache with -XX:ReservedCodeCacheSize=
#   JVM is running with Unscaled Compressed Oops mode in which the Java heap is
#     placed in the first 4GB address space. The Java Heap base address is the
#     maximum limit for the native heap growth. Please use -XX:HeapBaseMinAddress
#     to set the Java Heap base and to place the Java Heap above 4GB virtual address.
# This output file may be truncated or incomplete.
#
#  Out of Memory Error (./src/hotspot/share/memory/arena.cpp:197), pid=1788, tid=13128
#
# JRE version: OpenJDK Runtime Environment (11.0.10) (build 11.0.10+0-b96-7249189)
# Java VM: OpenJDK 64-Bit Server VM (11.0.10+0-b96-7249189, mixed mode, tiered, compressed oops, g1 gc, windows-amd64)
# No core dump will be written. Minidumps are not enabled by default on client versions of Windows
#

---------------  S U M M A R Y ------------

Command Line: org.jetbrains.kotlin.cli.jvm.K2JVMCompiler @E:\AndroidStudioProject\AnNHT2_Mock_Final_FresherAndroid_07\app\build\20220109_12047081901999023599.compiler.options

Host: Intel(R) Core(TM) i7-8550U CPU @ 1.80GHz, 8 cores, 7G,  Windows 10 , 64 bit Build 19041 (10.0.19041.1348)
Time: Sun Jan  9 02:54:38 2022 SE Asia Standard Time elapsed time: 2.303118 seconds (0d 0h 0m 2s)

---------------  T H R E A D  ---------------

Current thread (0x00000144f9714800):  JavaThread "C2 CompilerThread1" daemon [_thread_in_native, id=13128, stack(0x00000039c2c00000,0x00000039c2d00000)]


Current CompileTask:
C2:   2303 2847       4       jdk.internal.loader.BuiltinClassLoader::findLoadedModule (33 bytes)

Stack: [0x00000039c2c00000,0x00000039c2d00000]
Native frames: (J=compiled Java code, j=interpreted, Vv=VM code, C=native code)
V  [jvm.dll+0x5ecfaa]
V  [jvm.dll+0x722bd5]
V  [jvm.dll+0x72412d]
V  [jvm.dll+0x7247e3]
V  [jvm.dll+0x242928]
V  [jvm.dll+0xbc4fc]
V  [jvm.dll+0xbca0c]
V  [jvm.dll+0x2b4fd4]
V  [jvm.dll+0x506028]
V  [jvm.dll+0x203253]
V  [jvm.dll+0x1fd07c]
V  [jvm.dll+0x1fa77f]
V  [jvm.dll+0x18354c]
V  [jvm.dll+0x208ee7]
V  [jvm.dll+0x207731]
V  [jvm.dll+0x6eb1cf]
V  [jvm.dll+0x6e3d45]
V  [jvm.dll+0x5ebe96]
C  [ucrtbase.dll+0x21bb2]
C  [KERNEL32.DLL+0x17034]
C  [ntdll.dll+0x52651]


---------------  P R O C E S S  ---------------

Threads class SMR info:
_java_thread_list=0x00000144fad22500, length=11, elements={
0x00000144eb91e000, 0x00000144f8d17000, 0x00000144f8d1a800, 0x00000144f9546800,
0x00000144f9548800, 0x00000144f9549800, 0x00000144f954e000, 0x00000144f954f800,
0x00000144f9596800, 0x00000144f971b800, 0x00000144f9714800
}

Java Threads: ( => current thread )
  0x00000144eb91e000 JavaThread "main" [_thread_in_vm, id=10820, stack(0x00000039c1b00000,0x00000039c1c00000)]
  0x00000144f8d17000 JavaThread "Reference Handler" daemon [_thread_blocked, id=11292, stack(0x00000039c2200000,0x00000039c2300000)]
  0x00000144f8d1a800 JavaThread "Finalizer" daemon [_thread_blocked, id=928, stack(0x00000039c2300000,0x00000039c2400000)]
  0x00000144f9546800 JavaThread "Signal Dispatcher" daemon [_thread_blocked, id=8280, stack(0x00000039c2400000,0x00000039c2500000)]
  0x00000144f9548800 JavaThread "Attach Listener" daemon [_thread_blocked, id=11040, stack(0x00000039c2500000,0x00000039c2600000)]
  0x00000144f9549800 JavaThread "Service Thread" daemon [_thread_blocked, id=11920, stack(0x00000039c2600000,0x00000039c2700000)]
  0x00000144f954e000 JavaThread "C2 CompilerThread0" daemon [_thread_blocked, id=11964, stack(0x00000039c2700000,0x00000039c2800000)]
  0x00000144f954f800 JavaThread "C1 CompilerThread0" daemon [_thread_blocked, id=11868, stack(0x00000039c2800000,0x00000039c2900000)]
  0x00000144f9596800 JavaThread "Sweeper thread" daemon [_thread_blocked, id=18248, stack(0x00000039c2900000,0x00000039c2a00000)]
  0x00000144f971b800 JavaThread "Common-Cleaner" daemon [_thread_blocked, id=13588, stack(0x00000039c2b00000,0x00000039c2c00000)]
=>0x00000144f9714800 JavaThread "C2 CompilerThread1" daemon [_thread_in_native, id=13128, stack(0x00000039c2c00000,0x00000039c2d00000)]

Other Threads:
  0x00000144f8d03800 VMThread "VM Thread" [stack: 0x00000039c2100000,0x00000039c2200000] [id=1540]
  0x00000144f9712000 WatcherThread [stack: 0x00000039c2a00000,0x00000039c2b00000] [id=9620]
  0x00000144ed93a000 GCTaskThread "GC Thread#0" [stack: 0x00000039c1c00000,0x00000039c1d00000] [id=14452]
  0x00000144f9dae000 GCTaskThread "GC Thread#1" [stack: 0x00000039c2e00000,0x00000039c2f00000] [id=12460]
  0x00000144f9d80000 GCTaskThread "GC Thread#2" [stack: 0x00000039c2f00000,0x00000039c3000000] [id=12204]
  0x00000144ed969800 ConcurrentGCThread "G1 Main Marker" [stack: 0x00000039c1d00000,0x00000039c1e00000] [id=6192]
  0x00000144ed96c000 ConcurrentGCThread "G1 Conc#0" [stack: 0x00000039c1e00000,0x00000039c1f00000] [id=16192]
  0x00000144f9e4a000 ConcurrentGCThread "G1 Conc#1" [stack: 0x00000039c3000000,0x00000039c3100000] [id=13884]
  0x00000144f8b6c800 ConcurrentGCThread "G1 Refine#0" [stack: 0x00000039c1f00000,0x00000039c2000000] [id=15076]
  0x00000144fab27000 ConcurrentGCThread "G1 Refine#1" [stack: 0x00000039c2d00000,0x00000039c2e00000] [id=3480]
  0x00000144f8b6d800 ConcurrentGCThread "G1 Young RemSet Sampling" [stack: 0x00000039c2000000,0x00000039c2100000] [id=10604]

Threads with active compile tasks:
C2 CompilerThread1   2325 2847       4       jdk.internal.loader.BuiltinClassLoader::findLoadedModule (33 bytes)

VM state:not at safepoint (normal execution)

VM Mutex/Monitor currently owned by a thread: None

Heap address: 0x0000000081800000, size: 2024 MB, Compressed Oops mode: 32-bit
Narrow klass base: 0x0000000000000000, Narrow klass shift: 3
Compressed class space size: 1073741824 Address: 0x0000000100000000

Heap:
 garbage-first heap   total 131072K, used 56848K [0x0000000081800000, 0x0000000100000000)
  region size 1024K, 43 young (44032K), 6 survivors (6144K)
 Metaspace       used 42460K, capacity 42939K, committed 43184K, reserved 1087488K
  class space    used 5118K, capacity 5301K, committed 5376K, reserved 1048576K
Heap Regions: E=young(eden), S=young(survivor), O=old, HS=humongous(starts), HC=humongous(continues), CS=collection set, F=free, A=archive, TAMS=top-at-mark-start (previous, next)
|   0|0x0000000081800000, 0x0000000081900000, 0x0000000081900000|100%|HS|  |TAMS 0x0000000081900000, 0x0000000081800000| Complete 
|   1|0x0000000081900000, 0x0000000081a00000, 0x0000000081a00000|100%|HC|  |TAMS 0x0000000081a00000, 0x0000000081900000| Complete 
|   2|0x0000000081a00000, 0x0000000081b00000, 0x0000000081b00000|100%|HC|  |TAMS 0x0000000081b00000, 0x0000000081a00000| Complete 
|   3|0x0000000081b00000, 0x0000000081c00000, 0x0000000081c00000|100%|HS|  |TAMS 0x0000000081c00000, 0x0000000081b00000| Complete 
|   4|0x0000000081c00000, 0x0000000081d00000, 0x0000000081d00000|100%|HC|  |TAMS 0x0000000081d00000, 0x0000000081c00000| Complete 
|   5|0x0000000081d00000, 0x0000000081e00000, 0x0000000081e00000|100%|HC|  |TAMS 0x0000000081e00000, 0x0000000081d00000| Complete 
|   6|0x0000000081e00000, 0x0000000081e00000, 0x0000000081f00000|  0%| F|  |TAMS 0x0000000081e00000, 0x0000000081e00000| Untracked 
|   7|0x0000000081f00000, 0x0000000081f00000, 0x0000000082000000|  0%| F|  |TAMS 0x0000000081f00000, 0x0000000081f00000| Untracked 
|   8|0x0000000082000000, 0x0000000082100000, 0x0000000082100000|100%| O|  |TAMS 0x0000000082100000, 0x0000000082000000| Untracked 
|   9|0x0000000082100000, 0x0000000082200000, 0x0000000082200000|100%| O|  |TAMS 0x0000000082200000, 0x0000000082100000| Untracked 
|  10|0x0000000082200000, 0x0000000082300000, 0x0000000082300000|100%| O|  |TAMS 0x0000000082300000, 0x0000000082200000| Untracked 
|  11|0x0000000082300000, 0x0000000082400000, 0x0000000082400000|100%| O|  |TAMS 0x0000000082400000, 0x0000000082300000| Untracked 
|  12|0x0000000082400000, 0x0000000082500000, 0x0000000082500000|100%| O|  |TAMS 0x0000000082500000, 0x0000000082400000| Untracked 
|  13|0x0000000082500000, 0x0000000082600000, 0x0000000082600000|100%| O|  |TAMS 0x0000000082600000, 0x0000000082500000| Untracked 
|  14|0x0000000082600000, 0x0000000082700000, 0x0000000082700000|100%| O|  |TAMS 0x0000000082700000, 0x0000000082600000| Untracked 
|  15|0x0000000082700000, 0x0000000082784200, 0x0000000082800000| 51%| O|  |TAMS 0x0000000082784200, 0x0000000082700000| Untracked 
|  16|0x0000000082800000, 0x0000000082800000, 0x0000000082900000|  0%| F|  |TAMS 0x0000000082800000, 0x0000000082800000| Untracked 
|  17|0x0000000082900000, 0x0000000082900000, 0x0000000082a00000|  0%| F|  |TAMS 0x0000000082900000, 0x0000000082900000| Untracked 
|  18|0x0000000082a00000, 0x0000000082a00000, 0x0000000082b00000|  0%| F|  |TAMS 0x0000000082a00000, 0x0000000082a00000| Untracked 
|  19|0x0000000082b00000, 0x0000000082b00000, 0x0000000082c00000|  0%| F|  |TAMS 0x0000000082b00000, 0x0000000082b00000| Untracked 
|  20|0x0000000082c00000, 0x0000000082c00000, 0x0000000082d00000|  0%| F|  |TAMS 0x0000000082c00000, 0x0000000082c00000| Untracked 
|  21|0x0000000082d00000, 0x0000000082d00000, 0x0000000082e00000|  0%| F|  |TAMS 0x0000000082d00000, 0x0000000082d00000| Untracked 
|  22|0x0000000082e00000, 0x0000000082e00000, 0x0000000082f00000|  0%| F|  |TAMS 0x0000000082e00000, 0x0000000082e00000| Untracked 
|  23|0x0000000082f00000, 0x0000000082f00000, 0x0000000083000000|  0%| F|  |TAMS 0x0000000082f00000, 0x0000000082f00000| Untracked 
|  24|0x0000000083000000, 0x0000000083000000, 0x0000000083100000|  0%| F|  |TAMS 0x0000000083000000, 0x0000000083000000| Untracked 
|  25|0x0000000083100000, 0x0000000083100000, 0x0000000083200000|  0%| F|  |TAMS 0x0000000083100000, 0x0000000083100000| Untracked 
|  26|0x0000000083200000, 0x0000000083200000, 0x0000000083300000|  0%| F|  |TAMS 0x0000000083200000, 0x0000000083200000| Untracked 
|  27|0x0000000083300000, 0x0000000083300000, 0x0000000083400000|  0%| F|  |TAMS 0x0000000083300000, 0x0000000083300000| Untracked 
|  28|0x0000000083400000, 0x0000000083400000, 0x0000000083500000|  0%| F|  |TAMS 0x0000000083400000, 0x0000000083400000| Untracked 
|  29|0x0000000083500000, 0x0000000083500000, 0x0000000083600000|  0%| F|  |TAMS 0x0000000083500000, 0x0000000083500000| Untracked 
|  30|0x0000000083600000, 0x0000000083600000, 0x0000000083700000|  0%| F|  |TAMS 0x0000000083600000, 0x0000000083600000| Untracked 
|  31|0x0000000083700000, 0x0000000083700000, 0x0000000083800000|  0%| F|  |TAMS 0x0000000083700000, 0x0000000083700000| Untracked 
|  32|0x0000000083800000, 0x0000000083800000, 0x0000000083900000|  0%| F|  |TAMS 0x0000000083800000, 0x0000000083800000| Untracked 
|  33|0x0000000083900000, 0x0000000083900000, 0x0000000083a00000|  0%| F|  |TAMS 0x0000000083900000, 0x0000000083900000| Untracked 
|  34|0x0000000083a00000, 0x0000000083a00000, 0x0000000083b00000|  0%| F|  |TAMS 0x0000000083a00000, 0x0000000083a00000| Untracked 
|  35|0x0000000083b00000, 0x0000000083b00000, 0x0000000083c00000|  0%| F|  |TAMS 0x0000000083b00000, 0x0000000083b00000| Untracked 
|  36|0x0000000083c00000, 0x0000000083c00000, 0x0000000083d00000|  0%| F|  |TAMS 0x0000000083c00000, 0x0000000083c00000| Untracked 
|  37|0x0000000083d00000, 0x0000000083d00000, 0x0000000083e00000|  0%| F|  |TAMS 0x0000000083d00000, 0x0000000083d00000| Untracked 
|  38|0x0000000083e00000, 0x0000000083e00000, 0x0000000083f00000|  0%| F|  |TAMS 0x0000000083e00000, 0x0000000083e00000| Untracked 
|  39|0x0000000083f00000, 0x0000000083f00000, 0x0000000084000000|  0%| F|  |TAMS 0x0000000083f00000, 0x0000000083f00000| Untracked 
|  40|0x0000000084000000, 0x0000000084000000, 0x0000000084100000|  0%| F|  |TAMS 0x0000000084000000, 0x0000000084000000| Untracked 
|  41|0x0000000084100000, 0x0000000084100000, 0x0000000084200000|  0%| F|  |TAMS 0x0000000084100000, 0x0000000084100000| Untracked 
|  42|0x0000000084200000, 0x0000000084200000, 0x0000000084300000|  0%| F|  |TAMS 0x0000000084200000, 0x0000000084200000| Untracked 
|  43|0x0000000084300000, 0x0000000084300000, 0x0000000084400000|  0%| F|  |TAMS 0x0000000084300000, 0x0000000084300000| Untracked 
|  44|0x0000000084400000, 0x0000000084400000, 0x0000000084500000|  0%| F|  |TAMS 0x0000000084400000, 0x0000000084400000| Untracked 
|  45|0x0000000084500000, 0x0000000084500000, 0x0000000084600000|  0%| F|  |TAMS 0x0000000084500000, 0x0000000084500000| Untracked 
|  46|0x0000000084600000, 0x0000000084600000, 0x0000000084700000|  0%| F|  |TAMS 0x0000000084600000, 0x0000000084600000| Untracked 
|  47|0x0000000084700000, 0x0000000084700000, 0x0000000084800000|  0%| F|  |TAMS 0x0000000084700000, 0x0000000084700000| Untracked 
|  48|0x0000000084800000, 0x0000000084800000, 0x0000000084900000|  0%| F|  |TAMS 0x0000000084800000, 0x0000000084800000| Untracked 
|  49|0x0000000084900000, 0x0000000084900000, 0x0000000084a00000|  0%| F|  |TAMS 0x0000000084900000, 0x0000000084900000| Untracked 
|  50|0x0000000084a00000, 0x0000000084a00000, 0x0000000084b00000|  0%| F|  |TAMS 0x0000000084a00000, 0x0000000084a00000| Untracked 
|  51|0x0000000084b00000, 0x0000000084b00000, 0x0000000084c00000|  0%| F|  |TAMS 0x0000000084b00000, 0x0000000084b00000| Untracked 
|  52|0x0000000084c00000, 0x0000000084c00000, 0x0000000084d00000|  0%| F|  |TAMS 0x0000000084c00000, 0x0000000084c00000| Untracked 
|  53|0x0000000084d00000, 0x0000000084d00000, 0x0000000084e00000|  0%| F|  |TAMS 0x0000000084d00000, 0x0000000084d00000| Untracked 
|  54|0x0000000084e00000, 0x0000000084e00000, 0x0000000084f00000|  0%| F|  |TAMS 0x0000000084e00000, 0x0000000084e00000| Untracked 
|  55|0x0000000084f00000, 0x0000000084f00000, 0x0000000085000000|  0%| F|  |TAMS 0x0000000084f00000, 0x0000000084f00000| Untracked 
|  56|0x0000000085000000, 0x0000000085000000, 0x0000000085100000|  0%| F|  |TAMS 0x0000000085000000, 0x0000000085000000| Untracked 
|  57|0x0000000085100000, 0x0000000085100000, 0x0000000085200000|  0%| F|  |TAMS 0x0000000085100000, 0x0000000085100000| Untracked 
|  58|0x0000000085200000, 0x0000000085200000, 0x0000000085300000|  0%| F|  |TAMS 0x0000000085200000, 0x0000000085200000| Untracked 
|  59|0x0000000085300000, 0x0000000085300000, 0x0000000085400000|  0%| F|  |TAMS 0x0000000085300000, 0x0000000085300000| Untracked 
|  60|0x0000000085400000, 0x0000000085400000, 0x0000000085500000|  0%| F|  |TAMS 0x0000000085400000, 0x0000000085400000| Untracked 
|  61|0x0000000085500000, 0x0000000085500000, 0x0000000085600000|  0%| F|  |TAMS 0x0000000085500000, 0x0000000085500000| Untracked 
|  62|0x0000000085600000, 0x0000000085600000, 0x0000000085700000|  0%| F|  |TAMS 0x0000000085600000, 0x0000000085600000| Untracked 
|  63|0x0000000085700000, 0x0000000085700000, 0x0000000085800000|  0%| F|  |TAMS 0x0000000085700000, 0x0000000085700000| Untracked 
|  64|0x0000000085800000, 0x0000000085800000, 0x0000000085900000|  0%| F|  |TAMS 0x0000000085800000, 0x0000000085800000| Untracked 
|  65|0x0000000085900000, 0x0000000085900000, 0x0000000085a00000|  0%| F|  |TAMS 0x0000000085900000, 0x0000000085900000| Untracked 
|  66|0x0000000085a00000, 0x0000000085a00000, 0x0000000085b00000|  0%| F|  |TAMS 0x0000000085a00000, 0x0000000085a00000| Untracked 
|  67|0x0000000085b00000, 0x0000000085b00000, 0x0000000085c00000|  0%| F|  |TAMS 0x0000000085b00000, 0x0000000085b00000| Untracked 
|  68|0x0000000085c00000, 0x0000000085c00000, 0x0000000085d00000|  0%| F|  |TAMS 0x0000000085c00000, 0x0000000085c00000| Untracked 
|  69|0x0000000085d00000, 0x0000000085d00000, 0x0000000085e00000|  0%| F|  |TAMS 0x0000000085d00000, 0x0000000085d00000| Untracked 
|  70|0x0000000085e00000, 0x0000000085e00000, 0x0000000085f00000|  0%| F|  |TAMS 0x0000000085e00000, 0x0000000085e00000| Untracked 
|  71|0x0000000085f00000, 0x0000000085f00000, 0x0000000086000000|  0%| F|  |TAMS 0x0000000085f00000, 0x0000000085f00000| Untracked 
|  72|0x0000000086000000, 0x0000000086000000, 0x0000000086100000|  0%| F|  |TAMS 0x0000000086000000, 0x0000000086000000| Untracked 
|  73|0x0000000086100000, 0x0000000086100000, 0x0000000086200000|  0%| F|  |TAMS 0x0000000086100000, 0x0000000086100000| Untracked 
|  74|0x0000000086200000, 0x0000000086200000, 0x0000000086300000|  0%| F|  |TAMS 0x0000000086200000, 0x0000000086200000| Untracked 
|  75|0x0000000086300000, 0x0000000086300000, 0x0000000086400000|  0%| F|  |TAMS 0x0000000086300000, 0x0000000086300000| Untracked 
|  76|0x0000000086400000, 0x0000000086400000, 0x0000000086500000|  0%| F|  |TAMS 0x0000000086400000, 0x0000000086400000| Untracked 
|  77|0x0000000086500000, 0x0000000086500000, 0x0000000086600000|  0%| F|  |TAMS 0x0000000086500000, 0x0000000086500000| Untracked 
|  78|0x0000000086600000, 0x0000000086600000, 0x0000000086700000|  0%| F|  |TAMS 0x0000000086600000, 0x0000000086600000| Untracked 
|  79|0x0000000086700000, 0x0000000086700000, 0x0000000086800000|  0%| F|  |TAMS 0x0000000086700000, 0x0000000086700000| Untracked 
|  80|0x0000000086800000, 0x0000000086800000, 0x0000000086900000|  0%| F|  |TAMS 0x0000000086800000, 0x0000000086800000| Untracked 
|  81|0x0000000086900000, 0x0000000086900000, 0x0000000086a00000|  0%| F|  |TAMS 0x0000000086900000, 0x0000000086900000| Untracked 
|  82|0x0000000086a00000, 0x0000000086a00000, 0x0000000086b00000|  0%| F|  |TAMS 0x0000000086a00000, 0x0000000086a00000| Untracked 
|  83|0x0000000086b00000, 0x0000000086b00000, 0x0000000086c00000|  0%| F|  |TAMS 0x0000000086b00000, 0x0000000086b00000| Untracked 
|  84|0x0000000086c00000, 0x0000000086c80800, 0x0000000086d00000| 50%| E|  |TAMS 0x0000000086c00000, 0x0000000086c00000| Complete 
|  85|0x0000000086d00000, 0x0000000086e00000, 0x0000000086e00000|100%| E|CS|TAMS 0x0000000086d00000, 0x0000000086d00000| Complete 
|  86|0x0000000086e00000, 0x0000000086f00000, 0x0000000086f00000|100%| E|CS|TAMS 0x0000000086e00000, 0x0000000086e00000| Complete 
|  87|0x0000000086f00000, 0x0000000087000000, 0x0000000087000000|100%| E|CS|TAMS 0x0000000086f00000, 0x0000000086f00000| Complete 
|  88|0x0000000087000000, 0x0000000087100000, 0x0000000087100000|100%| E|CS|TAMS 0x0000000087000000, 0x0000000087000000| Complete 
|  89|0x0000000087100000, 0x0000000087200000, 0x0000000087200000|100%| E|CS|TAMS 0x0000000087100000, 0x0000000087100000| Complete 
|  90|0x0000000087200000, 0x0000000087300000, 0x0000000087300000|100%| E|CS|TAMS 0x0000000087200000, 0x0000000087200000| Complete 
|  91|0x0000000087300000, 0x0000000087400000, 0x0000000087400000|100%| E|CS|TAMS 0x0000000087300000, 0x0000000087300000| Complete 
|  92|0x0000000087400000, 0x0000000087500000, 0x0000000087500000|100%| E|CS|TAMS 0x0000000087400000, 0x0000000087400000| Complete 
|  93|0x0000000087500000, 0x0000000087600000, 0x0000000087600000|100%| E|CS|TAMS 0x0000000087500000, 0x0000000087500000| Complete 
|  94|0x0000000087600000, 0x0000000087700000, 0x0000000087700000|100%| E|CS|TAMS 0x0000000087600000, 0x0000000087600000| Complete 
|  95|0x0000000087700000, 0x0000000087800000, 0x0000000087800000|100%| E|CS|TAMS 0x0000000087700000, 0x0000000087700000| Complete 
|  96|0x0000000087800000, 0x0000000087900000, 0x0000000087900000|100%| E|CS|TAMS 0x0000000087800000, 0x0000000087800000| Complete 
|  97|0x0000000087900000, 0x0000000087a00000, 0x0000000087a00000|100%| E|CS|TAMS 0x0000000087900000, 0x0000000087900000| Complete 
|  98|0x0000000087a00000, 0x0000000087b00000, 0x0000000087b00000|100%| E|CS|TAMS 0x0000000087a00000, 0x0000000087a00000| Complete 
|  99|0x0000000087b00000, 0x0000000087c00000, 0x0000000087c00000|100%| E|CS|TAMS 0x0000000087b00000, 0x0000000087b00000| Complete 
| 100|0x0000000087c00000, 0x0000000087d00000, 0x0000000087d00000|100%| E|CS|TAMS 0x0000000087c00000, 0x0000000087c00000| Complete 
| 101|0x0000000087d00000, 0x0000000087e00000, 0x0000000087e00000|100%| E|CS|TAMS 0x0000000087d00000, 0x0000000087d00000| Complete 
| 102|0x0000000087e00000, 0x0000000087f00000, 0x0000000087f00000|100%| E|CS|TAMS 0x0000000087e00000, 0x0000000087e00000| Complete 
| 103|0x0000000087f00000, 0x0000000088000000, 0x0000000088000000|100%| E|CS|TAMS 0x0000000087f00000, 0x0000000087f00000| Complete 
| 104|0x0000000088000000, 0x0000000088100000, 0x0000000088100000|100%| E|CS|TAMS 0x0000000088000000, 0x0000000088000000| Complete 
| 105|0x0000000088100000, 0x0000000088200000, 0x0000000088200000|100%| E|CS|TAMS 0x0000000088100000, 0x0000000088100000| Complete 
| 106|0x0000000088200000, 0x0000000088300000, 0x0000000088300000|100%| E|CS|TAMS 0x0000000088200000, 0x0000000088200000| Complete 
| 107|0x0000000088300000, 0x0000000088400000, 0x0000000088400000|100%| E|CS|TAMS 0x0000000088300000, 0x0000000088300000| Complete 
| 108|0x0000000088400000, 0x0000000088500000, 0x0000000088500000|100%| E|CS|TAMS 0x0000000088400000, 0x0000000088400000| Complete 
| 109|0x0000000088500000, 0x0000000088600000, 0x0000000088600000|100%| S|CS|TAMS 0x0000000088500000, 0x0000000088500000| Complete 
| 110|0x0000000088600000, 0x0000000088700000, 0x0000000088700000|100%| S|CS|TAMS 0x0000000088600000, 0x0000000088600000| Complete 
| 111|0x0000000088700000, 0x0000000088800000, 0x0000000088800000|100%| S|CS|TAMS 0x0000000088700000, 0x0000000088700000| Complete 
| 112|0x0000000088800000, 0x0000000088900000, 0x0000000088900000|100%| S|CS|TAMS 0x0000000088800000, 0x0000000088800000| Complete 
| 113|0x0000000088900000, 0x0000000088a00000, 0x0000000088a00000|100%| S|CS|TAMS 0x0000000088900000, 0x0000000088900000| Complete 
| 114|0x0000000088a00000, 0x0000000088b00000, 0x0000000088b00000|100%| S|CS|TAMS 0x0000000088a00000, 0x0000000088a00000| Complete 
| 115|0x0000000088b00000, 0x0000000088c00000, 0x0000000088c00000|100%| E|CS|TAMS 0x0000000088b00000, 0x0000000088b00000| Complete 
| 116|0x0000000088c00000, 0x0000000088d00000, 0x0000000088d00000|100%| E|CS|TAMS 0x0000000088c00000, 0x0000000088c00000| Complete 
| 117|0x0000000088d00000, 0x0000000088e00000, 0x0000000088e00000|100%| E|CS|TAMS 0x0000000088d00000, 0x0000000088d00000| Complete 
| 118|0x0000000088e00000, 0x0000000088f00000, 0x0000000088f00000|100%| E|CS|TAMS 0x0000000088e00000, 0x0000000088e00000| Complete 
| 119|0x0000000088f00000, 0x0000000089000000, 0x0000000089000000|100%| E|CS|TAMS 0x0000000088f00000, 0x0000000088f00000| Complete 
| 120|0x0000000089000000, 0x0000000089100000, 0x0000000089100000|100%| E|CS|TAMS 0x0000000089000000, 0x0000000089000000| Complete 
| 121|0x0000000089100000, 0x0000000089200000, 0x0000000089200000|100%| E|CS|TAMS 0x0000000089100000, 0x0000000089100000| Complete 
| 122|0x0000000089200000, 0x0000000089300000, 0x0000000089300000|100%| E|CS|TAMS 0x0000000089200000, 0x0000000089200000| Complete 
| 123|0x0000000089300000, 0x0000000089400000, 0x0000000089400000|100%| E|CS|TAMS 0x0000000089300000, 0x0000000089300000| Complete 
| 124|0x0000000089400000, 0x0000000089500000, 0x0000000089500000|100%| E|CS|TAMS 0x0000000089400000, 0x0000000089400000| Complete 
| 125|0x0000000089500000, 0x0000000089600000, 0x0000000089600000|100%| E|CS|TAMS 0x0000000089500000, 0x0000000089500000| Complete 
| 126|0x0000000089600000, 0x0000000089700000, 0x0000000089700000|100%| E|CS|TAMS 0x0000000089600000, 0x0000000089600000| Complete 
| 127|0x0000000089700000, 0x0000000089800000, 0x0000000089800000|100%| E|CS|TAMS 0x0000000089700000, 0x0000000089700000| Complete 

Card table byte_map: [0x00000144f1b40000,0x00000144f1f40000] _byte_map_base: 0x00000144f1734000

Marking Bits (Prev, Next): (CMBitMap*) 0x00000144ed960b48, (CMBitMap*) 0x00000144ed960b80
 Prev Bits: [0x00000144f2340000, 0x00000144f42e0000)
 Next Bits: [0x00000144f42e0000, 0x00000144f6280000)

Polling page: 0x00000144ed100000

Metaspace:

Usage:
  Non-class:     36.88 MB capacity,    36.55 MB (>99%) used,   281.00 KB ( <1%) free+waste,    60.75 KB ( <1%) overhead. 
      Class:      5.18 MB capacity,     5.01 MB ( 97%) used,   146.85 KB (  3%) free+waste,    27.38 KB ( <1%) overhead. 
       Both:     42.06 MB capacity,    41.55 MB ( 99%) used,   427.85 KB ( <1%) free+waste,    88.13 KB ( <1%) overhead. 

Virtual space:
  Non-class space:       38.00 MB reserved,      36.92 MB ( 97%) committed 
      Class space:        1.00 GB reserved,       5.25 MB ( <1%) committed 
             Both:        1.04 GB reserved,      42.17 MB (  4%) committed 

Chunk freelists:
   Non-Class:  42.00 KB
       Class:  11.00 KB
        Both:  53.00 KB

MaxMetaspaceSize: 17179869184.00 GB
CompressedClassSpaceSize: 1.00 GB

CodeHeap 'non-profiled nmethods': size=120000Kb used=1202Kb max_used=1202Kb free=118797Kb
 bounds [0x0000014487ad0000, 0x0000014487d40000, 0x000001448f000000]
CodeHeap 'profiled nmethods': size=120000Kb used=5585Kb max_used=5585Kb free=114414Kb
 bounds [0x00000144805a0000, 0x0000014480b20000, 0x0000014487ad0000]
CodeHeap 'non-nmethods': size=5760Kb used=1185Kb max_used=1237Kb free=4574Kb
 bounds [0x0000014480000000, 0x0000014480270000, 0x00000144805a0000]
 total_blobs=3399 nmethods=2863 adapters=447
 compilation: enabled
              stopped_count=0, restarted_count=0
 full_count=0

Compilation events (20 events):
Event: 2.287 Thread 0x00000144f954f800 nmethod 2842 0x0000014487bfb890 code [0x0000014487bfba40, 0x0000014487bfbaf8]
Event: 2.287 Thread 0x00000144f954f800 2843       1       org.jetbrains.kotlin.container.MethodBinding::getMethod (5 bytes)
Event: 2.287 Thread 0x00000144f954f800 nmethod 2843 0x0000014487bfbb90 code [0x0000014487bfbd40, 0x0000014487bfbdf8]
Event: 2.294 Thread 0x00000144f954f800 2844       3       java.lang.String::substring (58 bytes)
Event: 2.294 Thread 0x00000144f954f800 nmethod 2844 0x0000014480b06b10 code [0x0000014480b06d40, 0x0000014480b073c8]
Event: 2.296 Thread 0x00000144f954e000 2845   !   4       jdk.internal.ref.PhantomCleanable::remove (60 bytes)
Event: 2.296 Thread 0x00000144f954f800 2846       3       java.lang.String::hashCode (49 bytes)
Event: 2.296 Thread 0x00000144f954f800 nmethod 2846 0x0000014480b07610 code [0x0000014480b07800, 0x0000014480b07c08]
Event: 2.297 Thread 0x00000144f9714800 2847       4       jdk.internal.loader.BuiltinClassLoader::findLoadedModule (33 bytes)
Event: 2.298 Thread 0x00000144f954f800 2848       3       java.lang.Thread::interrupted (8 bytes)
Event: 2.298 Thread 0x00000144f954f800 nmethod 2848 0x0000014480b07d90 code [0x0000014480b07f40, 0x0000014480b08068]
Event: 2.298 Thread 0x00000144f954f800 2849       3       org.jetbrains.kotlin.com.intellij.openapi.util.UserDataHolderBase::getUserMap (13 bytes)
Event: 2.299 Thread 0x00000144f954f800 nmethod 2849 0x0000014480b08110 code [0x0000014480b082c0, 0x0000014480b08448]
Event: 2.300 Thread 0x00000144f954e000 nmethod 2845 0x0000014487bfbe90 code [0x0000014487bfc020, 0x0000014487bfc618]
Event: 2.301 Thread 0x00000144f954e000 2850       4       java.util.ArrayDeque::pollFirst (36 bytes)
Event: 2.301 Thread 0x00000144f954f800 2851       3       java.lang.ClassLoader::checkName (37 bytes)
Event: 2.301 Thread 0x00000144f954f800 nmethod 2851 0x0000014480b08510 code [0x0000014480b08780, 0x0000014480b09118]
Event: 2.301 Thread 0x00000144f954f800 2852       3       java.lang.String::replace (42 bytes)
Event: 2.301 Thread 0x00000144f954f800 nmethod 2852 0x0000014480b09490 code [0x0000014480b09660, 0x0000014480b09978]
Event: 2.302 Thread 0x00000144f954e000 nmethod 2850 0x0000014487bfc790 code [0x0000014487bfc920, 0x0000014487bfca18]

GC Heap History (8 events):
Event: 0.431 GC heap before
{Heap before GC invocations=0 (full 0):
 garbage-first heap   total 131072K, used 27648K [0x0000000081800000, 0x0000000100000000)
  region size 1024K, 24 young (24576K), 0 survivors (0K)
 Metaspace       used 12294K, capacity 12341K, committed 12544K, reserved 1060864K
  class space    used 1159K, capacity 1174K, committed 1280K, reserved 1048576K
}
Event: 0.435 GC heap after
{Heap after GC invocations=1 (full 0):
 garbage-first heap   total 131072K, used 6001K [0x0000000081800000, 0x0000000100000000)
  region size 1024K, 3 young (3072K), 3 survivors (3072K)
 Metaspace       used 12294K, capacity 12341K, committed 12544K, reserved 1060864K
  class space    used 1159K, capacity 1174K, committed 1280K, reserved 1048576K
}
Event: 0.914 GC heap before
{Heap before GC invocations=1 (full 0):
 garbage-first heap   total 131072K, used 41841K [0x0000000081800000, 0x0000000100000000)
  region size 1024K, 39 young (39936K), 3 survivors (3072K)
 Metaspace       used 20888K, capacity 21212K, committed 21296K, reserved 1069056K
  class space    used 2269K, capacity 2412K, committed 2432K, reserved 1048576K
}
Event: 0.924 GC heap after
{Heap after GC invocations=2 (full 0):
 garbage-first heap   total 131072K, used 9312K [0x0000000081800000, 0x0000000100000000)
  region size 1024K, 7 young (7168K), 7 survivors (7168K)
 Metaspace       used 20888K, capacity 21212K, committed 21296K, reserved 1069056K
  class space    used 2269K, capacity 2412K, committed 2432K, reserved 1048576K
}
Event: 1.652 GC heap before
{Heap before GC invocations=3 (full 0):
 garbage-first heap   total 131072K, used 64608K [0x0000000081800000, 0x0000000100000000)
  region size 1024K, 56 young (57344K), 7 survivors (7168K)
 Metaspace       used 32341K, capacity 32799K, committed 32944K, reserved 1077248K
  class space    used 4097K, capacity 4293K, committed 4352K, reserved 1048576K
}
Event: 1.668 GC heap after
{Heap after GC invocations=4 (full 0):
 garbage-first heap   total 131072K, used 20614K [0x0000000081800000, 0x0000000100000000)
  region size 1024K, 7 young (7168K), 7 survivors (7168K)
 Metaspace       used 32341K, capacity 32799K, committed 32944K, reserved 1077248K
  class space    used 4097K, capacity 4293K, committed 4352K, reserved 1048576K
}
Event: 1.831 GC heap before
{Heap before GC invocations=4 (full 0):
 garbage-first heap   total 131072K, used 32902K [0x0000000081800000, 0x0000000100000000)
  region size 1024K, 20 young (20480K), 7 survivors (7168K)
 Metaspace       used 35207K, capacity 35690K, committed 35888K, reserved 1081344K
  class space    used 4413K, capacity 4617K, committed 4736K, reserved 1048576K
}
Event: 1.840 GC heap after
{Heap after GC invocations=5 (full 0):
 garbage-first heap   total 131072K, used 19984K [0x0000000081800000, 0x0000000100000000)
  region size 1024K, 6 young (6144K), 6 survivors (6144K)
 Metaspace       used 35207K, capacity 35690K, committed 35888K, reserved 1081344K
  class space    used 4413K, capacity 4617K, committed 4736K, reserved 1048576K
}

Deoptimization events (20 events):
Event: 2.293 Thread 0x00000144eb91e000 Uncommon trap: trap_request=0xffffff4d fr.pc=0x0000014487b0496c relative=0x0000000000000c4c
Event: 2.293 Thread 0x00000144eb91e000 Uncommon trap: reason=unstable_if action=reinterpret pc=0x0000014487b0496c method=java.lang.StringCoding.encodeUTF8(B[BZ)[B @ 2 c2
Event: 2.293 Thread 0x00000144eb91e000 DEOPT PACKING pc=0x0000014487b0496c sp=0x00000039c1bf60d0
Event: 2.293 Thread 0x00000144eb91e000 DEOPT UNPACKING pc=0x00000144800278af sp=0x00000039c1bf5ec0 mode 2
Event: 2.293 Thread 0x00000144eb91e000 Uncommon trap: trap_request=0xffffff4d fr.pc=0x0000014487bb9be0 relative=0x0000000000000280
Event: 2.293 Thread 0x00000144eb91e000 Uncommon trap: reason=unstable_if action=reinterpret pc=0x0000014487bb9be0 method=sun.net.www.ParseUtil.firstEncodeIndex(Ljava/lang/String;)I @ 27 c2
Event: 2.293 Thread 0x00000144eb91e000 DEOPT PACKING pc=0x0000014487bb9be0 sp=0x00000039c1bf6200
Event: 2.293 Thread 0x00000144eb91e000 DEOPT UNPACKING pc=0x00000144800278af sp=0x00000039c1bf6028 mode 2
Event: 2.294 Thread 0x00000144eb91e000 Uncommon trap: trap_request=0xffffff4d fr.pc=0x0000014487b84394 relative=0x00000000000001f4
Event: 2.294 Thread 0x00000144eb91e000 Uncommon trap: reason=unstable_if action=reinterpret pc=0x0000014487b84394 method=java.lang.String.indexOf(II)I @ 4 c2
Event: 2.294 Thread 0x00000144eb91e000 DEOPT PACKING pc=0x0000014487b84394 sp=0x00000039c1bf5e90
Event: 2.294 Thread 0x00000144eb91e000 DEOPT UNPACKING pc=0x00000144800278af sp=0x00000039c1bf5e40 mode 2
Event: 2.294 Thread 0x00000144eb91e000 Uncommon trap: trap_request=0xffffff4d fr.pc=0x0000014487ba3d34 relative=0x0000000000000194
Event: 2.294 Thread 0x00000144eb91e000 Uncommon trap: reason=unstable_if action=reinterpret pc=0x0000014487ba3d34 method=java.lang.String.startsWith(Ljava/lang/String;I)Z @ 46 c2
Event: 2.294 Thread 0x00000144eb91e000 DEOPT PACKING pc=0x0000014487ba3d34 sp=0x00000039c1bf5f90
Event: 2.294 Thread 0x00000144eb91e000 DEOPT UNPACKING pc=0x00000144800278af sp=0x00000039c1bf5ef8 mode 2
Event: 2.294 Thread 0x00000144eb91e000 Uncommon trap: trap_request=0xffffff4d fr.pc=0x0000014487bed82c relative=0x00000000000006cc
Event: 2.294 Thread 0x00000144eb91e000 Uncommon trap: reason=unstable_if action=reinterpret pc=0x0000014487bed82c method=java.lang.String.lastIndexOf(II)I @ 4 c2
Event: 2.294 Thread 0x00000144eb91e000 DEOPT PACKING pc=0x0000014487bed82c sp=0x00000039c1bf6000
Event: 2.294 Thread 0x00000144eb91e000 DEOPT UNPACKING pc=0x00000144800278af sp=0x00000039c1bf5ef0 mode 2

Classes redefined (0 events):
No events

Internal exceptions (20 events):
Event: 0.691 Thread 0x00000144eb91e000 Exception <a 'java/lang/NoSuchMethodError'{0x000000008832eda0}: 'long java.lang.invoke.DelegatingMethodHandle$Holder.reinvoke_L(java.lang.Object, java.lang.Object, java.lang.Object)'> (0x000000008832eda0) thrown at [./src/hotspot/share/interpreter/linkResolver.cpp, line 773]
Event: 0.692 Thread 0x00000144eb91e000 Exception <a 'java/lang/NoSuchMethodError'{0x0000000088338a60}: 'int java.lang.invoke.DirectMethodHandle$Holder.invokeSpecial(java.lang.Object, java.lang.Object, java.lang.Object, java.lang.Object)'> (0x0000000088338a60) thrown at [./src/hotspot/share/interpreter/linkResolver.cpp, line 773]
Event: 0.693 Thread 0x00000144eb91e000 Exception <a 'java/lang/NoSuchMethodError'{0x0000000088347840}: 'int java.lang.invoke.DelegatingMethodHandle$Holder.reinvoke_L(java.lang.Object, java.lang.Object, java.lang.Object, long, int)'> (0x0000000088347840) thrown at [./src/hotspot/share/interpreter/linkResolver.cpp, line 773]
Event: 0.777 Thread 0x00000144eb91e000 Exception <a 'java/lang/NoSuchMethodError'{0x0000000087cb4e40}: 'int java.lang.invoke.DirectMethodHandle$Holder.invokeSpecialIFC(java.lang.Object, java.lang.Object, int)'> (0x0000000087cb4e40) thrown at [./src/hotspot/share/interpreter/linkResolver.cpp, line 773]
Event: 0.926 Thread 0x00000144eb91e000 Exception <a 'java/lang/NoSuchMethodError'{0x0000000089700cf0}: 'java.lang.Object java.lang.invoke.DirectMethodHandle$Holder.invokeStaticInit(java.lang.Object, int)'> (0x0000000089700cf0) thrown at [./src/hotspot/share/interpreter/linkResolver.cpp, line 773]
Event: 0.946 Thread 0x00000144eb91e000 Exception <a 'java/lang/NoSuchMethodError'{0x00000000896c23c8}: 'long java.lang.invoke.DirectMethodHandle$Holder.invokeStatic(java.lang.Object)'> (0x00000000896c23c8) thrown at [./src/hotspot/share/interpreter/linkResolver.cpp, line 773]
Event: 0.946 Thread 0x00000144eb91e000 Exception <a 'java/lang/NoSuchMethodError'{0x00000000896c5220}: 'long java.lang.invoke.DirectMethodHandle$Holder.invokeStaticInit(java.lang.Object)'> (0x00000000896c5220) thrown at [./src/hotspot/share/interpreter/linkResolver.cpp, line 773]
Event: 0.985 Thread 0x00000144eb91e000 Exception <a 'java/lang/NoSuchMethodError'{0x00000000892efe40}: 'int java.lang.invoke.DirectMethodHandle$Holder.invokeStaticInit(java.lang.Object, java.lang.Object, java.lang.Object)'> (0x00000000892efe40) thrown at [./src/hotspot/share/interpreter/linkResolver.cpp, line 773]
Event: 0.988 Thread 0x00000144eb91e000 Exception <a 'java/lang/NoSuchMethodError'{0x000000008911b690}: 'int java.lang.invoke.DirectMethodHandle$Holder.invokeStaticInit(java.lang.Object, java.lang.Object)'> (0x000000008911b690) thrown at [./src/hotspot/share/interpreter/linkResolver.cpp, line 773]
Event: 1.020 Thread 0x00000144eb91e000 Exception <a 'java/lang/NoSuchMethodError'{0x0000000088f2f148}: 'void java.lang.invoke.DirectMethodHandle$Holder.invokeSpecial(java.lang.Object, java.lang.Object)'> (0x0000000088f2f148) thrown at [./src/hotspot/share/interpreter/linkResolver.cpp, line 773]
Event: 1.135 Thread 0x00000144eb91e000 Exception <a 'java/lang/NoSuchMethodError'{0x00000000887517d8}: 'java.lang.Object java.lang.invoke.DirectMethodHandle$Holder.invokeStatic(java.lang.Object, java.lang.Object, java.lang.Object, java.lang.Object, java.lang.Object, java.lang.Object, java.lang.Object, java.lang.Object, java.lang.Object, java.lang.Object, java.lang.Object, java.lang.Object, java.lang.Object, java.lang.Object, java.lang.Object)'> (0x00000000887517d8) thrown at [./src/hotspot/share/interpreter/linkResolver.cpp, line 773]
Event: 1.136 Thread 0x00000144eb91e000 Exception <a 'java/lang/NoSuchMethodError'{0x000000008875f7e0}: 'java.lang.Object java.lang.invoke.DirectMethodHandle$Holder.invokeStatic(java.lang.Object, java.lang.Object, java.lang.Object, java.lang.Object, java.lang.Object, java.lang.Object, java.lang.Object, java.lang.Object, java.lang.Object, java.lang.Object, java.lang.Object, java.lang.Object, java.lang.Object, java.lang.Object, java.lang.Object, java.lang.Object)'> (0x000000008875f7e0) thrown at [./src/hotspot/share/interpreter/linkResolver.cpp, l
Event: 1.137 Thread 0x00000144eb91e000 Exception <a 'java/lang/NoSuchMethodError'{0x000000008876d6f8}: 'java.lang.Object java.lang.invoke.DirectMethodHandle$Holder.invokeSpecial(java.lang.Object, java.lang.Object, int, int, java.lang.Object, java.lang.Object, java.lang.Object)'> (0x000000008876d6f8) thrown at [./src/hotspot/share/interpreter/linkResolver.cpp, line 773]
Event: 1.137 Thread 0x00000144eb91e000 Exception <a 'java/lang/NoSuchMethodError'{0x0000000088770f30}: 'java.lang.Object java.lang.invoke.DelegatingMethodHandle$Holder.reinvoke_L(java.lang.Object, int, int, java.lang.Object, java.lang.Object, java.lang.Object)'> (0x0000000088770f30) thrown at [./src/hotspot/share/interpreter/linkResolver.cpp, line 773]
Event: 1.137 Thread 0x00000144eb91e000 Exception <a 'java/lang/NoSuchMethodError'{0x00000000887752b8}: 'java.lang.Object java.lang.invoke.DirectMethodHandle$Holder.invokeStatic(java.lang.Object, java.lang.Object, java.lang.Object, java.lang.Object, int)'> (0x00000000887752b8) thrown at [./src/hotspot/share/interpreter/linkResolver.cpp, line 773]
Event: 1.167 Thread 0x00000144eb91e000 Exception <a 'java/lang/NoSuchMethodError'{0x000000008869adf8}: 'void java.lang.invoke.DirectMethodHandle$Holder.invokeStatic(java.lang.Object, java.lang.Object, java.lang.Object, java.lang.Object)'> (0x000000008869adf8) thrown at [./src/hotspot/share/interpreter/linkResolver.cpp, line 773]
Event: 1.212 Thread 0x00000144eb91e000 Exception <a 'java/lang/NoSuchMethodError'{0x00000000882788c0}: 'void java.lang.invoke.DirectMethodHandle$Holder.invokeStaticInit(java.lang.Object, java.lang.Object)'> (0x00000000882788c0) thrown at [./src/hotspot/share/interpreter/linkResolver.cpp, line 773]
Event: 1.279 Thread 0x00000144eb91e000 Exception <a 'java/lang/NoSuchMethodError'{0x0000000087d6dd50}: 'void java.lang.invoke.DirectMethodHandle$Holder.invokeVirtual(java.lang.Object, java.lang.Object)'> (0x0000000087d6dd50) thrown at [./src/hotspot/share/interpreter/linkResolver.cpp, line 773]
Event: 1.286 Thread 0x00000144eb91e000 Exception <a 'java/lang/NoSuchMethodError'{0x0000000087debc78}: 'int java.lang.invoke.DirectMethodHandle$Holder.invokeVirtual(java.lang.Object, java.lang.Object)'> (0x0000000087debc78) thrown at [./src/hotspot/share/interpreter/linkResolver.cpp, line 773]
Event: 1.808 Thread 0x00000144eb91e000 Exception <a 'java/lang/NoSuchMethodError'{0x0000000088c29ff8}: 'java.lang.Object java.lang.invoke.DirectMethodHandle$Holder.invokeVirtual(java.lang.Object, java.lang.Object, java.lang.Object)'> (0x0000000088c29ff8) thrown at [./src/hotspot/share/interpreter/linkResolver.cpp, line 773]

Events (20 events):
Event: 2.299 loading class org/jetbrains/kotlin/com/intellij/util/indexing/FileContent
Event: 2.299 loading class org/jetbrains/kotlin/com/intellij/util/indexing/FileContent done
Event: 2.299 loading class org/jetbrains/kotlin/com/intellij/util/indexing/IndexedFile
Event: 2.299 loading class org/jetbrains/kotlin/com/intellij/util/indexing/IndexedFile done
Event: 2.299 loading class org/jetbrains/kotlin/com/intellij/util/indexing/IndexedFileImpl
Event: 2.299 loading class org/jetbrains/kotlin/com/intellij/util/indexing/IndexedFileImpl done
Event: 2.300 loading class org/jetbrains/kotlin/com/intellij/lang/LighterAST
Event: 2.300 loading class org/jetbrains/kotlin/com/intellij/lang/LighterAST done
Event: 2.300 loading class org/jetbrains/kotlin/com/intellij/lang/TreeBackedLighterAST
Event: 2.300 loading class org/jetbrains/kotlin/com/intellij/lang/TreeBackedLighterAST done
Event: 2.301 loading class org/jetbrains/kotlin/com/intellij/openapi/util/NotNullComputable
Event: 2.301 loading class org/jetbrains/kotlin/com/intellij/openapi/util/NotNullComputable done
Event: 2.301 loading class org/jetbrains/kotlin/com/intellij/openapi/util/NotNullComputable
Event: 2.301 loading class org/jetbrains/kotlin/com/intellij/openapi/util/NotNullComputable done
Event: 2.301 loading class org/jetbrains/kotlin/com/intellij/openapi/util/Computable
Event: 2.301 loading class org/jetbrains/kotlin/com/intellij/openapi/util/Computable done
Event: 2.301 loading class org/jetbrains/kotlin/com/intellij/psi/stubs/StubTreeBuilder
Event: 2.301 loading class org/jetbrains/kotlin/com/intellij/psi/stubs/StubTreeBuilder done
Event: 2.302 loading class org/jetbrains/kotlin/com/intellij/util/indexing/SubstitutedFileType
Event: 2.302 loading class org/jetbrains/kotlin/com/intellij/util/indexing/SubstitutedFileType done


Dynamic libraries:
0x00007ff6ece20000 - 0x00007ff6ece2a000 	C:\Program Files\Android\Android Studio\jre\bin\java.exe
0x00007fff43130000 - 0x00007fff43325000 	C:\WINDOWS\SYSTEM32\ntdll.dll
0x00007fff12670000 - 0x00007fff12686000 	C:\Program Files\Avast Software\Avast\aswhook.dll
0x00007fff41e80000 - 0x00007fff41f3e000 	C:\WINDOWS\System32\KERNEL32.DLL
0x00007fff40b10000 - 0x00007fff40dd8000 	C:\WINDOWS\System32\KERNELBASE.dll
0x00007fff40e10000 - 0x00007fff40f10000 	C:\WINDOWS\System32\ucrtbase.dll
0x00007fff22a30000 - 0x00007fff22a49000 	C:\Program Files\Android\Android Studio\jre\bin\jli.dll
0x00007fff29b10000 - 0x00007fff29b27000 	C:\Program Files\Android\Android Studio\jre\bin\VCRUNTIME140.dll
0x00007fff41830000 - 0x00007fff419d1000 	C:\WINDOWS\System32\USER32.dll
0x00007fff40de0000 - 0x00007fff40e02000 	C:\WINDOWS\System32\win32u.dll
0x00007fff423e0000 - 0x00007fff4240b000 	C:\WINDOWS\System32\GDI32.dll
0x00007fff2f0c0000 - 0x00007fff2f35a000 	C:\WINDOWS\WinSxS\amd64_microsoft.windows.common-controls_6595b64144ccf1df_6.0.19041.1110_none_60b5254171f9507e\COMCTL32.dll
0x00007fff40a00000 - 0x00007fff40b0d000 	C:\WINDOWS\System32\gdi32full.dll
0x00007fff425e0000 - 0x00007fff4267e000 	C:\WINDOWS\System32\msvcrt.dll
0x00007fff40f10000 - 0x00007fff40fad000 	C:\WINDOWS\System32\msvcp_win.dll
0x00007fff41e50000 - 0x00007fff41e80000 	C:\WINDOWS\System32\IMM32.DLL
0x00007fff0f450000 - 0x00007fff0f4ed000 	C:\Program Files\Android\Android Studio\jre\bin\msvcp140.dll
0x00007ffefd230000 - 0x00007ffefdcff000 	C:\Program Files\Android\Android Studio\jre\bin\server\jvm.dll
0x00007fff42330000 - 0x00007fff423dc000 	C:\WINDOWS\System32\ADVAPI32.dll
0x00007fff42410000 - 0x00007fff424ab000 	C:\WINDOWS\System32\sechost.dll
0x00007fff420e0000 - 0x00007fff4220a000 	C:\WINDOWS\System32\RPCRT4.dll
0x00007fff42680000 - 0x00007fff42688000 	C:\WINDOWS\System32\PSAPI.DLL
0x00007fff2eee0000 - 0x00007fff2ef07000 	C:\WINDOWS\SYSTEM32\WINMM.dll
0x00007fff2fd10000 - 0x00007fff2fd19000 	C:\WINDOWS\SYSTEM32\WSOCK32.dll
0x00007fff39a70000 - 0x00007fff39a7a000 	C:\WINDOWS\SYSTEM32\VERSION.dll
0x00007fff42070000 - 0x00007fff420db000 	C:\WINDOWS\System32\WS2_32.dll
0x00007fff3f110000 - 0x00007fff3f122000 	C:\WINDOWS\SYSTEM32\kernel.appcore.dll
0x00007fff3a520000 - 0x00007fff3a531000 	C:\Program Files\Android\Android Studio\jre\bin\verify.dll
0x00007fff3edd0000 - 0x00007fff3efb4000 	C:\WINDOWS\SYSTEM32\DBGHELP.DLL
0x00007fff312f0000 - 0x00007fff3131c000 	C:\WINDOWS\SYSTEM32\dbgcore.DLL
0x00007fff40fb0000 - 0x00007fff41032000 	C:\WINDOWS\System32\bcryptPrimitives.dll
0x00007fff26360000 - 0x00007fff26389000 	C:\Program Files\Android\Android Studio\jre\bin\java.dll
0x00007fff3ad00000 - 0x00007fff3ad0b000 	C:\Program Files\Android\Android Studio\jre\bin\jimage.dll
0x00007fff38870000 - 0x00007fff38888000 	C:\Program Files\Android\Android Studio\jre\bin\zip.dll
0x00007fff42690000 - 0x00007fff42dd4000 	C:\WINDOWS\System32\SHELL32.dll
0x00007fff3e560000 - 0x00007fff3ecf4000 	C:\WINDOWS\SYSTEM32\windows.storage.dll
0x00007fff419e0000 - 0x00007fff41d35000 	C:\WINDOWS\System32\combase.dll
0x00007fff401c0000 - 0x00007fff401ee000 	C:\WINDOWS\SYSTEM32\Wldp.dll
0x00007fff42ed0000 - 0x00007fff42f7d000 	C:\WINDOWS\System32\SHCORE.dll
0x00007fff43090000 - 0x00007fff430e5000 	C:\WINDOWS\System32\shlwapi.dll
0x00007fff40780000 - 0x00007fff4079f000 	C:\WINDOWS\SYSTEM32\profapi.dll
0x00007fff2f380000 - 0x00007fff2f39a000 	C:\Program Files\Android\Android Studio\jre\bin\net.dll
0x00007fff31080000 - 0x00007fff3118c000 	C:\WINDOWS\SYSTEM32\WINHTTP.dll
0x00007fff3ff20000 - 0x00007fff3ff8a000 	C:\WINDOWS\system32\mswsock.dll
0x00007fff26340000 - 0x00007fff26354000 	C:\Program Files\Android\Android Studio\jre\bin\nio.dll

dbghelp: loaded successfully - version: 4.0.5 - missing functions: none
symbol engine: initialized successfully - sym options: 0x614 - pdb path: .;C:\Program Files\Android\Android Studio\jre\bin;C:\WINDOWS\SYSTEM32;C:\Program Files\Avast Software\Avast;C:\WINDOWS\WinSxS\amd64_microsoft.windows.common-controls_6595b64144ccf1df_6.0.19041.1110_none_60b5254171f9507e;C:\Program Files\Android\Android Studio\jre\bin\server

VM Arguments:
java_command: org.jetbrains.kotlin.cli.jvm.K2JVMCompiler @E:\AndroidStudioProject\AnNHT2_Mock_Final_FresherAndroid_07\app\build\20220109_12047081901999023599.compiler.options
java_class_path (initial): C:\Users\AnNHT_XDSNViDai\.gradle\caches\modules-2\files-2.1\org.jetbrains.kotlin\kotlin-compiler-embeddable\1.6.0\aa8da3bedc53c89219b84a0b40c7419431a13e76\kotlin-compiler-embeddable-1.6.0.jar;C:\Users\AnNHT_XDSNViDai\.gradle\caches\modules-2\files-2.1\org.jetbrains.kotlin\kotlin-reflect\1.6.0\a215a7f914d5916dc5fd2d45cea16524e0220203\kotlin-reflect-1.6.0.jar;C:\Users\AnNHT_XDSNViDai\.gradle\caches\modules-2\files-2.1\org.jetbrains.kotlin\kotlin-stdlib\1.6.0\a40b8b22529b733892edf4b73468ce598bb17f04\kotlin-stdlib-1.6.0.jar;C:\Users\AnNHT_XDSNViDai\.gradle\caches\modules-2\files-2.1\org.jetbrains.kotlin\kotlin-script-runtime\1.6.0\55f72526ddcff6fc77d72cdf949c7e3d9bd95620\kotlin-script-runtime-1.6.0.jar;C:\Users\AnNHT_XDSNViDai\.gradle\caches\modules-2\files-2.1\org.jetbrains.kotlin\kotlin-daemon-embeddable\1.6.0\d6242b37f4ce6b637d10847c7558446272ec8432\kotlin-daemon-embeddable-1.6.0.jar;C:\Users\AnNHT_XDSNViDai\.gradle\caches\modules-2\files-2.1\org.jetbrains.intellij.deps\trove4j\1.0.20181211\216c2e14b070f334479d800987affe4054cd563f\trove4j-1.0.20181211.jar;C:\Users\AnNHT_XDSNViDai\.gradle\caches\modules-2\files-2.1\net.java.dev.jna\jna\5.6.0\330f2244e9030119ab3030fc3fededc86713d9cc\jna-5.6.0.jar;C:\Users\AnNHT_XDSNViDai\.gradle\caches\modules-2\files-2.1\org.jetbrains\annotations\13.0\919f0dfe192fb4e063e7dacadee7f8bb9a2672a9\annotations-13.0.jar;C:\Users\AnNHT_XDSNViDai\.gradle\caches\modules-2\files-2.1\org.jetbrains.kotlin\kotlin-stdlib-common\1.6.0\7857e365f925cfa060f941c1357cda1f8790502c\kotlin-stdlib-common-1.6.0.jar
Launcher Type: SUN_STANDARD

[Global flags]
     intx CICompilerCount                          = 4                                         {product} {ergonomic}
     uint ConcGCThreads                            = 2                                         {product} {ergonomic}
     uint G1ConcRefinementThreads                  = 8                                         {product} {ergonomic}
   size_t G1HeapRegionSize                         = 1048576                                   {product} {ergonomic}
    uintx GCDrainStackTargetSize                   = 64                                        {product} {ergonomic}
   size_t InitialHeapSize                          = 134217728                                 {product} {ergonomic}
   size_t MarkStackSize                            = 4194304                                   {product} {ergonomic}
   size_t MaxHeapSize                              = 2122317824                                {product} {ergonomic}
   size_t MaxNewSize                               = 1272971264                                {product} {ergonomic}
   size_t MinHeapDeltaBytes                        = 1048576                                   {product} {ergonomic}
    uintx NonNMethodCodeHeapSize                   = 5836300                                {pd product} {ergonomic}
    uintx NonProfiledCodeHeapSize                  = 122910970                              {pd product} {ergonomic}
    uintx ProfiledCodeHeapSize                     = 122910970                              {pd product} {ergonomic}
    uintx ReservedCodeCacheSize                    = 251658240                              {pd product} {ergonomic}
     bool SegmentedCodeCache                       = true                                      {product} {ergonomic}
     bool UseCompressedClassPointers               = true                                 {lp64_product} {ergonomic}
     bool UseCompressedOops                        = true                                 {lp64_product} {ergonomic}
     bool UseG1GC                                  = true                                      {product} {ergonomic}
     bool UseLargePagesIndividualAllocation        = false                                  {pd product} {ergonomic}

Logging:
Log output configuration:
 #0: stdout all=warning uptime,level,tags
 #1: stderr all=off uptime,level,tags

Environment Variables:
PATH=C:\Program Files (x86)\Common Files\Oracle\Java\javapath;C:\Program Files (x86)\Intel\Intel(R) Management Engine Components\iCLS\;C:\Program Files\Intel\Intel(R) Management Engine Components\iCLS\;C:\WINDOWS\system32;C:\WINDOWS;C:\WINDOWS\System32\Wbem;C:\WINDOWS\System32\WindowsPowerShell\v1.0\;C:\Program Files (x86)\Intel\Intel(R) Management Engine Components\DAL;C:\Program Files\Intel\Intel(R) Management Engine Components\DAL;C:\Program Files (x86)\Intel\Intel(R) Management Engine Components\IPT;C:\Program Files\Intel\Intel(R) Management Engine Components\IPT;C:\WINDOWS\System32\OpenSSH\;C:\Program Files\dotnet\;C:\Windows\system32;C:\Program Files\nodejs\;C:\Program Files\Git\cmd;C:\Program Files (x86)\dotnet\;C:\Program Files\VisualSVN Server\bin;C:\Program Files\TortoiseSVN\bin;C:\Users\AnNHT_XDSNViDai\AppData\Local\Programs\Python\Python38-32\Scripts\;C:\Users\AnNHT_XDSNViDai\AppData\Local\Programs\Python\Python38-32\;C:\Users\AnNHT_XDSNViDai\AppData\Local\Microsoft\WindowsApps;C:\Users\AnNHT_XDSNViDai\AppData\Roaming\npm;C:\Users\AnNHT_XDSNViDai\AppData\Local\GitHubDesktop\bin;C:\src\flutter\bin;
USERNAME=AnNHT
OS=Windows_NT
PROCESSOR_IDENTIFIER=Intel64 Family 6 Model 142 Stepping 10, GenuineIntel



---------------  S Y S T E M  ---------------

OS: Windows 10 , 64 bit Build 19041 (10.0.19041.1348)
OS uptime: 3 days 7:56 hours

CPU:total 8 (initial active 8) (4 cores per cpu, 2 threads per core) family 6 model 142 stepping 10 microcode 0xea, cmov, cx8, fxsr, mmx, sse, sse2, sse3, ssse3, sse4.1, sse4.2, popcnt, avx, avx2, aes, clmul, erms, 3dnowpref, lzcnt, ht, tsc, tscinvbit, bmi1, bmi2, adx, fma

Memory: 4k page, system-wide physical 8089M (496M free)
TotalPageFile size 14089M (AvailPageFile size 5M)
current process WorkingSet (physical memory assigned to process): 209M, peak: 209M
current process commit charge ("private bytes"): 297M, peak: 297M

vm_info: OpenJDK 64-Bit Server VM (11.0.10+0-b96-7249189) for windows-amd64 JRE (11.0.10+0-b96-7249189), built on Mar 31 2021 21:44:00 by "builder" with MS VC++ 14.0 (VS2015)

END.
